#data counter step time
0 1 0 0
1 2 1 0
2 3 2 0
1 4 3 0
0 5 4 0
1 6 5 0
2 7 7 0
3 8 8 0
4 9 9 0
5 10 12 0
4 11 14 0
3 12 15 0
2 13 18 0
1 14 20 0
0 15 23 0
1 16 29 1
2 17 30 1
3 18 31 1
2 19 32 1
3 20 34 1
4 21 35 1
3 22 37 1
2 23 38 1
3 24 40 1
2 25 42 1
1 26 44 1
0 27 48 1
1 28 51 2
2 29 53 2
3 30 55 2
2 31 56 2
1 32 59 2
0 33 62 2
1 34 65 3
0 35 66 3
1 36 67 3
0 37 70 3
1 38 71 3
2 39 72 3
3 40 75 3
2 41 76 3
3 42 77 3
4 43 78 3
3 44 79 3
4 45 80 3
5 46 81 3
6 47 83 3
7 48 87 3
8 49 88 3
7 50 89 3
8 51 90 3
7 52 91 3
6 53 93 3
5 54 95 3
4 55 97 3
3 56 101 3
2 57 104 3
1 58 108 3
0 59 109 3
1 60 117 4
2 61 118 4
1 62 119 4
0 63 120 4
1 64 121 4
0 65 124 4
1 66 129 5
0 67 130 5
1 68 132 5
0 69 133 5
1 70 134 5
2 71 135 5
3 72 137 5
2 73 138 5
1 74 141 5
0 75 144 5
1 76 146 5
0 77 148 5
1 78 150 5
0 79 151 5
1 80 152 5
2 81 153 5
3 82 154 5
4 83 157 5
3 84 158 5
2 85 161 5
3 86 164 5
2 87 165 5
3 88 167 5
4 89 169 5
5 90 171 5
4 91 172 5
3 92 174 5
4 93 178 5
3 94 179 5
4 95 181 5
5 96 182 5
4 97 183 5
3 98 186 5
4 99 188 5
5 100 189 5
6 101 190 5
7 102 191 5
8 103 192 5
7 104 194 6
6 105 198 6
5 106 201 6
6 107 204 6
7 108 205 6
8 109 206 6
7 110 207 6
8 111 208 6
9 112 211 6
8 113 212 6
7 114 214 7
8 115 218 7
7 116 220 7
8 117 224 7
7 118 225 7
8 119 226 7
9 120 227 7
10 121 230 7
9 122 231 7
10 123 234 7
9 124 235 7
8 125 236 7
9 126 239 7
8 127 240 7
7 128 242 7
8 129 244 7
9 130 247 7
10 131 249 7
9 132 250 7
10 133 252 7
9 134 253 7
8 135 256 7
9 136 258 7
10 137 259 7
9 138 261 7
8 139 264 7
7 140 266 7
8 141 267 7
7 142 270 7
8 143 272 7
7 144 274 7
6 145 276 7
7 146 280 7
6 147 282 7
7 148 283 7
8 149 284 7
7 150 287 8
8 151 290 8
7 152 292 8
6 153 294 8
7 154 295 8
8 155 296 8
9 156 299 8
10 157 300 8
9 158 302 8
8 159 306 8
7 160 307 8
8 161 310 8
7 162 311 8
8 163 312 8
7 164 314 8
8 165 315 8
7 166 319 8
8 167 321 8
7 168 323 8
6 169 324 8
5 170 326 8
4 171 330 8
5 172 335 8
4 173 337 8
3 174 341 8
2 175 342 8
1 176 344 8
0 177 347 8
1 178 349 8
0 179 351 8
1 180 354 8
2 181 355 8
3 182 356 8
2 183 359 8
1 184 360 8
0 185 363 8
1 186 369 9
2 187 370 9
1 188 371 9
0 189 372 9
1 190 377 9
2 191 378 9
1 192 379 9
2 193 380 9
3 194 381 9
4 195 383 9
3 196 384 9
4 197 385 9
5 198 388 9
6 199 389 9
7 200 390 9
6 201 391 9
7 202 394 9
8 203 396 9
7 204 397 9
8 205 398 9
9 206 399 9
8 207 402 9
9 208 403 9
10 209 405 9
9 210 406 9
8 211 408 9
9 212 410 9
8 213 412 9
7 214 415 9
6 215 417 9
5 216 420 9
4 217 423 9
3 218 425 9
2 219 430 9
1 220 431 9
0 221 434 9
1 222 441 10
0 223 442 10
1 224 443 10
0 225 444 10
1 226 447 10
0 227 448 10
1 228 449 10
2 229 450 10
3 230 451 10
4 231 452 10
5 232 453 10
6 233 456 11
5 234 457 11
4 235 460 11
3 236 463 11
2 237 467 11
1 238 468 11
0 239 472 11
1 240 477 12
0 241 478 12
1 242 480 12
0 243 482 12
1 244 485 12
2 245 486 12
3 246 487 12
4 247 488 12
3 248 489 12
2 249 492 12
1 250 493 12
2 251 497 12
3 252 498 12
2 253 500 12
1 254 501 12
2 255 502 12
3 256 504 12
4 257 505 12
5 258 507 12
4 259 508 12
5 260 509 12
6 261 510 12
7 262 511 12
8 263 512 12
7 264 516 13
6 265 518 13
7 266 520 13
6 267 522 13
7 268 523 13
8 269 525 13
9 270 527 13
8 271 529 13
7 272 531 13
6 273 534 13
5 274 538 13
4 275 539 13
3 276 543 13
2 277 545 13
1 278 548 13
0 279 552 13
1 280 555 14
0 281 558 14
1 282 559 14
2 283 560 14
1 284 561 14
2 285 562 14
3 286 565 14
4 287 566 14
3 288 567 14
4 289 568 14
5 290 570 14
4 291 572 14
3 292 575 14
2 293 577 14
1 294 580 14
0 295 582 14
1 296 587 15
0 297 589 15
1 298 593 16
2 299 594 16
3 300 595 16
2 301 596 16
1 302 597 16
0 303 600 16
1 304 603 16
2 305 604 16
3 306 605 16
2 307 606 16
3 308 607 16
2 309 609 16
3 310 611 16
2 311 613 16
3 312 616 16
2 313 617 16
1 314 620 16
0 315 623 16
1 316 627 17
0 317 629 17
1 318 630 17
2 319 631 17
3 320 632 17
2 321 634 17
3 322 635 17
2 323 636 17
3 324 637 17
4 325 639 17
5 326 640 17
4 327 642 17
3 328 643 17
2 329 645 17
3 330 646 17
2 331 653 18
3 332 654 18
4 333 656 18
3 334 658 18
2 335 659 18
3 336 660 18
2 337 662 18
1 338 664 18
0 339 666 18
1 340 677 19
0 341 678 19
1 342 679 20
0 343 680 20
1 344 681 20
0 345 684 20
1 346 686 20
0 347 687 20
1 348 691 20
0 349 692 20
1 350 695 20
0 351 696 20
1 352 698 20
2 353 699 20
1 354 700 20
2 355 702 20
3 356 705 20
2 357 706 20
3 358 709 20
4 359 710 20
3 360 711 20
4 361 713 20
5 362 714 20
4 363 716 20
5 364 717 20
6 365 720 21
5 366 722 21
4 367 723 21
3 368 729 21
2 369 730 21
1 370 733 21
0 371 736 21
1 372 741 22
2 373 742 22
1 374 743 22
2 375 744 22
3 376 745 22
4 377 747 22
5 378 748 22
4 379 750 22
5 380 752 22
4 381 753 22
5 382 754 22
4 383 758 22
3 384 760 22
2 385 762 22
1 386 766 22
0 387 767 22
1 388 773 23
2 389 774 23
3 390 775 23
2 391 776 23
1 392 777 23
0 393 780 23
1 394 785 24
2 395 786 24
1 396 787 24
0 397 788 24
1 398 789 24
2 399 791 24
3 400 793 24
2 401 795 24
1 402 797 24
0 403 799 24
1 404 803 25
2 405 805 25
1 406 806 25
0 407 807 25
1 408 809 25
0 409 811 25
1 410 812 25
2 411 813 25
1 412 816 25
2 413 817 25
1 414 820 25
2 415 821 25
3 416 823 25
4 417 825 25
3 418 826 25
2 419 830 25
3 420 832 25
4 421 833 25
5 422 834 25
4 423 836 25
5 424 838 25
4 425 841 25
3 426 842 25
4 427 845 25
3 428 847 25
4 429 851 25
3 430 852 25
2 431 854 25
3 432 855 25
4 433 856 25
5 434 857 25
6 435 858 25
7 436 859 25
8 437 860 25
7 438 865 26
8 439 866 26
7 440 867 26
8 441 868 26
9 442 870 26
8 443 872 26
7 444 873 26
8 445 875 26
7 446 878 26
8 447 879 26
7 448 882 26
8 449 883 26
9 450 885 26
8 451 886 26
9 452 891 26
8 453 892 26
7 454 896 27
6 455 897 27
7 456 898 27
8 457 901 27
7 458 904 27
6 459 907 27
5 460 908 27
4 461 912 27
3 462 915 27
4 463 916 27
5 464 919 27
6 465 920 27
5 466 921 27
6 467 922 27
7 468 923 27
8 469 924 27
9 470 926 27
8 471 928 27
7 472 931 27
8 473 932 27
9 474 935 27
8 475 936 27
7 476 938 27
8 477 940 27
7 478 943 28
8 479 944 28
9 480 946 28
8 481 948 28
7 482 951 28
6 483 953 28
7 484 954 28
6 485 955 28
5 486 958 28
4 487 964 28
3 488 967 28
2 489 970 28
1 490 973 28
0 491 976 28
1 492 980 29
0 493 982 29
1 494 984 29
0 495 985 29
1 496 986 29
2 497 988 29
3 498 990 29
2 499 991 29
1 500 993 29
0 501 996 29
1 502 999 30
1 503 1000 30
