#data counter step time
0 1 0 0
1 2 3 0
2 3 4 0
1 4 6 0
0 5 10 0
1 6 14 0
2 7 15 0
1 8 16 0
0 9 17 0
1 10 18 0
0 11 19 0
1 12 20 0
0 13 21 0
1 14 23 0
0 15 27 1
1 16 32 1
0 17 33 1
1 18 37 1
2 19 38 1
1 20 39 1
2 21 42 1
1 22 43 1
2 23 44 1
1 24 46 1
2 25 48 1
1 26 49 1
0 27 52 2
1 28 56 2
0 29 57 2
1 30 59 2
0 31 60 2
1 32 62 2
0 33 63 2
1 34 66 3
0 35 68 3
1 36 70 3
0 37 73 3
1 38 76 3
2 39 79 3
1 40 82 3
0 41 85 3
1 42 89 3
2 43 91 3
1 44 92 3
2 45 93 3
1 46 94 3
2 47 95 3
1 48 96 3
2 49 97 3
1 50 98 3
0 51 100 3
1 52 101 3
0 53 102 3
1 54 104 3
0 55 107 3
1 56 108 3
2 57 109 3
1 58 111 3
0 59 112 3
1 60 119 4
2 61 120 4
1 62 122 4
2 63 124 4
1 64 125 4
0 65 127 5
1 66 130 5
0 67 131 5
1 68 133 5
0 69 136 5
1 70 138 5
2 71 141 5
1 72 142 5
2 73 144 5
1 74 145 5
2 75 148 5
1 76 149 5
2 77 151 5
1 78 155 5
2 79 158 5
1 80 160 5
2 81 161 5
1 82 163 5
2 83 165 5
1 84 168 5
2 85 172 5
1 86 173 5
2 87 174 5
1 88 175 5
2 89 179 5
1 90 180 5
2 91 183 5
1 92 185 5
2 93 186 5
1 94 193 6
2 95 194 6
1 96 195 6
2 97 198 6
1 98 199 6
2 99 201 6
1 100 202 6
2 101 207 6
1 102 209 6
2 103 212 6
1 104 213 7
2 105 214 7
1 106 215 7
0 107 216 7
1 108 220 7
0 109 222 7
1 110 225 7
0 111 228 7
1 112 231 7
0 113 232 7
1 114 235 7
2 115 236 7
1 116 237 7
0 117 238 7
1 118 240 7
0 119 241 7
1 120 242 7
0 121 243 7
1 122 250 7
0 123 251 7
1 124 253 7
0 125 254 7
1 126 256 7
0 127 257 7
1 128 261 7
2 129 264 7
1 130 265 7
2 131 266 7
1 132 268 7
2 133 270 7
1 134 273 7
2 135 274 7
1 136 275 7
2 137 276 7
1 138 278 7
2 139 282 7
1 140 285 8
0 141 286 8
1 142 287 8
0 143 288 8
1 144 292 8
2 145 294 8
1 146 297 8
0 147 298 8
1 148 302 8
0 149 304 8
1 150 306 8
2 151 307 8
1 152 308 8
2 153 311 8
1 154 313 8
2 155 314 8
1 156 317 8
0 157 318 8
1 158 319 8
0 159 320 8
1 160 323 8
2 161 324 8
1 162 325 8
2 163 326 8
1 164 327 8
0 165 328 8
1 166 330 8
0 167 333 8
1 168 337 8
0 169 338 8
1 170 341 8
2 171 342 8
1 172 343 8
2 173 344 8
1 174 345 8
0 175 346 8
1 176 347 8
0 177 348 8
1 178 351 8
0 179 357 8
1 180 359 8
2 181 360 8
1 182 362 8
2 183 363 8
1 184 365 8
0 185 367 8
1 186 371 9
2 187 372 9
1 188 373 9
0 189 374 9
1 190 379 9
0 191 382 9
1 192 384 9
0 193 387 9
1 194 391 9
0 195 392 9
1 196 397 9
0 197 400 9
1 198 402 9
0 199 404 9
1 200 406 9
2 201 408 9
1 202 409 9
2 203 412 9
1 204 413 9
2 205 415 9
1 206 416 9
2 207 417 9
1 208 419 9
2 209 420 9
1 210 422 9
2 211 423 9
1 212 424 9
2 213 425 9
1 214 426 9
0 215 428 9
1 216 430 9
2 217 431 9
1 218 432 9
0 219 433 9
1 220 434 9
0 221 437 9
1 222 442 10
2 223 444 10
1 224 445 10
2 225 448 10
1 226 454 11
2 227 457 11
1 228 458 11
0 229 459 11
1 230 460 11
2 231 463 11
1 232 464 11
0 233 466 11
1 234 467 11
2 235 468 11
1 236 470 11
0 237 471 11
1 238 472 11
0 239 473 11
1 240 478 12
0 241 479 12
1 242 482 12
0 243 483 12
1 244 489 12
0 245 490 12
1 246 492 12
2 247 493 12
1 248 494 12
0 249 496 12
1 250 500 12
2 251 501 12
1 252 503 12
2 253 508 12
1 254 513 13
0 255 515 13
1 256 516 13
0 257 517 13
1 258 518 13
0 259 519 13
1 260 522 13
0 261 524 13
1 262 529 13
0 263 530 13
1 264 531 13
2 265 534 13
1 266 535 13
0 267 537 13
1 268 538 13
2 269 539 13
1 270 541 13
2 271 543 13
1 272 544 13
2 273 545 13
1 274 547 13
2 275 548 13
1 276 549 13
2 277 552 13
1 278 553 13
0 279 556 14
1 280 558 14
2 281 561 14
1 282 563 14
2 283 567 14
1 284 569 14
2 285 572 14
1 286 573 14
2 287 575 14
1 288 576 14
2 289 577 14
1 290 579 14
2 291 580 14
1 292 581 14
2 293 582 14
1 294 584 14
0 295 588 15
1 296 589 15
0 297 591 15
1 298 596 16
2 299 597 16
1 300 598 16
2 301 600 16
1 302 601 16
2 303 606 16
1 304 608 16
2 305 609 16
1 306 612 16
2 307 613 16
1 308 614 16
2 309 617 16
1 310 619 16
2 311 620 16
1 312 622 16
2 313 623 16
1 314 625 16
0 315 628 17
1 316 629 17
0 317 633 17
1 318 634 17
2 319 636 17
1 320 638 17
0 321 641 17
1 322 642 17
2 323 643 17
1 324 644 17
2 325 645 17
1 326 652 18
2 327 653 18
1 328 655 18
0 329 657 18
1 330 658 18
2 331 659 18
1 332 661 18
2 333 662 18
1 334 663 18
2 335 664 18
1 336 665 18
2 337 666 18
1 338 667 18
0 339 670 18
1 340 678 19
2 341 680 20
1 342 682 20
2 343 684 20
1 344 685 20
2 345 687 20
1 346 688 20
2 347 692 20
1 348 693 20
2 349 696 20
1 350 697 20
2 351 700 20
1 352 703 20
2 353 706 20
1 354 707 20
2 355 711 20
1 356 712 20
2 357 716 20
1 358 718 21
0 359 719 21
1 360 722 21
2 361 723 21
1 362 724 21
0 363 727 21
1 364 729 21
2 365 730 21
1 366 731 21
2 367 733 21
1 368 734 21
0 369 735 21
1 370 736 21
0 371 738 21
1 372 743 22
0 373 746 22
1 374 750 22
0 375 751 22
1 376 753 22
0 377 755 22
1 378 758 22
0 379 759 22
1 380 760 22
2 381 762 22
1 382 763 22
0 383 765 22
1 384 766 22
2 385 767 22
1 386 768 22
0 387 771 22
1 388 776 23
2 389 777 23
1 390 778 23
0 391 779 23
1 392 780 23
0 393 782 23
1 394 787 24
2 395 788 24
1 396 790 24
0 397 794 24
1 398 795 24
2 399 797 24
1 400 798 24
2 401 799 24
1 402 801 25
0 403 802 25
1 404 806 25
2 405 807 25
1 406 808 25
2 407 811 25
1 408 814 25
2 409 816 25
1 410 819 25
2 411 820 25
1 412 824 25
2 413 826 25
1 414 828 25
0 415 829 25
1 416 830 25
0 417 835 25
1 418 836 25
0 419 837 25
1 420 841 25
2 421 842 25
1 422 844 25
2 423 847 25
1 424 848 25
0 425 850 25
1 426 852 25
2 427 854 25
1 428 861 26
0 429 862 26
1 430 865 26
2 431 867 26
1 432 869 26
0 433 871 26
1 434 872 26
2 435 873 26
1 436 877 26
2 437 878 26
1 438 880 26
2 439 882 26
1 440 884 26
2 441 886 26
1 442 888 26
2 443 892 26
1 444 893 27
0 445 894 27
1 446 896 27
2 447 897 27
1 448 899 27
0 449 900 27
1 450 904 27
0 451 905 27
1 452 907 27
2 453 908 27
1 454 910 27
2 455 912 27
1 456 913 27
2 457 915 27
1 458 917 27
2 459 921 27
1 460 925 27
2 461 928 27
1 462 929 27
2 463 931 27
1 464 933 27
2 465 936 27
1 466 937 27
2 467 938 27
1 468 941 28
0 469 942 28
1 470 943 28
2 471 948 28
1 472 949 28
0 473 950 28
1 474 951 28
0 475 952 28
1 476 953 28
2 477 955 28
1 478 956 28
2 479 958 28
1 480 962 28
2 481 964 28
1 482 965 28
2 483 967 28
1 484 968 28
2 485 970 28
1 486 971 28
2 487 973 28
1 488 974 28
2 489 976 28
1 490 977 28
0 491 979 29
1 492 982 29
0 493 983 29
1 494 985 29
0 495 989 29
1 496 991 29
2 497 993 29
1 498 994 29
2 499 996 29
1 500 997 29
0 501 1000 30
0 502 1000 30
