#data counter step time
2 1 0 0
1 2 1 0
0 3 2 0
1 4 5 0
0 5 6 0
1 6 8 0
0 7 9 0
1 8 11 0
0 9 13 0
1 10 17 0
2 11 18 0
1 12 19 0
0 13 20 0
1 14 21 0
0 15 22 0
1 16 23 0
0 17 24 0
1 18 25 0
0 19 26 0
1 20 28 0
0 21 30 0
1 22 31 0
0 23 32 0
1 24 37 1
0 25 38 1
1 26 40 1
2 27 41 1
1 28 44 1
0 29 45 1
1 30 46 1
0 31 47 1
1 32 48 1
2 33 49 1
1 34 50 1
2 35 51 1
1 36 52 1
2 37 54 1
1 38 56 1
0 39 57 1
1 40 59 1
2 41 60 1
1 42 62 1
2 43 63 1
1 44 64 1
0 45 65 1
1 46 66 1
0 47 67 1
1 48 69 1
0 49 70 1
1 50 74 2
2 51 75 2
1 52 77 2
2 53 79 2
1 54 82 2
2 55 83 2
1 56 84 2
2 57 85 2
1 58 86 2
0 59 88 2
1 60 90 2
0 61 91 2
1 62 92 2
0 63 93 2
1 64 94 2
0 65 95 2
1 66 96 2
2 67 97 2
1 68 98 2
0 69 99 2
1 70 101 2
0 71 102 2
1 72 103 2
0 73 104 2
1 74 105 2
2 75 106 2
1 76 107 2
0 77 108 2
1 78 109 2
0 79 110 2
1 80 111 2
2 81 112 2
1 82 113 2
2 83 114 2
1 84 115 2
2 85 116 2
1 86 117 2
0 87 118 2
1 88 119 2
0 89 120 2
1 90 121 2
0 91 122 2
1 92 123 2
0 93 124 2
1 94 125 2
0 95 126 2
1 96 127 2
0 97 128 2
1 98 129 2
0 99 130 2
1 100 131 2
0 101 132 2
1 102 133 2
2 103 134 2
1 104 135 2
0 105 136 2
1 106 137 2
0 107 138 2
1 108 139 2
2 109 140 2
1 110 141 2
2 111 142 2
1 112 143 2
0 113 144 2
1 114 145 2
0 115 146 2
1 116 147 2
0 117 148 2
1 118 149 2
2 119 150 2
1 120 151 2
0 121 152 2
1 122 153 2
0 123 154 2
1 124 155 2
2 125 156 2
1 126 157 2
2 127 158 2
1 128 159 2
2 129 160 2
1 130 161 2
0 131 162 2
1 132 163 2
2 133 164 2
1 134 165 2
2 135 166 2
1 136 167 2
2 137 168 2
1 138 169 2
2 139 170 2
1 140 171 2
0 141 172 2
1 142 173 2
2 143 174 2
1 144 175 2
0 145 176 2
1 146 177 2
0 147 178 2
1 148 179 2
0 149 180 2
1 150 181 2
0 151 182 2
1 152 183 2
0 153 184 2
1 154 185 2
0 155 186 2
1 156 187 2
2 157 188 2
1 158 189 2
0 159 190 2
1 160 191 2
2 161 192 2
1 162 193 2
0 163 194 2
1 164 195 2
0 165 196 2
1 166 197 2
0 167 198 2
1 168 199 2
0 169 200 2
1 170 201 2
2 171 202 2
1 172 203 2
2 173 204 2
1 174 205 2
2 175 206 2
1 176 207 2
2 177 208 2
1 178 209 2
2 179 210 2
1 180 211 2
2 181 212 2
1 182 213 2
2 183 214 2
1 184 215 2
2 185 216 2
1 186 217 2
2 187 218 2
1 188 219 2
0 189 220 2
1 190 221 2
2 191 222 2
1 192 223 2
0 193 224 2
1 194 225 2
0 195 226 2
1 196 227 2
2 197 228 2
1 198 229 2
2 199 230 2
1 200 231 2
2 201 232 2
1 202 233 2
2 203 234 2
1 204 235 2
2 205 236 2
1 206 237 2
0 207 238 2
1 208 239 2
2 209 240 2
1 210 241 2
2 211 242 2
1 212 243 2
2 213 244 2
1 214 245 2
0 215 246 2
1 216 247 2
2 217 248 2
1 218 249 2
2 219 250 2
1 220 251 2
0 221 252 2
1 222 253 2
0 223 254 2
1 224 255 2
2 225 256 2
1 226 257 2
2 227 258 2
1 228 259 2
0 229 260 2
1 230 261 2
2 231 262 2
1 232 263 2
2 233 264 2
1 234 265 2
2 235 266 2
1 236 267 2
2 237 268 2
1 238 269 2
0 239 270 2
1 240 271 2
2 241 272 2
1 242 273 2
2 243 274 2
1 244 275 2
0 245 276 2
1 246 277 2
0 247 278 2
1 248 279 2
2 249 280 2
1 250 281 2
2 251 282 2
1 252 283 2
2 253 284 2
1 254 285 2
2 255 286 2
1 256 287 2
2 257 288 2
1 258 289 2
0 259 290 2
1 260 291 2
2 261 292 2
1 262 293 2
0 263 294 2
1 264 295 2
0 265 296 2
1 266 297 2
2 267 298 2
1 268 299 2
0 269 300 2
1 270 301 2
0 271 302 2
1 272 303 2
2 273 304 2
1 274 305 2
0 275 306 2
1 276 307 2
2 277 308 2
1 278 309 2
0 279 310 2
1 280 311 2
2 281 312 2
1 282 313 2
0 283 314 2
1 284 315 2
2 285 316 2
1 286 317 2
0 287 318 2
1 288 319 2
2 289 320 2
1 290 321 2
0 291 322 2
1 292 323 2
2 293 324 2
1 294 325 2
0 295 326 2
1 296 327 2
2 297 328 2
1 298 329 2
2 299 330 2
1 300 331 2
0 301 332 2
1 302 333 2
2 303 334 2
1 304 335 2
2 305 336 2
1 306 337 2
0 307 338 2
1 308 339 2
2 309 340 2
1 310 341 2
0 311 342 2
1 312 343 2
2 313 344 2
1 314 345 2
2 315 346 2
1 316 347 2
0 317 348 2
1 318 349 2
0 319 350 2
1 320 351 2
0 321 352 2
1 322 353 2
2 323 354 2
1 324 355 2
0 325 356 2
1 326 357 2
0 327 358 2
1 328 359 2
0 329 360 2
1 330 361 2
2 331 362 2
1 332 363 2
2 333 364 2
1 334 365 2
2 335 366 2
1 336 367 2
0 337 368 2
1 338 369 2
2 339 370 2
1 340 371 2
2 341 372 2
1 342 373 2
0 343 374 2
1 344 375 2
0 345 376 2
1 346 377 2
2 347 378 2
1 348 379 2
0 349 380 2
1 350 381 2
2 351 382 2
1 352 383 2
0 353 384 2
1 354 385 2
2 355 386 2
1 356 387 2
2 357 388 2
1 358 389 2
0 359 390 2
1 360 391 2
2 361 392 2
1 362 393 2
0 363 394 2
1 364 395 2
0 365 396 2
1 366 397 2
0 367 398 2
1 368 399 2
2 369 400 2
1 370 401 2
0 371 402 2
1 372 403 2
0 373 404 2
1 374 405 2
2 375 406 2
1 376 407 2
2 377 408 2
1 378 409 2
0 379 410 2
1 380 411 2
0 381 412 2
1 382 413 2
0 383 414 2
1 384 415 2
2 385 416 2
1 386 417 2
0 387 418 2
1 388 419 2
0 389 420 2
1 390 421 2
2 391 422 2
1 392 423 2
2 393 424 2
1 394 425 2
0 395 426 2
1 396 427 2
2 397 428 2
1 398 429 2
2 399 430 2
1 400 431 2
0 401 432 2
1 402 433 2
0 403 434 2
1 404 435 2
0 405 436 2
1 406 437 2
0 407 438 2
1 408 439 2
0 409 440 2
1 410 441 2
2 411 442 2
1 412 443 2
0 413 444 2
1 414 445 2
2 415 446 2
1 416 447 2
0 417 448 2
1 418 449 2
2 419 450 2
1 420 451 2
0 421 452 2
1 422 453 2
0 423 454 2
1 424 455 2
0 425 456 2
1 426 457 2
2 427 458 2
1 428 459 2
2 429 460 2
1 430 461 2
2 431 462 2
1 432 463 2
2 433 464 2
1 434 465 2
2 435 466 2
1 436 467 2
0 437 468 2
1 438 469 2
0 439 470 2
1 440 471 2
0 441 472 2
1 442 473 2
0 443 474 2
1 444 475 2
2 445 476 2
1 446 477 2
2 447 478 2
1 448 479 2
2 449 480 2
1 450 481 2
2 451 482 2
1 452 483 2
0 453 484 2
1 454 485 2
2 455 486 2
1 456 487 2
2 457 488 2
1 458 489 2
0 459 490 2
1 460 491 2
2 461 492 2
1 462 493 2
2 463 494 2
1 464 495 2
2 465 496 2
1 466 497 2
0 467 498 2
1 468 499 2
2 469 500 2
1 470 501 2
0 471 502 2
1 472 503 2
0 473 504 2
1 474 505 2
0 475 506 2
1 476 507 2
0 477 508 2
1 478 509 2
0 479 510 2
1 480 511 2
0 481 512 2
1 482 513 2
0 483 514 2
1 484 515 2
2 485 516 2
1 486 517 2
2 487 518 2
1 488 519 2
0 489 520 2
1 490 521 2
2 491 522 2
1 492 523 2
0 493 524 2
1 494 525 2
0 495 526 2
1 496 527 2
0 497 528 2
1 498 529 2
2 499 530 2
1 500 531 2
0 501 532 2
1 502 533 2
2 503 534 2
1 504 535 2
2 505 536 2
1 506 537 2
0 507 538 2
1 508 539 2
2 509 540 2
1 510 541 2
2 511 542 2
1 512 543 2
2 513 544 2
1 514 545 2
2 515 546 2
1 516 547 2
2 517 548 2
1 518 549 2
0 519 550 2
1 520 551 2
0 521 552 2
1 522 553 2
0 523 554 2
1 524 555 2
2 525 556 2
1 526 557 2
0 527 558 2
1 528 559 2
2 529 560 2
1 530 561 2
0 531 562 2
1 532 563 2
2 533 564 2
1 534 565 2
0 535 566 2
1 536 567 2
0 537 568 2
1 538 569 2
2 539 570 2
1 540 571 2
2 541 572 2
1 542 573 2
2 543 574 2
1 544 575 2
0 545 576 2
1 546 577 2
0 547 578 2
1 548 579 2
0 549 580 2
1 550 581 2
0 551 582 2
1 552 583 2
0 553 584 2
1 554 585 2
2 555 586 2
1 556 587 2
0 557 588 2
1 558 589 2
0 559 590 2
1 560 591 2
2 561 592 2
1 562 593 2
2 563 594 2
1 564 595 2
2 565 596 2
1 566 597 2
0 567 598 2
1 568 599 2
2 569 600 2
1 570 601 2
0 571 602 2
1 572 603 2
0 573 604 2
1 574 605 2
0 575 606 2
1 576 607 2
2 577 608 2
1 578 609 2
0 579 610 2
1 580 611 2
0 581 612 2
1 582 613 2
2 583 614 2
1 584 615 2
0 585 616 2
1 586 617 2
2 587 618 2
1 588 619 2
0 589 620 2
1 590 621 2
2 591 622 2
1 592 623 2
2 593 624 2
1 594 625 2
0 595 626 2
1 596 627 2
2 597 628 2
1 598 629 2
2 599 630 2
1 600 631 2
0 601 632 2
1 602 633 2
0 603 634 2
1 604 635 2
0 605 636 2
1 606 637 2
0 607 638 2
1 608 639 2
2 609 640 2
1 610 641 2
0 611 642 2
1 612 643 2
2 613 644 2
1 614 645 2
0 615 646 2
1 616 647 2
0 617 648 2
1 618 649 2
0 619 650 2
1 620 651 2
0 621 652 2
1 622 653 2
2 623 654 2
1 624 655 2
0 625 656 2
1 626 657 2
2 627 658 2
1 628 659 2
0 629 660 2
1 630 661 2
2 631 662 2
1 632 663 2
0 633 664 2
1 634 665 2
0 635 666 2
1 636 667 2
2 637 668 2
1 638 669 2
0 639 670 2
1 640 671 2
0 641 672 2
1 642 673 2
0 643 674 2
1 644 675 2
0 645 676 2
1 646 677 2
0 647 678 2
1 648 679 2
2 649 680 2
1 650 681 2
2 651 682 2
1 652 683 2
0 653 684 2
1 654 685 2
0 655 686 2
1 656 687 2
2 657 688 2
1 658 689 2
2 659 690 2
1 660 691 2
2 661 692 2
1 662 693 2
0 663 694 2
1 664 695 2
0 665 696 2
1 666 697 2
0 667 698 2
1 668 699 2
0 669 700 2
1 670 701 2
0 671 702 2
1 672 703 2
2 673 704 2
1 674 705 2
2 675 706 2
1 676 707 2
0 677 708 2
1 678 709 2
2 679 710 2
1 680 711 2
2 681 712 2
1 682 713 2
2 683 714 2
1 684 715 2
0 685 716 2
1 686 717 2
2 687 718 2
1 688 719 2
2 689 720 2
1 690 721 2
2 691 722 2
1 692 723 2
2 693 724 2
1 694 725 2
0 695 726 2
1 696 727 2
0 697 728 2
1 698 729 2
2 699 730 2
1 700 731 2
0 701 732 2
1 702 733 2
2 703 734 2
1 704 735 2
0 705 736 2
1 706 737 2
2 707 738 2
1 708 739 2
0 709 740 2
1 710 741 2
0 711 742 2
1 712 743 2
2 713 744 2
1 714 745 2
0 715 746 2
1 716 747 2
2 717 748 2
1 718 749 2
0 719 750 2
1 720 751 2
0 721 752 2
1 722 753 2
2 723 754 2
1 724 755 2
2 725 756 2
1 726 757 2
2 727 758 2
1 728 759 2
0 729 760 2
1 730 761 2
2 731 762 2
1 732 763 2
2 733 764 2
1 734 765 2
0 735 766 2
1 736 767 2
2 737 768 2
1 738 769 2
0 739 770 2
1 740 771 2
2 741 772 2
1 742 773 2
0 743 774 2
1 744 775 2
0 745 776 2
1 746 777 2
0 747 778 2
1 748 779 2
0 749 780 2
1 750 781 2
0 751 782 2
1 752 783 2
2 753 784 2
1 754 785 2
2 755 786 2
1 756 787 2
0 757 788 2
1 758 789 2
2 759 790 2
1 760 791 2
0 761 792 2
1 762 793 2
2 763 794 2
1 764 795 2
0 765 796 2
1 766 797 2
2 767 798 2
1 768 799 2
2 769 800 2
1 770 801 2
2 771 802 2
1 772 803 2
0 773 804 2
1 774 805 2
2 775 806 2
1 776 807 2
0 777 808 2
1 778 809 2
0 779 810 2
1 780 811 2
0 781 812 2
1 782 813 2
0 783 814 2
1 784 815 2
2 785 816 2
1 786 817 2
0 787 818 2
1 788 819 2
2 789 820 2
1 790 821 2
2 791 822 2
1 792 823 2
0 793 824 2
1 794 825 2
0 795 826 2
1 796 827 2
0 797 828 2
1 798 829 2
2 799 830 2
1 800 831 2
0 801 832 2
1 802 833 2
0 803 834 2
1 804 835 2
0 805 836 2
1 806 837 2
2 807 838 2
1 808 839 2
2 809 840 2
1 810 841 2
0 811 842 2
1 812 843 2
0 813 844 2
1 814 845 2
2 815 846 2
1 816 847 2
0 817 848 2
1 818 849 2
2 819 850 2
1 820 851 2
2 821 852 2
1 822 853 2
2 823 854 2
1 824 855 2
0 825 856 2
1 826 857 2
0 827 858 2
1 828 859 2
2 829 860 2
1 830 861 2
2 831 862 2
1 832 863 2
2 833 864 2
1 834 865 2
0 835 866 2
1 836 867 2
2 837 868 2
1 838 869 2
2 839 870 2
1 840 871 2
2 841 872 2
1 842 873 2
2 843 874 2
1 844 875 2
0 845 876 2
1 846 877 2
0 847 878 2
1 848 879 2
2 849 880 2
1 850 881 2
2 851 882 2
1 852 883 2
2 853 884 2
1 854 885 2
0 855 886 2
1 856 887 2
2 857 888 2
1 858 889 2
0 859 890 2
1 860 891 2
0 861 892 2
1 862 893 2
2 863 894 2
1 864 895 2
2 865 896 2
1 866 897 2
2 867 898 2
1 868 899 2
0 869 900 2
1 870 901 2
0 871 902 2
1 872 903 2
0 873 904 2
1 874 905 2
0 875 906 2
1 876 907 2
2 877 908 2
1 878 909 2
2 879 910 2
1 880 911 2
2 881 912 2
1 882 913 2
0 883 914 2
1 884 915 2
2 885 916 2
1 886 917 2
0 887 918 2
1 888 919 2
0 889 920 2
1 890 921 2
2 891 922 2
1 892 923 2
0 893 924 2
1 894 925 2
0 895 926 2
1 896 927 2
2 897 928 2
1 898 929 2
0 899 930 2
1 900 931 2
0 901 932 2
1 902 933 2
2 903 934 2
1 904 935 2
2 905 936 2
1 906 937 2
2 907 938 2
1 908 939 2
0 909 940 2
1 910 941 2
2 911 942 2
1 912 943 2
2 913 944 2
1 914 945 2
0 915 946 2
1 916 947 2
0 917 948 2
1 918 949 2
0 919 950 2
1 920 951 2
0 921 952 2
1 922 953 2
0 923 954 2
1 924 955 2
2 925 956 2
1 926 957 2
2 927 958 2
1 928 959 2
2 929 960 2
1 930 961 2
2 931 962 2
1 932 963 2
0 933 964 2
1 934 965 2
0 935 966 2
1 936 967 2
0 937 968 2
1 938 969 2
0 939 970 2
1 940 971 2
0 941 972 2
1 942 973 2
2 943 974 2
1 944 975 2
2 945 976 2
1 946 977 2
0 947 978 2
1 948 979 2
2 949 980 2
1 950 981 2
2 951 982 2
1 952 983 2
2 953 984 2
1 954 985 2
2 955 986 2
1 956 987 2
0 957 988 2
1 958 989 2
0 959 990 2
1 960 991 2
2 961 992 2
1 962 993 2
0 963 994 2
1 964 995 2
2 965 996 2
1 966 997 2
0 967 998 2
1 968 999 2
2 969 1000 2
2 970 1000 2
