#data counter step time
0 1 0 0
1 2 1 0
2 3 2 0
1 4 3 0
0 5 5 0
1 6 9 0
2 7 10 0
1 8 11 0
2 9 13 0
1 10 15 0
2 11 17 0
3 12 19 0
2 13 20 0
1 14 21 0
0 15 23 1
1 16 25 1
0 17 27 1
1 18 30 1
2 19 31 1
3 20 33 1
2 21 34 1
3 22 35 1
4 23 36 1
5 24 37 1
6 25 38 1
5 26 40 1
6 27 42 1
7 28 43 1
8 29 44 1
9 30 49 2
8 31 50 2
9 32 52 2
8 33 53 2
9 34 55 2
10 35 57 2
9 36 59 2
8 37 60 2
9 38 63 2
8 39 64 2
9 40 67 2
8 41 68 2
7 42 70 2
8 43 72 2
7 44 74 2
8 45 75 2
7 46 79 2
8 47 80 2
7 48 83 2
6 49 85 2
7 50 87 2
8 51 88 2
9 52 91 3
8 53 92 3
7 54 93 3
6 55 96 3
7 56 97 3
8 57 99 3
7 58 101 3
8 59 102 3
9 60 106 3
8 61 107 3
9 62 110 3
8 63 113 3
7 64 114 3
6 65 117 3
7 66 120 3
8 67 122 3
7 68 124 3
8 69 125 3
7 70 129 3
6 71 130 3
5 72 132 3
6 73 134 3
7 74 136 3
6 75 138 3
7 76 141 3
8 77 142 3
7 78 143 3
8 79 144 3
7 80 147 3
8 81 148 3
7 82 150 3
8 83 151 3
7 84 154 3
8 85 155 3
9 86 158 4
10 87 160 4
9 88 161 4
8 89 162 4
7 90 164 4
8 91 166 4
7 92 173 4
6 93 176 4
5 94 177 4
4 95 180 4
3 96 182 4
2 97 183 4
1 98 186 4
0 99 188 4
1 100 195 5
0 101 198 5
1 102 200 5
2 103 202 5
1 104 203 5
0 105 206 5
1 106 208 5
0 107 210 5
1 108 213 5
2 109 214 5
1 110 215 5
2 111 218 5
1 112 219 5
2 113 220 5
1 114 221 5
2 115 223 5
1 116 224 5
2 117 226 5
3 118 227 5
2 119 231 5
1 120 233 5
0 121 235 5
1 122 241 6
2 123 242 6
1 124 243 6
0 125 245 6
1 126 248 6
2 127 250 6
3 128 251 6
2 129 252 6
1 130 254 6
2 131 256 6
3 132 257 6
4 133 258 6
3 134 259 6
4 135 260 6
5 136 261 6
4 137 263 6
5 138 266 6
4 139 267 6
3 140 270 6
2 141 273 6
3 142 276 7
2 143 280 7
1 144 282 7
0 145 286 7
1 146 289 8
0 147 290 8
1 148 291 8
0 149 292 8
1 150 293 8
2 151 294 8
3 152 295 8
2 153 298 8
3 154 300 8
4 155 301 8
3 156 303 8
4 157 304 8
3 158 307 8
2 159 309 8
1 160 313 8
0 161 316 8
1 162 320 9
2 163 321 9
3 164 322 9
4 165 323 9
5 166 324 9
4 167 325 9
3 168 327 9
2 169 328 9
3 170 331 9
4 171 333 9
5 172 334 9
4 173 335 9
3 174 338 9
4 175 339 9
3 176 340 9
4 177 342 9
3 178 343 9
2 179 347 9
1 180 353 9
0 181 355 9
1 182 358 10
2 183 360 10
1 184 361 10
2 185 362 10
1 186 364 10
2 187 366 10
3 188 371 10
4 189 372 10
3 190 373 10
4 191 375 10
3 192 376 10
4 193 378 10
5 194 379 10
6 195 380 10
5 196 381 10
4 197 382 10
5 198 383 10
4 199 386 10
3 200 390 10
2 201 392 10
1 202 393 10
2 203 395 10
3 204 396 10
4 205 400 10
5 206 402 10
4 207 403 10
5 208 404 10
4 209 405 10
5 210 406 10
6 211 408 10
7 212 409 10
8 213 410 10
9 214 411 10
8 215 412 10
9 216 414 10
8 217 415 10
9 218 417 10
8 219 424 10
7 220 426 11
6 221 429 11
5 222 434 11
4 223 435 11
3 224 439 11
4 225 442 11
3 226 443 11
4 227 444 11
3 228 445 11
4 229 451 11
5 230 453 11
6 231 454 11
5 232 455 11
6 233 458 11
5 234 459 11
4 235 460 11
3 236 463 11
4 237 466 11
5 238 468 11
6 239 469 11
7 240 470 11
6 241 472 11
7 242 473 11
8 243 476 11
9 244 477 11
8 245 478 11
7 246 479 11
8 247 480 11
9 248 482 11
8 249 486 11
7 250 487 11
8 251 488 11
9 252 490 11
8 253 492 11
7 254 494 11
8 255 495 11
7 256 497 11
6 257 499 11
7 258 500 11
8 259 501 11
7 260 504 11
6 261 510 11
5 262 515 11
4 263 516 11
3 264 518 11
4 265 520 12
5 266 522 12
4 267 524 12
3 268 526 12
2 269 528 12
1 270 535 12
0 271 536 12
1 272 541 13
0 273 542 13
1 274 543 13
2 275 544 13
3 276 546 13
4 277 547 13
5 278 549 13
6 279 550 13
5 280 551 13
4 281 552 13
3 282 555 13
2 283 557 13
1 284 563 13
0 285 564 13
1 286 569 14
0 287 570 14
1 288 573 15
0 289 574 15
1 290 577 15
2 291 578 15
1 292 579 15
0 293 582 15
1 294 583 15
0 295 584 15
1 296 589 16
2 297 590 16
3 298 591 16
2 299 592 16
1 300 593 16
2 301 594 16
3 302 595 16
4 303 598 16
5 304 599 16
6 305 600 16
5 306 602 16
4 307 603 16
3 308 608 16
2 309 609 16
1 310 612 16
0 311 616 16
1 312 618 17
2 313 622 17
1 314 623 17
2 315 624 17
1 316 625 17
2 317 626 17
1 318 628 17
2 319 631 17
3 320 633 17
4 321 635 17
3 322 636 17
4 323 640 17
5 324 641 17
4 325 642 17
3 326 643 17
2 327 645 17
1 328 648 17
2 329 650 17
3 330 651 17
4 331 652 17
5 332 654 17
4 333 655 17
5 334 656 17
6 335 658 17
7 336 661 17
6 337 662 17
7 338 663 17
6 339 667 17
7 340 668 17
6 341 670 17
5 342 673 17
4 343 675 17
3 344 677 17
2 345 679 17
1 346 682 17
0 347 686 17
1 348 689 18
0 349 692 18
1 350 693 18
2 351 696 18
3 352 697 18
2 353 700 18
1 354 701 18
2 355 702 18
3 356 703 18
2 357 707 18
1 358 709 18
2 359 711 19
3 360 712 19
4 361 713 19
5 362 714 19
6 363 716 19
5 364 717 19
4 365 719 19
5 366 720 19
4 367 724 19
3 368 727 19
2 369 730 19
1 370 732 19
0 371 735 19
1 372 740 20
0 373 741 20
1 374 742 20
2 375 743 20
1 376 745 20
2 377 746 20
3 378 747 20
4 379 749 20
3 380 750 20
4 381 753 20
5 382 754 20
6 383 755 20
5 384 756 20
4 385 757 20
5 386 758 20
4 387 765 20
3 388 766 20
2 389 768 20
1 390 771 20
0 391 776 20
1 392 779 21
0 393 781 21
1 394 783 22
2 395 784 22
1 396 786 22
0 397 788 22
1 398 792 22
2 399 793 22
1 400 794 22
2 401 798 22
1 402 799 22
2 403 800 22
1 404 801 22
0 405 803 22
1 406 805 22
0 407 806 22
1 408 808 22
0 409 809 22
1 410 810 22
2 411 812 22
3 412 813 22
4 413 814 22
3 414 815 22
4 415 818 22
3 416 819 22
2 417 822 22
1 418 826 22
0 419 831 22
1 420 835 23
0 421 836 23
1 422 838 23
0 423 841 23
1 424 843 23
2 425 844 23
1 426 846 23
2 427 848 23
3 428 851 23
4 429 852 23
5 430 853 23
4 431 854 23
5 432 855 23
4 433 856 23
3 434 859 23
2 435 860 23
3 436 861 23
4 437 862 23
5 438 863 23
6 439 864 23
7 440 865 23
8 441 869 23
9 442 870 23
8 443 872 23
7 444 873 23
8 445 875 23
7 446 876 23
6 447 878 23
7 448 880 23
6 449 881 23
7 450 884 23
8 451 885 23
9 452 890 23
10 453 892 23
9 454 894 23
8 455 895 23
9 456 899 23
8 457 901 23
9 458 902 23
8 459 904 23
9 460 905 23
8 461 906 23
9 462 908 23
8 463 909 23
7 464 913 23
6 465 914 23
5 466 918 23
6 467 920 23
7 468 921 23
6 469 922 23
7 470 926 23
6 471 930 23
7 472 933 23
8 473 934 23
9 474 935 23
8 475 936 23
7 476 939 23
6 477 942 23
7 478 943 23
8 479 944 23
7 480 946 23
8 481 947 23
7 482 951 23
8 483 952 23
9 484 955 23
8 485 956 23
9 486 958 23
8 487 960 23
9 488 962 23
8 489 964 23
9 490 967 23
8 491 968 23
7 492 971 23
6 493 973 23
5 494 976 23
6 495 978 24
7 496 980 24
6 497 981 24
5 498 987 24
4 499 988 24
5 500 989 24
6 501 991 24
7 502 992 24
8 503 993 24
7 504 995 24
8 505 996 24
7 506 999 24
8 507 1000 24
8 508 1000 24
