#data counter step time
0 1 0 0
1 2 3 0
0 3 5 0
1 4 7 0
0 5 8 0
1 6 10 0
0 7 11 0
1 8 13 1
2 9 14 1
3 10 15 1
4 11 16 1
5 12 17 1
6 13 21 1
5 14 22 1
6 15 25 1
7 16 26 1
8 17 27 1
9 18 28 1
8 19 32 1
7 20 34 1
8 21 36 1
7 22 38 1
8 23 40 1
9 24 44 2
10 25 45 2
9 26 47 2
10 27 50 2
9 28 57 2
10 29 64 2
9 30 67 2
8 31 68 2
7 32 70 2
8 33 71 2
9 34 76 2
10 35 77 2
9 36 80 2
8 37 82 2
9 38 83 2
8 39 85 2
9 40 93 2
8 41 96 2
7 42 99 2
6 43 101 2
7 44 103 2
8 45 104 2
7 46 105 2
8 47 106 2
7 48 110 2
6 49 120 2
5 50 123 2
4 51 126 2
3 52 128 3
4 53 129 3
5 54 130 3
6 55 132 3
5 56 137 3
6 57 140 3
5 58 143 3
4 59 148 3
3 60 151 3
2 61 158 3
1 62 161 3
0 63 165 3
0 64 1000 3
