#data counter step time
0 1 0 0
1 2 5 0
2 3 8 0
1 4 9 0
2 5 11 0
1 6 18 1
0 7 19 1
1 8 22 1
2 9 32 1
1 10 33 1
2 11 34 1
1 12 37 1
2 13 38 1
1 14 41 2
0 15 43 2
1 16 47 2
0 17 48 2
1 18 57 2
0 19 58 2
1 20 67 2
2 21 68 2
1 22 69 2
2 23 70 2
1 24 73 2
0 25 74 2
1 26 80 2
0 27 81 2
1 28 82 2
2 29 85 2
1 30 86 2
0 31 95 2
1 32 96 2
2 33 99 2
1 34 100 2
2 35 101 2
1 36 102 2
2 37 105 2
1 38 107 2
0 39 108 2
1 40 110 2
2 41 120 2
1 42 121 2
2 43 123 2
1 44 124 2
2 45 126 2
1 46 127 3
2 47 128 3
1 48 133 3
0 49 136 3
1 50 137 3
0 51 138 3
1 52 143 3
0 53 145 3
1 54 148 3
2 55 151 3
1 56 152 3
0 57 155 3
1 58 158 3
2 59 161 3
1 60 162 3
2 61 165 3
1 62 166 3
1 63 1000 3
