#data counter step time
0 1 0 0
1 2 2 0
0 3 3 0
1 4 7 0
0 5 8 0
1 6 11 0
0 7 15 0
1 8 18 0
0 9 20 0
1 10 21 0
0 11 22 0
1 12 23 0
0 13 24 0
1 14 26 0
0 15 30 0
1 16 34 0
0 17 35 0
1 18 37 0
0 19 38 0
1 20 39 0
0 21 41 0
1 22 43 0
0 23 44 0
1 24 45 0
0 25 47 0
1 26 50 1
0 27 51 1
1 28 57 1
0 29 59 1
1 30 67 1
0 31 68 2
1 32 71 2
0 33 72 2
1 34 74 2
0 35 76 2
1 36 77 2
0 37 79 2
1 38 81 2
0 39 84 2
1 40 87 2
0 41 88 2
1 42 89 2
0 43 92 2
1 44 94 2
0 45 95 2
1 46 97 2
0 47 100 2
1 48 103 2
0 49 104 2
1 50 106 2
0 51 107 2
1 52 108 2
0 53 110 2
1 54 112 2
0 55 114 2
1 56 118 2
0 57 119 2
1 58 121 2
0 59 122 2
1 60 123 2
0 61 124 2
1 62 125 2
0 63 127 2
1 64 133 2
0 65 135 2
1 66 138 2
0 67 139 2
1 68 140 2
0 69 142 2
1 70 143 2
0 71 144 2
1 72 146 2
0 73 147 2
1 74 148 2
0 75 151 3
1 76 152 3
0 77 157 3
1 78 158 3
0 79 159 3
1 80 162 3
0 81 164 3
1 82 166 3
0 83 167 3
1 84 168 3
0 85 169 3
1 86 170 3
0 87 174 3
1 88 175 3
0 89 176 3
1 90 178 3
0 91 181 3
1 92 182 3
0 93 183 3
1 94 185 3
0 95 187 3
1 96 190 4
0 97 191 4
1 98 195 4
0 99 197 4
1 100 202 4
0 101 203 4
1 102 206 4
0 103 209 4
1 104 212 4
0 105 213 4
1 106 214 4
0 107 216 4
1 108 218 4
0 109 219 4
1 110 221 4
0 111 222 4
1 112 224 4
0 113 225 4
1 114 226 4
0 115 228 4
1 116 230 4
0 117 231 4
1 118 234 5
0 119 236 5
1 120 238 5
0 121 241 5
1 122 243 5
0 123 245 5
1 124 249 5
0 125 256 6
1 126 259 6
0 127 260 6
1 128 261 6
0 129 263 6
1 130 264 6
0 131 265 6
1 132 266 6
0 133 267 6
1 134 268 6
0 135 271 6
1 136 273 6
0 137 274 6
1 138 275 6
0 139 281 7
1 140 282 7
0 141 286 7
1 142 289 7
0 143 292 8
1 144 293 8
0 145 294 8
1 146 296 8
0 147 300 8
1 148 303 8
0 149 304 8
1 150 305 8
0 151 308 9
1 152 311 9
0 153 312 9
1 154 313 9
0 155 316 9
1 156 318 9
0 157 319 9
1 158 321 9
0 159 322 9
1 160 324 9
0 161 325 9
1 162 328 9
0 163 332 10
1 164 335 10
0 165 336 10
1 166 338 10
0 167 340 10
1 168 341 10
0 169 342 10
1 170 346 10
0 171 347 10
1 172 349 10
0 173 352 10
1 174 353 10
0 175 355 10
1 176 357 10
0 177 358 10
1 178 359 10
0 179 361 11
1 180 363 11
0 181 366 11
1 182 369 11
0 183 372 11
1 184 373 11
0 185 375 11
1 186 378 11
0 187 380 11
1 188 383 11
0 189 384 11
1 190 387 11
0 191 388 11
1 192 389 11
0 193 391 11
1 194 393 11
0 195 395 11
1 196 396 11
0 197 397 11
1 198 399 11
0 199 402 11
1 200 403 11
0 201 405 11
1 202 406 11
0 203 407 11
1 204 410 11
0 205 411 11
1 206 413 11
0 207 414 11
1 208 415 11
0 209 417 11
1 210 419 11
0 211 420 11
1 212 421 11
0 213 423 11
1 214 426 12
0 215 427 12
1 216 431 12
0 217 432 12
1 218 433 12
0 219 435 12
1 220 436 12
0 221 437 12
1 222 443 13
0 223 444 13
1 224 447 13
0 225 448 13
1 226 450 13
0 227 451 13
1 228 454 13
0 229 464 14
1 230 467 14
0 231 468 14
1 232 471 14
0 233 472 15
1 234 475 15
0 235 476 15
1 236 479 15
0 237 480 15
1 238 481 15
0 239 484 15
1 240 485 15
0 241 486 15
1 242 489 15
0 243 490 15
1 244 491 15
0 245 492 15
1 246 493 15
0 247 496 16
1 248 498 16
0 249 501 16
1 250 504 16
0 251 506 16
1 252 509 16
0 253 511 16
1 254 514 16
0 255 516 16
1 256 517 16
0 257 518 16
1 258 519 16
0 259 522 16
1 260 525 16
0 261 526 16
1 262 528 16
0 263 530 17
1 264 533 17
0 265 534 17
1 266 536 17
0 267 537 17
1 268 539 17
0 269 540 17
1 270 541 17
0 271 543 18
1 272 545 18
0 273 546 18
1 274 548 18
0 275 549 18
1 276 552 18
0 277 553 18
1 278 556 18
0 279 560 19
1 280 564 19
0 281 565 19
1 282 567 19
0 283 568 19
1 284 572 19
0 285 573 19
1 286 575 19
0 287 577 19
1 288 580 19
0 289 581 19
1 290 583 19
0 291 587 20
1 292 590 20
0 293 592 20
1 294 595 20
0 295 596 20
1 296 597 20
0 297 598 20
1 298 599 20
0 299 603 20
1 300 604 20
0 301 608 20
1 302 609 20
0 303 611 20
1 304 612 20
0 305 616 21
1 306 618 21
0 307 619 21
1 308 622 21
0 309 624 22
1 310 627 22
0 311 628 22
1 312 631 22
0 313 632 22
1 314 633 22
0 315 635 22
1 316 638 22
0 317 640 23
1 318 642 23
0 319 644 23
1 320 647 23
0 321 648 23
1 322 649 23
0 323 650 23
1 324 652 23
0 325 654 24
1 326 656 24
0 327 660 25
1 328 663 25
0 329 664 25
1 330 667 25
0 331 668 25
1 332 669 25
0 333 672 26
1 334 675 26
0 335 676 26
1 336 678 26
0 337 680 26
1 338 681 26
0 339 682 26
1 340 687 26
0 341 688 26
1 342 691 26
0 343 692 26
1 344 695 26
0 345 696 26
1 346 699 26
0 347 700 26
1 348 702 26
0 349 704 26
1 350 706 26
0 351 707 26
1 352 708 26
0 353 710 26
1 354 711 26
0 355 712 26
1 356 715 26
0 357 716 26
1 358 718 26
0 359 719 26
1 360 720 26
0 361 722 26
1 362 723 26
0 363 725 26
1 364 726 26
0 365 727 26
1 366 728 26
0 367 731 26
1 368 734 27
0 369 736 27
1 370 738 27
0 371 740 27
1 372 741 27
0 373 743 27
1 374 744 27
0 375 747 28
1 376 751 28
0 377 752 28
1 378 754 28
0 379 758 28
1 380 759 28
0 381 764 29
1 382 766 29
0 383 772 30
1 384 773 30
0 385 775 30
1 386 776 30
0 387 777 30
1 388 782 30
0 389 784 30
1 390 786 30
0 391 788 30
1 392 791 30
0 393 792 30
1 394 794 30
0 395 795 30
1 396 796 30
0 397 799 30
1 398 800 30
0 399 803 30
1 400 805 30
0 401 806 30
1 402 808 30
0 403 809 30
1 404 810 30
0 405 811 30
1 406 814 30
0 407 815 30
1 408 816 30
0 409 818 30
1 410 819 30
0 411 820 30
1 412 821 30
0 413 824 30
1 414 825 30
0 415 826 30
1 416 830 31
0 417 840 32
1 418 841 32
0 419 842 32
1 420 844 32
0 421 848 33
1 422 851 33
0 423 852 33
1 424 853 33
0 425 854 33
1 426 858 33
0 427 860 33
1 428 863 33
0 429 864 33
1 430 865 33
0 431 868 33
1 432 871 33
0 433 872 33
1 434 873 33
0 435 876 34
1 436 879 34
0 437 880 34
1 438 882 34
0 439 883 34
1 440 884 34
0 441 885 34
1 442 886 34
0 443 890 34
1 444 894 34
0 445 896 34
1 446 897 34
0 447 900 34
1 448 903 34
0 449 904 34
1 450 907 34
0 451 908 34
1 452 910 34
0 453 911 34
1 454 912 34
0 455 913 34
1 456 919 34
0 457 920 34
1 458 922 34
0 459 924 34
1 460 927 34
0 461 928 35
1 462 931 35
0 463 932 35
1 464 933 35
0 465 934 35
1 466 935 35
0 467 938 35
1 468 941 35
0 469 943 35
1 470 947 35
0 471 948 35
1 472 950 35
0 473 952 36
1 474 953 36
0 475 955 36
1 476 959 36
0 477 960 36
1 478 962 36
0 479 964 36
1 480 967 36
0 481 968 37
1 482 969 37
0 483 970 37
1 484 972 37
0 485 973 37
1 486 978 37
0 487 980 37
1 488 981 37
0 489 982 37
1 490 983 37
0 491 985 37
1 492 986 37
0 493 988 37
1 494 989 37
0 495 992 37
1 496 994 37
0 497 995 37
1 498 997 37
0 499 998 37
1 500 999 37
0 501 1000 37
0 502 1000 37
