#data counter step time
2 1 0 0
1 2 2 0
0 3 3 0
1 4 4 0
2 5 5 0
1 6 6 0
0 7 8 0
1 8 9 0
2 9 10 0
1 10 11 0
0 11 12 0
1 12 13 0
0 13 14 0
1 14 15 0
0 15 16 0
1 16 17 0
2 17 18 0
1 18 19 0
0 19 20 0
1 20 21 0
2 21 22 0
1 22 23 0
2 23 24 0
1 24 25 0
2 25 26 0
1 26 27 0
2 27 28 0
1 28 29 0
2 29 30 0
1 30 31 0
0 31 32 0
1 32 33 0
0 33 34 0
1 34 35 0
2 35 36 0
1 36 37 0
2 37 38 0
1 38 39 0
0 39 40 0
1 40 41 0
2 41 42 0
1 42 43 0
0 43 44 0
1 44 45 0
0 45 46 0
1 46 47 0
0 47 48 0
1 48 49 0
0 49 50 0
1 50 51 0
2 51 52 0
1 52 53 0
0 53 54 0
1 54 55 0
2 55 56 0
1 56 57 0
0 57 58 0
1 58 59 0
2 59 60 0
1 60 61 0
0 61 62 0
1 62 63 0
0 63 64 0
1 64 65 0
0 65 66 0
1 66 67 0
2 67 68 0
1 68 69 0
2 69 70 0
1 70 71 0
2 71 72 0
1 72 73 0
2 73 74 0
1 74 75 0
2 75 76 0
1 76 77 0
0 77 78 0
1 78 79 0
2 79 80 0
1 80 81 0
0 81 82 0
1 82 83 0
0 83 84 0
1 84 85 0
2 85 86 0
1 86 87 0
2 87 88 0
1 88 89 0
0 89 90 0
1 90 91 0
0 91 92 0
1 92 93 0
2 93 94 0
1 94 95 0
0 95 96 0
1 96 97 0
2 97 98 0
1 98 99 0
0 99 100 0
1 100 101 0
0 101 102 0
1 102 103 0
0 103 104 0
1 104 105 0
0 105 106 0
1 106 107 0
2 107 108 0
1 108 109 0
2 109 110 0
1 110 111 0
2 111 112 0
1 112 113 0
2 113 114 0
1 114 115 0
2 115 116 0
1 116 117 0
0 117 118 0
1 118 119 0
2 119 120 0
1 120 121 0
0 121 122 0
1 122 123 0
0 123 124 0
1 124 125 0
0 125 126 0
1 126 127 0
0 127 128 0
1 128 129 0
0 129 130 0
1 130 131 0
2 131 132 0
1 132 133 0
0 133 134 0
1 134 135 0
0 135 136 0
1 136 137 0
0 137 138 0
1 138 139 0
0 139 140 0
1 140 141 0
0 141 142 0
1 142 143 0
0 143 144 0
1 144 145 0
2 145 146 0
1 146 147 0
2 147 148 0
1 148 149 0
2 149 150 0
1 150 151 0
0 151 152 0
1 152 153 0
0 153 154 0
1 154 155 0
2 155 156 0
1 156 157 0
0 157 158 0
1 158 159 0
0 159 160 0
1 160 161 0
0 161 162 0
1 162 163 0
2 163 164 0
1 164 165 0
2 165 166 0
1 166 167 0
2 167 168 0
1 168 169 0
2 169 170 0
1 170 171 0
0 171 172 0
1 172 173 0
0 173 174 0
1 174 175 0
0 175 176 0
1 176 177 0
2 177 178 0
1 178 179 0
2 179 180 0
1 180 181 0
2 181 182 0
1 182 183 0
2 183 184 0
1 184 185 0
0 185 186 0
1 186 187 0
2 187 188 0
1 188 189 0
2 189 190 0
1 190 191 0
2 191 192 0
1 192 193 0
2 193 194 0
1 194 195 0
0 195 196 0
1 196 197 0
2 197 198 0
1 198 199 0
0 199 200 0
1 200 201 0
0 201 202 0
1 202 203 0
2 203 204 0
1 204 205 0
0 205 206 0
1 206 207 0
0 207 208 0
1 208 209 0
0 209 210 0
1 210 211 0
2 211 212 0
1 212 213 0
0 213 214 0
1 214 215 0
2 215 216 0
1 216 217 0
0 217 218 0
1 218 219 0
0 219 220 0
1 220 221 0
0 221 222 0
1 222 223 0
2 223 224 0
1 224 225 0
2 225 226 0
1 226 227 0
0 227 228 0
1 228 229 0
2 229 230 0
1 230 231 0
2 231 232 0
1 232 233 0
0 233 234 0
1 234 235 0
2 235 236 0
1 236 237 0
2 237 238 0
1 238 239 0
0 239 240 0
1 240 241 0
2 241 242 0
1 242 243 0
0 243 244 0
1 244 245 0
0 245 246 0
1 246 247 0
0 247 248 0
1 248 249 0
0 249 250 0
1 250 251 0
2 251 252 0
1 252 253 0
2 253 254 0
1 254 255 0
0 255 256 0
1 256 257 0
2 257 258 0
1 258 259 0
2 259 260 0
1 260 261 0
2 261 262 0
1 262 263 0
0 263 264 0
1 264 265 0
2 265 266 0
1 266 267 0
2 267 268 0
1 268 269 0
2 269 270 0
1 270 271 0
0 271 272 0
1 272 273 0
0 273 274 0
1 274 275 0
2 275 276 0
1 276 277 0
0 277 278 0
1 278 279 0
2 279 280 0
1 280 281 0
0 281 282 0
1 282 283 0
2 283 284 0
1 284 285 0
2 285 286 0
1 286 287 0
0 287 288 0
1 288 289 0
0 289 290 0
1 290 291 0
0 291 292 0
1 292 293 0
2 293 294 0
1 294 295 0
0 295 296 0
1 296 297 0
0 297 298 0
1 298 299 0
2 299 300 0
1 300 301 0
0 301 302 0
1 302 303 0
2 303 304 0
1 304 305 0
0 305 306 0
1 306 307 0
0 307 308 0
1 308 309 0
2 309 310 0
1 310 311 0
2 311 312 0
1 312 313 0
2 313 314 0
1 314 315 0
0 315 316 0
1 316 317 0
0 317 318 0
1 318 319 0
2 319 320 0
1 320 321 0
0 321 322 0
1 322 323 0
0 323 324 0
1 324 325 0
2 325 326 0
1 326 327 0
2 327 328 0
1 328 329 0
2 329 330 0
1 330 331 0
2 331 332 0
1 332 333 0
0 333 334 0
1 334 335 0
2 335 336 0
1 336 337 0
2 337 338 0
1 338 339 0
0 339 340 0
1 340 341 0
2 341 342 0
1 342 343 0
0 343 344 0
1 344 345 0
0 345 346 0
1 346 347 0
0 347 348 0
1 348 349 0
2 349 350 0
1 350 351 0
2 351 352 0
1 352 353 0
0 353 354 0
1 354 355 0
0 355 356 0
1 356 357 0
2 357 358 0
1 358 359 0
0 359 360 0
1 360 361 0
0 361 362 0
1 362 363 0
0 363 364 0
1 364 365 0
2 365 366 0
1 366 367 0
0 367 368 0
1 368 369 0
0 369 370 0
1 370 371 0
2 371 372 0
1 372 373 0
2 373 374 0
1 374 375 0
2 375 376 0
1 376 377 0
0 377 378 0
1 378 379 0
0 379 380 0
1 380 381 0
0 381 382 0
1 382 383 0
0 383 384 0
1 384 385 0
0 385 386 0
1 386 387 0
2 387 388 0
1 388 389 0
0 389 390 0
1 390 391 0
0 391 392 0
1 392 393 0
2 393 394 0
1 394 395 0
0 395 396 0
1 396 397 0
2 397 398 0
1 398 399 0
2 399 400 0
1 400 401 0
2 401 402 0
1 402 403 0
0 403 404 0
1 404 405 0
0 405 406 0
1 406 407 0
2 407 408 0
1 408 409 0
2 409 410 0
1 410 411 0
0 411 412 0
1 412 413 0
0 413 414 0
1 414 415 0
2 415 416 0
1 416 417 0
0 417 418 0
1 418 419 0
0 419 420 0
1 420 421 0
0 421 422 0
1 422 423 0
2 423 424 0
1 424 425 0
2 425 426 0
1 426 427 0
0 427 428 0
1 428 429 0
0 429 430 0
1 430 431 0
2 431 432 0
1 432 433 0
0 433 434 0
1 434 435 0
2 435 436 0
1 436 437 0
2 437 438 0
1 438 439 0
0 439 440 0
1 440 441 0
2 441 442 0
1 442 443 0
0 443 444 0
1 444 445 0
0 445 446 0
1 446 447 0
2 447 448 0
1 448 449 0
0 449 450 0
1 450 451 0
0 451 452 0
1 452 453 0
2 453 454 0
1 454 455 0
0 455 456 0
1 456 457 0
0 457 458 0
1 458 459 0
2 459 460 0
1 460 461 0
0 461 462 0
1 462 463 0
2 463 464 0
1 464 465 0
2 465 466 0
1 466 467 0
0 467 468 0
1 468 469 0
2 469 470 0
1 470 471 0
0 471 472 0
1 472 473 0
0 473 474 0
1 474 475 0
2 475 476 0
1 476 477 0
2 477 478 0
1 478 479 0
2 479 480 0
1 480 481 0
2 481 482 0
1 482 483 0
0 483 484 0
1 484 485 0
0 485 486 0
1 486 487 0
2 487 488 0
1 488 489 0
0 489 490 0
1 490 491 0
0 491 492 0
1 492 493 0
0 493 494 0
1 494 495 0
0 495 496 0
1 496 497 0
2 497 498 0
1 498 499 0
0 499 500 0
1 500 501 0
0 501 502 0
1 502 503 0
0 503 504 0
1 504 505 0
0 505 506 0
1 506 507 0
2 507 508 0
1 508 509 0
0 509 510 0
1 510 511 0
0 511 512 0
1 512 513 0
0 513 514 0
1 514 515 0
0 515 516 0
1 516 517 0
0 517 518 0
1 518 519 0
2 519 520 0
1 520 521 0
2 521 522 0
1 522 523 0
2 523 524 0
1 524 525 0
0 525 526 0
1 526 527 0
0 527 528 0
1 528 529 0
0 529 530 0
1 530 531 0
2 531 532 0
1 532 533 0
0 533 534 0
1 534 535 0
0 535 536 0
1 536 537 0
2 537 538 0
1 538 539 0
0 539 540 0
1 540 541 0
2 541 542 0
1 542 543 0
2 543 544 0
1 544 545 0
0 545 546 0
1 546 547 0
2 547 548 0
1 548 549 0
0 549 550 0
1 550 551 0
0 551 552 0
1 552 553 0
2 553 554 0
1 554 555 0
0 555 556 0
1 556 557 0
2 557 558 0
1 558 559 0
0 559 560 0
1 560 561 0
2 561 562 0
1 562 563 0
2 563 564 0
1 564 565 0
2 565 566 0
1 566 567 0
0 567 568 0
1 568 569 0
2 569 570 0
1 570 571 0
2 571 572 0
1 572 573 0
0 573 574 0
1 574 575 0
2 575 576 0
1 576 577 0
0 577 578 0
1 578 579 0
2 579 580 0
1 580 581 0
2 581 582 0
1 582 583 0
0 583 584 0
1 584 585 0
0 585 586 0
1 586 587 0
0 587 588 0
1 588 589 0
0 589 590 0
1 590 591 0
2 591 592 0
1 592 593 0
2 593 594 0
1 594 595 0
2 595 596 0
1 596 597 0
0 597 598 0
1 598 599 0
0 599 600 0
1 600 601 0
2 601 602 0
1 602 603 0
2 603 604 0
1 604 605 0
2 605 606 0
1 606 607 0
2 607 608 0
1 608 609 0
2 609 610 0
1 610 611 0
2 611 612 0
1 612 613 0
0 613 614 0
1 614 615 0
0 615 616 0
1 616 617 0
0 617 618 0
1 618 619 0
0 619 620 0
1 620 621 0
0 621 622 0
1 622 623 0
0 623 624 0
1 624 625 0
0 625 626 0
1 626 627 0
2 627 628 0
1 628 629 0
0 629 630 0
1 630 631 0
0 631 632 0
1 632 633 0
2 633 634 0
1 634 635 0
2 635 636 0
1 636 637 0
2 637 638 0
1 638 639 0
0 639 640 0
1 640 641 0
0 641 642 0
1 642 643 0
2 643 644 0
1 644 645 0
0 645 646 0
1 646 647 0
2 647 648 0
1 648 649 0
2 649 650 0
1 650 651 0
2 651 652 0
1 652 653 0
0 653 654 0
1 654 655 0
2 655 656 0
1 656 657 0
0 657 658 0
1 658 659 0
0 659 660 0
1 660 661 0
0 661 662 0
1 662 663 0
0 663 664 0
1 664 665 0
2 665 666 0
1 666 667 0
2 667 668 0
1 668 669 0
0 669 670 0
1 670 671 0
0 671 672 0
1 672 673 0
2 673 674 0
1 674 675 0
2 675 676 0
1 676 677 0
2 677 678 0
1 678 679 0
0 679 680 0
1 680 681 0
0 681 682 0
1 682 683 0
0 683 684 0
1 684 685 0
0 685 686 0
1 686 687 0
0 687 688 0
1 688 689 0
2 689 690 0
1 690 691 0
2 691 692 0
1 692 693 0
2 693 694 0
1 694 695 0
2 695 696 0
1 696 697 0
0 697 698 0
1 698 699 0
2 699 700 0
1 700 701 0
2 701 702 0
1 702 703 0
2 703 704 0
1 704 705 0
2 705 706 0
1 706 707 0
2 707 708 0
1 708 709 0
2 709 710 0
1 710 711 0
0 711 712 0
1 712 713 0
0 713 714 0
1 714 715 0
2 715 716 0
1 716 717 0
0 717 718 0
1 718 719 0
2 719 720 0
1 720 721 0
2 721 722 0
1 722 723 0
2 723 724 0
1 724 725 0
0 725 726 0
1 726 727 0
0 727 728 0
1 728 729 0
2 729 730 0
1 730 731 0
0 731 732 0
1 732 733 0
2 733 734 0
1 734 735 0
0 735 736 0
1 736 737 0
0 737 738 0
1 738 739 0
0 739 740 0
1 740 741 0
0 741 742 0
1 742 743 0
2 743 744 0
1 744 745 0
0 745 746 0
1 746 747 0
0 747 748 0
1 748 749 0
0 749 750 0
1 750 751 0
0 751 752 0
1 752 753 0
2 753 754 0
1 754 755 0
2 755 756 0
1 756 757 0
0 757 758 0
1 758 759 0
2 759 760 0
1 760 761 0
2 761 762 0
1 762 763 0
2 763 764 0
1 764 765 0
2 765 766 0
1 766 767 0
2 767 768 0
1 768 769 0
0 769 770 0
1 770 771 0
2 771 772 0
1 772 773 0
0 773 774 0
1 774 775 0
2 775 776 0
1 776 777 0
0 777 778 0
1 778 779 0
0 779 780 0
1 780 781 0
0 781 782 0
1 782 783 0
2 783 784 0
1 784 785 0
2 785 786 0
1 786 787 0
0 787 788 0
1 788 789 0
2 789 790 0
1 790 791 0
0 791 792 0
1 792 793 0
0 793 794 0
1 794 795 0
0 795 796 0
1 796 797 0
0 797 798 0
1 798 799 0
2 799 800 0
1 800 801 0
2 801 802 0
1 802 803 0
2 803 804 0
1 804 805 0
0 805 806 0
1 806 807 0
2 807 808 0
1 808 809 0
0 809 810 0
1 810 811 0
2 811 812 0
1 812 813 0
0 813 814 0
1 814 815 0
0 815 816 0
1 816 817 0
2 817 818 0
1 818 819 0
0 819 820 0
1 820 821 0
0 821 822 0
1 822 823 0
2 823 824 0
1 824 825 0
0 825 826 0
1 826 827 0
2 827 828 0
1 828 829 0
2 829 830 0
1 830 831 0
2 831 832 0
1 832 833 0
2 833 834 0
1 834 835 0
0 835 836 0
1 836 837 0
0 837 838 0
1 838 839 0
0 839 840 0
1 840 841 0
2 841 842 0
1 842 843 0
2 843 844 0
1 844 845 0
0 845 846 0
1 846 847 0
0 847 848 0
1 848 849 0
2 849 850 0
1 850 851 0
0 851 852 0
1 852 853 0
2 853 854 0
1 854 855 0
0 855 856 0
1 856 857 0
0 857 858 0
1 858 859 0
2 859 860 0
1 860 861 0
0 861 862 0
1 862 863 0
2 863 864 0
1 864 865 0
0 865 866 0
1 866 867 0
2 867 868 0
1 868 869 0
0 869 870 0
1 870 871 0
2 871 872 0
1 872 873 0
0 873 874 0
1 874 875 0
0 875 876 0
1 876 877 0
2 877 878 0
1 878 879 0
0 879 880 0
1 880 881 0
0 881 882 0
1 882 883 0
0 883 884 0
1 884 885 0
0 885 886 0
1 886 887 0
2 887 888 0
1 888 889 0
0 889 890 0
1 890 891 0
0 891 892 0
1 892 893 0
0 893 894 0
1 894 895 0
2 895 896 0
1 896 897 0
0 897 898 0
1 898 899 0
0 899 900 0
1 900 901 0
0 901 902 0
1 902 903 0
2 903 904 0
1 904 905 0
0 905 906 0
1 906 907 0
0 907 908 0
1 908 909 0
2 909 910 0
1 910 911 0
2 911 912 0
1 912 913 0
0 913 914 0
1 914 915 0
0 915 916 0
1 916 917 0
2 917 918 0
1 918 919 0
0 919 920 0
1 920 921 0
2 921 922 0
1 922 923 0
2 923 924 0
1 924 925 0
0 925 926 0
1 926 927 0
0 927 928 0
1 928 929 0
2 929 930 0
1 930 931 0
2 931 932 0
1 932 933 0
0 933 934 0
1 934 935 0
0 935 936 0
1 936 937 0
2 937 938 0
1 938 939 0
2 939 940 0
1 940 941 0
2 941 942 0
1 942 943 0
0 943 944 0
1 944 945 0
2 945 946 0
1 946 947 0
2 947 948 0
1 948 949 0
0 949 950 0
1 950 951 0
2 951 952 0
1 952 953 0
0 953 954 0
1 954 955 0
0 955 956 0
1 956 957 0
0 957 958 0
1 958 959 0
2 959 960 0
1 960 961 0
0 961 962 0
1 962 963 0
0 963 964 0
1 964 965 0
2 965 966 0
1 966 967 0
0 967 968 0
1 968 969 0
0 969 970 0
1 970 971 0
2 971 972 0
1 972 973 0
0 973 974 0
1 974 975 0
0 975 976 0
1 976 977 0
2 977 978 0
1 978 979 0
2 979 980 0
1 980 981 0
0 981 982 0
1 982 983 0
2 983 984 0
1 984 985 0
0 985 986 0
1 986 987 0
2 987 988 0
1 988 989 0
0 989 990 0
1 990 991 0
2 991 992 0
1 992 993 0
0 993 994 0
1 994 995 0
2 995 996 0
1 996 997 0
2 997 998 0
1 998 999 0
0 999 1000 0
0 1000 1000 0
