#data counter step time
0 1 0 0
1 2 1 0
2 3 2 0
3 4 3 0
2 5 4 0
3 6 5 0
4 7 7 0
5 8 8 0
4 9 9 0
3 10 13 0
2 11 15 0
1 12 19 0
0 13 21 0
1 14 25 1
0 15 26 1
1 16 27 1
0 17 29 1
1 18 31 1
2 19 33 1
3 20 34 1
4 21 35 1
3 22 36 1
4 23 38 1
3 24 39 1
4 25 40 1
3 26 42 1
4 27 43 1
5 28 44 1
4 29 47 1
5 30 49 1
4 31 52 1
3 32 54 1
2 33 57 1
1 34 61 1
0 35 64 2
1 36 65 2
2 37 66 2
3 38 67 2
2 39 71 2
1 40 72 2
0 41 75 2
1 42 81 3
2 43 82 3
3 44 83 3
2 45 84 3
3 46 85 3
4 47 88 3
3 48 89 3
4 49 90 3
5 50 91 3
6 51 92 3
7 52 93 3
6 53 94 3
5 54 98 3
6 55 100 3
7 56 101 3
6 57 102 3
5 58 104 3
4 59 107 3
5 60 109 3
4 61 110 3
3 62 114 3
4 63 118 4
3 64 119 4
4 65 124 4
3 66 125 4
4 67 126 4
3 68 128 4
4 69 131 4
3 70 132 4
2 71 133 4
3 72 134 4
2 73 137 4
3 74 140 4
2 75 144 4
1 76 145 4
2 77 146 4
3 78 148 4
2 79 149 4
3 80 150 4
4 81 152 4
5 82 153 4
6 83 156 4
7 84 159 4
8 85 160 4
7 86 161 4
8 87 163 4
7 88 164 4
6 89 168 4
5 90 171 4
4 91 172 4
3 92 174 4
2 93 177 4
1 94 179 4
0 95 184 4
1 96 189 6
2 97 190 6
1 98 191 6
0 99 193 6
1 100 194 6
2 101 195 6
1 102 197 6
2 103 198 6
3 104 201 6
2 105 202 6
3 106 204 6
4 107 206 6
3 108 207 6
2 109 210 6
1 110 213 6
0 111 215 7
1 112 218 7
0 113 219 7
1 114 220 7
0 115 222 7
1 116 229 8
2 117 230 8
1 118 231 8
0 119 232 8
1 120 237 9
2 121 238 9
3 122 239 9
2 123 240 9
3 124 241 9
4 125 242 9
3 126 243 9
4 127 244 9
5 128 245 9
6 129 246 9
7 130 248 9
8 131 250 9
7 132 252 9
8 133 254 9
7 134 255 9
8 135 256 9
9 136 259 9
8 137 260 9
9 138 262 9
8 139 263 9
7 140 266 9
8 141 267 9
7 142 269 9
8 143 270 9
9 144 274 10
8 145 275 10
9 146 278 10
8 147 279 10
9 148 283 10
8 149 284 10
7 150 285 10
8 151 286 10
9 152 291 10
8 153 292 10
7 154 293 10
8 155 296 10
9 156 300 11
8 157 301 11
7 158 305 11
6 159 306 11
5 160 308 11
6 161 309 11
7 162 310 11
8 163 311 11
9 164 313 11
8 165 317 11
7 166 321 11
6 167 322 11
5 168 325 11
4 169 329 11
3 170 331 11
2 171 332 11
1 172 336 11
0 173 341 11
1 174 344 12
0 175 345 12
1 176 347 12
0 177 350 12
1 178 351 12
2 179 353 12
1 180 355 12
2 181 356 12
3 182 358 12
4 183 359 12
5 184 361 12
4 185 362 12
5 186 363 12
4 187 364 12
5 188 365 12
6 189 368 12
7 190 369 12
6 191 370 12
7 192 372 12
8 193 373 12
9 194 374 12
8 195 375 12
9 196 378 12
10 197 382 12
9 198 383 12
8 199 384 12
9 200 386 12
8 201 387 12
7 202 390 12
8 203 391 12
9 204 394 12
10 205 395 12
9 206 396 12
8 207 397 12
7 208 400 12
6 209 402 12
5 210 406 12
4 211 409 12
3 212 415 12
2 213 419 12
1 214 420 12
0 215 425 12
1 216 429 13
2 217 430 13
1 218 431 13
0 219 433 13
1 220 437 14
2 221 438 14
1 222 439 14
0 223 441 14
1 224 445 14
2 225 446 14
1 226 447 14
0 227 450 14
1 228 453 14
2 229 454 14
3 230 455 14
4 231 456 14
3 232 457 14
4 233 458 14
3 234 459 14
4 235 460 14
5 236 461 14
6 237 462 14
7 238 463 14
6 239 465 14
7 240 466 14
8 241 467 14
9 242 470 14
8 243 472 14
7 244 474 14
6 245 476 14
5 246 479 14
4 247 481 14
3 248 484 14
2 249 486 14
1 250 493 14
0 251 496 15
1 252 500 15
0 253 502 15
1 254 504 15
0 255 505 15
1 256 509 16
0 257 510 16
1 258 512 16
0 259 514 16
1 260 515 16
0 261 516 16
1 262 517 16
2 263 518 16
1 264 520 16
2 265 521 16
3 266 523 16
4 267 524 16
5 268 526 16
4 269 527 16
5 270 529 16
6 271 530 16
5 272 531 16
6 273 532 16
7 274 533 16
8 275 536 16
9 276 540 17
8 277 541 17
7 278 542 17
8 279 545 17
7 280 546 17
8 281 549 17
7 282 551 17
8 283 552 17
7 284 553 17
8 285 555 17
7 286 557 17
8 287 558 17
9 288 564 17
8 289 566 17
7 290 569 17
6 291 570 17
7 292 571 17
8 293 572 17
7 294 575 17
8 295 576 17
9 296 579 17
8 297 580 17
9 298 582 17
10 299 586 17
9 300 587 17
10 301 589 17
9 302 590 17
8 303 592 17
9 304 594 17
8 305 595 17
7 306 599 17
8 307 602 17
7 308 603 17
8 309 604 18
9 310 606 18
8 311 607 18
9 312 610 19
8 313 614 19
7 314 615 19
8 315 617 19
9 316 620 19
8 317 622 19
9 318 623 19
8 319 626 19
7 320 629 19
6 321 630 19
5 322 632 19
4 323 636 19
3 324 638 19
2 325 641 19
1 326 644 19
0 327 647 19
1 328 651 20
2 329 652 20
1 330 655 20
0 331 656 20
1 332 658 20
2 333 660 20
1 334 661 20
0 335 663 20
1 336 665 20
2 337 667 20
1 338 670 20
0 339 674 20
1 340 675 20
0 341 676 20
1 342 678 20
2 343 680 20
1 344 681 20
0 345 684 20
1 346 687 21
0 347 690 21
1 348 693 22
2 349 694 22
1 350 695 22
2 351 696 22
1 352 697 22
2 353 698 22
3 354 699 22
4 355 700 22
5 356 701 22
6 357 702 22
7 358 703 22
6 359 706 22
5 360 709 22
4 361 712 22
3 362 715 22
4 363 716 23
5 364 717 23
6 365 718 23
7 366 719 23
6 367 722 23
7 368 723 23
8 369 727 23
9 370 729 23
10 371 730 23
9 372 731 23
8 373 732 23
9 374 735 23
8 375 737 23
7 376 738 23
6 377 741 23
7 378 742 23
8 379 743 23
9 380 745 23
10 381 747 23
9 382 749 23
8 383 754 23
7 384 756 23
6 385 758 23
5 386 762 23
4 387 765 23
3 388 769 23
2 389 770 23
1 390 775 23
0 391 776 23
1 392 781 24
0 393 782 24
1 394 784 24
2 395 785 24
1 396 786 24
0 397 788 24
1 398 793 25
0 399 794 25
1 400 796 25
2 401 797 25
1 402 798 25
2 403 799 25
3 404 800 25
4 405 802 25
5 406 803 25
6 407 805 25
7 408 806 25
6 409 807 25
7 410 810 25
6 411 811 25
5 412 812 25
6 413 814 25
7 414 816 25
6 415 817 25
5 416 820 25
6 417 821 25
7 418 822 25
8 419 823 25
7 420 827 25
8 421 829 25
7 422 831 25
6 423 833 25
5 424 836 25
4 425 837 25
3 426 840 25
4 427 844 26
5 428 845 26
6 429 846 26
7 430 847 26
8 431 848 26
9 432 850 26
10 433 853 26
9 434 855 26
10 435 858 26
9 436 859 26
8 437 860 26
9 438 863 26
8 439 864 26
9 440 866 27
10 441 870 27
9 442 871 27
8 443 872 27
7 444 876 27
6 445 877 27
7 446 878 27
8 447 879 27
9 448 881 27
8 449 882 27
9 450 886 27
10 451 888 27
9 452 889 27
8 453 893 27
7 454 894 27
8 455 896 27
7 456 898 27
6 457 901 27
7 458 903 27
6 459 904 27
7 460 905 27
8 461 907 27
7 462 910 27
6 463 913 27
5 464 916 27
4 465 920 27
3 466 923 27
2 467 925 27
1 468 929 27
0 469 931 27
1 470 936 28
0 471 938 28
1 472 940 28
0 473 941 28
1 474 944 28
0 475 945 28
1 476 946 28
2 477 948 28
3 478 949 28
2 479 950 28
3 480 951 28
4 481 952 28
3 482 955 28
4 483 956 28
5 484 957 28
6 485 960 28
7 486 961 28
6 487 962 28
7 488 964 28
6 489 966 28
5 490 968 28
6 491 971 28
7 492 973 28
6 493 976 28
7 494 977 28
6 495 978 28
7 496 979 28
8 497 981 28
7 498 983 28
8 499 984 28
9 500 985 28
10 501 987 28
9 502 991 28
8 503 992 28
7 504 994 28
8 505 995 28
9 506 998 29
8 507 1000 29
8 508 1000 29
