#data counter step time
2 1 0 0
1 2 5 0
2 3 6 0
1 4 8 0
0 5 10 0
1 6 11 0
2 7 13 0
1 8 14 0
0 9 15 0
1 10 18 0
0 11 19 0
1 12 21 0
2 13 22 0
1 14 23 0
2 15 27 0
1 16 28 0
0 17 29 0
1 18 31 0
2 19 34 0
1 20 35 0
2 21 36 0
1 22 39 0
0 23 42 0
1 24 44 0
2 25 47 0
1 26 49 0
2 27 50 0
1 28 51 0
2 29 52 0
1 30 53 0
0 31 54 0
1 32 56 0
0 33 57 0
1 34 58 0
0 35 59 0
1 36 61 0
0 37 62 0
1 38 63 0
2 39 64 0
1 40 65 0
0 41 66 0
1 42 67 0
2 43 68 0
1 44 69 0
0 45 71 0
1 46 73 0
0 47 74 0
1 48 75 0
2 49 76 0
1 50 77 0
0 51 78 0
1 52 80 0
0 53 81 0
1 54 82 0
2 55 83 0
1 56 84 0
2 57 85 0
1 58 86 0
2 59 87 0
1 60 88 0
0 61 92 0
1 62 93 0
2 63 94 0
1 64 95 0
2 65 96 0
1 66 97 0
2 67 98 0
1 68 99 0
0 69 100 0
1 70 101 0
2 71 102 0
1 72 103 0
2 73 104 0
1 74 105 0
0 75 106 0
1 76 107 0
0 77 108 0
1 78 109 0
0 79 110 0
1 80 111 0
0 81 112 0
1 82 113 0
2 83 114 0
1 84 115 0
0 85 116 0
1 86 117 0
0 87 118 0
1 88 119 0
2 89 120 0
1 90 121 0
0 91 122 0
1 92 123 0
2 93 124 0
1 94 125 0
0 95 126 0
1 96 127 0
2 97 128 0
1 98 129 0
0 99 130 0
1 100 131 0
0 101 132 0
1 102 133 0
0 103 134 0
1 104 135 0
2 105 136 0
1 106 137 0
0 107 138 0
1 108 139 0
0 109 140 0
1 110 141 0
0 111 142 0
1 112 143 0
2 113 144 0
1 114 145 0
2 115 146 0
1 116 147 0
2 117 148 0
1 118 149 0
0 119 150 0
1 120 151 0
0 121 152 0
1 122 153 0
0 123 154 0
1 124 155 0
2 125 156 0
1 126 157 0
0 127 158 0
1 128 159 0
2 129 160 0
1 130 161 0
2 131 162 0
1 132 163 0
2 133 164 0
1 134 165 0
0 135 166 0
1 136 167 0
0 137 168 0
1 138 169 0
2 139 170 0
1 140 171 0
0 141 172 0
1 142 173 0
2 143 174 0
1 144 175 0
2 145 176 0
1 146 177 0
0 147 178 0
1 148 179 0
0 149 180 0
1 150 181 0
2 151 182 0
1 152 183 0
2 153 184 0
1 154 185 0
0 155 186 0
1 156 187 0
2 157 188 0
1 158 189 0
0 159 190 0
1 160 191 0
0 161 192 0
1 162 193 0
2 163 194 0
1 164 195 0
2 165 196 0
1 166 197 0
2 167 198 0
1 168 199 0
0 169 200 0
1 170 201 0
2 171 202 0
1 172 203 0
2 173 204 0
1 174 205 0
0 175 206 0
1 176 207 0
0 177 208 0
1 178 209 0
0 179 210 0
1 180 211 0
0 181 212 0
1 182 213 0
2 183 214 0
1 184 215 0
0 185 216 0
1 186 217 0
2 187 218 0
1 188 219 0
2 189 220 0
1 190 221 0
2 191 222 0
1 192 223 0
0 193 224 0
1 194 225 0
2 195 226 0
1 196 227 0
2 197 228 0
1 198 229 0
0 199 230 0
1 200 231 0
2 201 232 0
1 202 233 0
0 203 234 0
1 204 235 0
2 205 236 0
1 206 237 0
2 207 238 0
1 208 239 0
0 209 240 0
1 210 241 0
0 211 242 0
1 212 243 0
0 213 244 0
1 214 245 0
0 215 246 0
1 216 247 0
2 217 248 0
1 218 249 0
2 219 250 0
1 220 251 0
0 221 252 0
1 222 253 0
0 223 254 0
1 224 255 0
2 225 256 0
1 226 257 0
0 227 258 0
1 228 259 0
0 229 260 0
1 230 261 0
2 231 262 0
1 232 263 0
0 233 264 0
1 234 265 0
0 235 266 0
1 236 267 0
0 237 268 0
1 238 269 0
2 239 270 0
1 240 271 0
2 241 272 0
1 242 273 0
0 243 274 0
1 244 275 0
2 245 276 0
1 246 277 0
0 247 278 0
1 248 279 0
2 249 280 0
1 250 281 0
0 251 282 0
1 252 283 0
2 253 284 0
1 254 285 0
2 255 286 0
1 256 287 0
2 257 288 0
1 258 289 0
2 259 290 0
1 260 291 0
2 261 292 0
1 262 293 0
2 263 294 0
1 264 295 0
2 265 296 0
1 266 297 0
0 267 298 0
1 268 299 0
2 269 300 0
1 270 301 0
2 271 302 0
1 272 303 0
2 273 304 0
1 274 305 0
0 275 306 0
1 276 307 0
0 277 308 0
1 278 309 0
0 279 310 0
1 280 311 0
2 281 312 0
1 282 313 0
2 283 314 0
1 284 315 0
0 285 316 0
1 286 317 0
0 287 318 0
1 288 319 0
2 289 320 0
1 290 321 0
2 291 322 0
1 292 323 0
2 293 324 0
1 294 325 0
2 295 326 0
1 296 327 0
0 297 328 0
1 298 329 0
0 299 330 0
1 300 331 0
0 301 332 0
1 302 333 0
0 303 334 0
1 304 335 0
0 305 336 0
1 306 337 0
2 307 338 0
1 308 339 0
0 309 340 0
1 310 341 0
2 311 342 0
1 312 343 0
2 313 344 0
1 314 345 0
0 315 346 0
1 316 347 0
2 317 348 0
1 318 349 0
2 319 350 0
1 320 351 0
2 321 352 0
1 322 353 0
0 323 354 0
1 324 355 0
0 325 356 0
1 326 357 0
2 327 358 0
1 328 359 0
2 329 360 0
1 330 361 0
2 331 362 0
1 332 363 0
0 333 364 0
1 334 365 0
2 335 366 0
1 336 367 0
0 337 368 0
1 338 369 0
2 339 370 0
1 340 371 0
0 341 372 0
1 342 373 0
0 343 374 0
1 344 375 0
0 345 376 0
1 346 377 0
2 347 378 0
1 348 379 0
0 349 380 0
1 350 381 0
0 351 382 0
1 352 383 0
2 353 384 0
1 354 385 0
0 355 386 0
1 356 387 0
0 357 388 0
1 358 389 0
0 359 390 0
1 360 391 0
0 361 392 0
1 362 393 0
0 363 394 0
1 364 395 0
2 365 396 0
1 366 397 0
0 367 398 0
1 368 399 0
0 369 400 0
1 370 401 0
2 371 402 0
1 372 403 0
2 373 404 0
1 374 405 0
0 375 406 0
1 376 407 0
2 377 408 0
1 378 409 0
0 379 410 0
1 380 411 0
2 381 412 0
1 382 413 0
0 383 414 0
1 384 415 0
0 385 416 0
1 386 417 0
2 387 418 0
1 388 419 0
0 389 420 0
1 390 421 0
0 391 422 0
1 392 423 0
2 393 424 0
1 394 425 0
2 395 426 0
1 396 427 0
2 397 428 0
1 398 429 0
2 399 430 0
1 400 431 0
0 401 432 0
1 402 433 0
0 403 434 0
1 404 435 0
0 405 436 0
1 406 437 0
0 407 438 0
1 408 439 0
0 409 440 0
1 410 441 0
0 411 442 0
1 412 443 0
2 413 444 0
1 414 445 0
0 415 446 0
1 416 447 0
0 417 448 0
1 418 449 0
0 419 450 0
1 420 451 0
2 421 452 0
1 422 453 0
2 423 454 0
1 424 455 0
0 425 456 0
1 426 457 0
0 427 458 0
1 428 459 0
0 429 460 0
1 430 461 0
0 431 462 0
1 432 463 0
2 433 464 0
1 434 465 0
0 435 466 0
1 436 467 0
2 437 468 0
1 438 469 0
2 439 470 0
1 440 471 0
0 441 472 0
1 442 473 0
0 443 474 0
1 444 475 0
2 445 476 0
1 446 477 0
0 447 478 0
1 448 479 0
2 449 480 0
1 450 481 0
2 451 482 0
1 452 483 0
2 453 484 0
1 454 485 0
0 455 486 0
1 456 487 0
2 457 488 0
1 458 489 0
0 459 490 0
1 460 491 0
2 461 492 0
1 462 493 0
2 463 494 0
1 464 495 0
2 465 496 0
1 466 497 0
2 467 498 0
1 468 499 0
2 469 500 0
1 470 501 0
0 471 502 0
1 472 503 0
2 473 504 0
1 474 505 0
0 475 506 0
1 476 507 0
2 477 508 0
1 478 509 0
0 479 510 0
1 480 511 0
2 481 512 0
1 482 513 0
2 483 514 0
1 484 515 0
0 485 516 0
1 486 517 0
2 487 518 0
1 488 519 0
2 489 520 0
1 490 521 0
0 491 522 0
1 492 523 0
2 493 524 0
1 494 525 0
2 495 526 0
1 496 527 0
0 497 528 0
1 498 529 0
2 499 530 0
1 500 531 0
0 501 532 0
1 502 533 0
2 503 534 0
1 504 535 0
2 505 536 0
1 506 537 0
0 507 538 0
1 508 539 0
0 509 540 0
1 510 541 0
2 511 542 0
1 512 543 0
2 513 544 0
1 514 545 0
2 515 546 0
1 516 547 0
0 517 548 0
1 518 549 0
0 519 550 0
1 520 551 0
0 521 552 0
1 522 553 0
2 523 554 0
1 524 555 0
2 525 556 0
1 526 557 0
2 527 558 0
1 528 559 0
2 529 560 0
1 530 561 0
0 531 562 0
1 532 563 0
0 533 564 0
1 534 565 0
2 535 566 0
1 536 567 0
2 537 568 0
1 538 569 0
0 539 570 0
1 540 571 0
2 541 572 0
1 542 573 0
2 543 574 0
1 544 575 0
2 545 576 0
1 546 577 0
0 547 578 0
1 548 579 0
0 549 580 0
1 550 581 0
2 551 582 0
1 552 583 0
2 553 584 0
1 554 585 0
0 555 586 0
1 556 587 0
2 557 588 0
1 558 589 0
0 559 590 0
1 560 591 0
0 561 592 0
1 562 593 0
0 563 594 0
1 564 595 0
0 565 596 0
1 566 597 0
2 567 598 0
1 568 599 0
2 569 600 0
1 570 601 0
2 571 602 0
1 572 603 0
0 573 604 0
1 574 605 0
2 575 606 0
1 576 607 0
2 577 608 0
1 578 609 0
0 579 610 0
1 580 611 0
0 581 612 0
1 582 613 0
2 583 614 0
1 584 615 0
2 585 616 0
1 586 617 0
2 587 618 0
1 588 619 0
0 589 620 0
1 590 621 0
0 591 622 0
1 592 623 0
2 593 624 0
1 594 625 0
2 595 626 0
1 596 627 0
2 597 628 0
1 598 629 0
0 599 630 0
1 600 631 0
0 601 632 0
1 602 633 0
0 603 634 0
1 604 635 0
0 605 636 0
1 606 637 0
0 607 638 0
1 608 639 0
2 609 640 0
1 610 641 0
2 611 642 0
1 612 643 0
0 613 644 0
1 614 645 0
2 615 646 0
1 616 647 0
2 617 648 0
1 618 649 0
2 619 650 0
1 620 651 0
0 621 652 0
1 622 653 0
2 623 654 0
1 624 655 0
2 625 656 0
1 626 657 0
2 627 658 0
1 628 659 0
0 629 660 0
1 630 661 0
0 631 662 0
1 632 663 0
0 633 664 0
1 634 665 0
2 635 666 0
1 636 667 0
2 637 668 0
1 638 669 0
0 639 670 0
1 640 671 0
0 641 672 0
1 642 673 0
2 643 674 0
1 644 675 0
2 645 676 0
1 646 677 0
2 647 678 0
1 648 679 0
0 649 680 0
1 650 681 0
2 651 682 0
1 652 683 0
0 653 684 0
1 654 685 0
0 655 686 0
1 656 687 0
2 657 688 0
1 658 689 0
2 659 690 0
1 660 691 0
2 661 692 0
1 662 693 0
2 663 694 0
1 664 695 0
2 665 696 0
1 666 697 0
0 667 698 0
1 668 699 0
2 669 700 0
1 670 701 0
2 671 702 0
1 672 703 0
0 673 704 0
1 674 705 0
0 675 706 0
1 676 707 0
0 677 708 0
1 678 709 0
0 679 710 0
1 680 711 0
2 681 712 0
1 682 713 0
2 683 714 0
1 684 715 0
2 685 716 0
1 686 717 0
0 687 718 0
1 688 719 0
2 689 720 0
1 690 721 0
0 691 722 0
1 692 723 0
2 693 724 0
1 694 725 0
2 695 726 0
1 696 727 0
2 697 728 0
1 698 729 0
2 699 730 0
1 700 731 0
2 701 732 0
1 702 733 0
0 703 734 0
1 704 735 0
0 705 736 0
1 706 737 0
2 707 738 0
1 708 739 0
2 709 740 0
1 710 741 0
2 711 742 0
1 712 743 0
0 713 744 0
1 714 745 0
0 715 746 0
1 716 747 0
0 717 748 0
1 718 749 0
2 719 750 0
1 720 751 0
2 721 752 0
1 722 753 0
2 723 754 0
1 724 755 0
0 725 756 0
1 726 757 0
0 727 758 0
1 728 759 0
0 729 760 0
1 730 761 0
0 731 762 0
1 732 763 0
2 733 764 0
1 734 765 0
2 735 766 0
1 736 767 0
0 737 768 0
1 738 769 0
2 739 770 0
1 740 771 0
2 741 772 0
1 742 773 0
0 743 774 0
1 744 775 0
0 745 776 0
1 746 777 0
0 747 778 0
1 748 779 0
2 749 780 0
1 750 781 0
0 751 782 0
1 752 783 0
0 753 784 0
1 754 785 0
2 755 786 0
1 756 787 0
0 757 788 0
1 758 789 0
2 759 790 0
1 760 791 0
2 761 792 0
1 762 793 0
0 763 794 0
1 764 795 0
0 765 796 0
1 766 797 0
2 767 798 0
1 768 799 0
0 769 800 0
1 770 801 0
0 771 802 0
1 772 803 0
0 773 804 0
1 774 805 0
0 775 806 0
1 776 807 0
0 777 808 0
1 778 809 0
2 779 810 0
1 780 811 0
0 781 812 0
1 782 813 0
2 783 814 0
1 784 815 0
2 785 816 0
1 786 817 0
2 787 818 0
1 788 819 0
0 789 820 0
1 790 821 0
0 791 822 0
1 792 823 0
2 793 824 0
1 794 825 0
2 795 826 0
1 796 827 0
2 797 828 0
1 798 829 0
2 799 830 0
1 800 831 0
0 801 832 0
1 802 833 0
2 803 834 0
1 804 835 0
2 805 836 0
1 806 837 0
0 807 838 0
1 808 839 0
2 809 840 0
1 810 841 0
0 811 842 0
1 812 843 0
2 813 844 0
1 814 845 0
2 815 846 0
1 816 847 0
2 817 848 0
1 818 849 0
0 819 850 0
1 820 851 0
2 821 852 0
1 822 853 0
0 823 854 0
1 824 855 0
2 825 856 0
1 826 857 0
0 827 858 0
1 828 859 0
0 829 860 0
1 830 861 0
2 831 862 0
1 832 863 0
0 833 864 0
1 834 865 0
0 835 866 0
1 836 867 0
2 837 868 0
1 838 869 0
0 839 870 0
1 840 871 0
2 841 872 0
1 842 873 0
2 843 874 0
1 844 875 0
0 845 876 0
1 846 877 0
2 847 878 0
1 848 879 0
2 849 880 0
1 850 881 0
0 851 882 0
1 852 883 0
2 853 884 0
1 854 885 0
2 855 886 0
1 856 887 0
0 857 888 0
1 858 889 0
2 859 890 0
1 860 891 0
2 861 892 0
1 862 893 0
0 863 894 0
1 864 895 0
2 865 896 0
1 866 897 0
2 867 898 0
1 868 899 0
0 869 900 0
1 870 901 0
2 871 902 0
1 872 903 0
0 873 904 0
1 874 905 0
2 875 906 0
1 876 907 0
0 877 908 0
1 878 909 0
0 879 910 0
1 880 911 0
2 881 912 0
1 882 913 0
0 883 914 0
1 884 915 0
0 885 916 0
1 886 917 0
0 887 918 0
1 888 919 0
2 889 920 0
1 890 921 0
0 891 922 0
1 892 923 0
2 893 924 0
1 894 925 0
0 895 926 0
1 896 927 0
0 897 928 0
1 898 929 0
0 899 930 0
1 900 931 0
2 901 932 0
1 902 933 0
0 903 934 0
1 904 935 0
0 905 936 0
1 906 937 0
0 907 938 0
1 908 939 0
2 909 940 0
1 910 941 0
2 911 942 0
1 912 943 0
0 913 944 0
1 914 945 0
0 915 946 0
1 916 947 0
0 917 948 0
1 918 949 0
2 919 950 0
1 920 951 0
2 921 952 0
1 922 953 0
0 923 954 0
1 924 955 0
0 925 956 0
1 926 957 0
0 927 958 0
1 928 959 0
2 929 960 0
1 930 961 0
0 931 962 0
1 932 963 0
2 933 964 0
1 934 965 0
2 935 966 0
1 936 967 0
0 937 968 0
1 938 969 0
0 939 970 0
1 940 971 0
2 941 972 0
1 942 973 0
2 943 974 0
1 944 975 0
0 945 976 0
1 946 977 0
0 947 978 0
1 948 979 0
0 949 980 0
1 950 981 0
0 951 982 0
1 952 983 0
0 953 984 0
1 954 985 0
0 955 986 0
1 956 987 0
0 957 988 0
1 958 989 0
0 959 990 0
1 960 991 0
2 961 992 0
1 962 993 0
2 963 994 0
1 964 995 0
2 965 996 0
1 966 997 0
0 967 998 0
1 968 999 0
2 969 1000 0
2 970 1000 0
