#data counter step time
0 1 0 0
1 2 1 0
0 3 2 0
1 4 4 0
0 5 6 0
1 6 7 0
0 7 10 0
1 8 11 0
0 9 14 0
1 10 17 1
0 11 18 1
1 12 20 1
2 13 21 1
1 14 23 1
2 15 24 1
1 16 26 1
2 17 27 1
1 18 30 1
2 19 32 1
1 20 34 1
2 21 36 1
1 22 39 1
0 23 41 1
1 24 44 1
2 25 45 1
3 26 46 1
2 27 47 1
3 28 48 1
4 29 49 1
5 30 51 1
4 31 54 2
5 32 57 2
6 33 58 2
5 34 59 2
6 35 60 2
7 36 61 2
8 37 62 2
9 38 63 2
8 39 65 3
9 40 66 3
8 41 69 3
7 42 71 3
8 43 72 3
9 44 73 3
8 45 75 3
9 46 76 3
10 47 78 3
9 48 79 3
8 49 82 3
9 50 85 3
8 51 86 3
7 52 90 3
8 53 92 3
7 54 93 3
8 55 94 3
9 56 97 3
8 57 102 4
9 58 103 4
8 59 105 4
9 60 107 4
8 61 109 4
7 62 112 4
8 63 114 5
9 64 116 5
8 65 118 5
9 66 120 5
8 67 122 5
7 68 124 5
8 69 125 5
9 70 128 5
10 71 129 5
9 72 130 5
8 73 132 5
9 74 133 5
8 75 137 5
9 76 139 5
10 77 141 5
9 78 143 5
8 79 146 5
9 80 149 5
8 81 150 5
9 82 151 5
8 83 154 5
9 84 156 5
10 85 157 5
9 86 158 5
8 87 161 5
9 88 163 5
8 89 165 7
9 90 166 7
10 91 170 7
9 92 171 7
8 93 173 7
9 94 175 7
8 95 177 7
9 96 180 7
10 97 181 7
9 98 182 7
10 99 185 7
9 100 187 7
10 101 190 7
9 102 191 7
8 103 193 8
7 104 197 8
8 105 198 8
9 106 201 8
10 107 202 8
9 108 203 8
8 109 206 8
7 110 209 8
8 111 210 9
7 112 212 9
8 113 214 9
7 114 215 9
8 115 216 9
9 116 218 9
10 117 221 10
9 118 223 10
8 119 226 10
7 120 229 10
6 121 231 10
5 122 234 10
4 123 236 10
3 124 238 10
2 125 244 10
1 126 247 10
0 127 250 10
1 128 253 11
2 129 254 11
1 130 255 11
2 131 256 11
1 132 258 11
2 133 260 11
3 134 261 11
4 135 262 11
5 136 263 11
6 137 264 11
7 138 265 11
8 139 266 11
9 140 267 11
8 141 269 12
9 142 271 12
8 143 273 12
7 144 277 12
6 145 280 12
5 146 282 12
4 147 286 12
3 148 289 12
2 149 291 12
1 150 294 12
0 151 298 12
1 152 301 13
0 153 302 13
1 154 303 13
2 155 304 13
3 156 305 13
4 157 306 13
5 158 307 13
6 159 308 13
7 160 309 13
8 161 310 13
9 162 311 13
8 163 313 14
7 164 315 14
8 165 316 14
9 166 319 14
10 167 322 15
9 168 323 15
10 169 326 15
9 170 327 15
10 171 329 15
9 172 331 15
8 173 334 15
9 174 335 15
8 175 338 16
9 176 340 16
8 177 341 16
9 178 344 16
10 179 345 16
9 180 347 16
8 181 349 16
7 182 352 16
6 183 354 16
5 184 357 16
6 185 358 16
5 186 362 16
6 187 363 16
7 188 364 16
8 189 365 16
9 190 366 16
8 191 369 16
9 192 371 16
8 193 374 16
9 194 375 16
10 195 377 16
9 196 378 16
8 197 380 16
9 198 383 16
10 199 386 16
9 200 387 16
8 201 389 16
7 202 393 16
8 203 395 16
7 204 396 16
8 205 400 16
7 206 401 16
6 207 404 16
5 208 407 16
4 209 409 16
3 210 412 16
2 211 416 16
1 212 418 16
0 213 422 16
1 214 425 17
2 215 426 17
3 216 427 17
2 217 428 17
3 218 429 17
4 219 430 17
5 220 431 17
6 221 432 17
7 222 433 17
8 223 434 17
9 224 435 17
10 225 437 18
9 226 438 18
8 227 441 18
9 228 442 18
8 229 444 18
7 230 448 18
8 231 449 18
9 232 450 18
8 233 452 18
9 234 454 18
10 235 457 18
9 236 458 18
10 237 462 18
9 238 463 18
10 239 465 18
9 240 467 18
8 241 470 18
9 242 471 18
10 243 473 19
9 244 474 19
10 245 477 19
9 246 479 19
10 247 481 19
9 248 483 19
8 249 485 19
9 250 486 19
8 251 489 19
9 252 492 19
8 253 493 19
9 254 494 19
8 255 498 19
7 256 500 19
6 257 504 19
5 258 506 19
4 259 508 19
3 260 510 19
2 261 513 19
3 262 518 20
2 263 520 20
3 264 523 20
2 265 524 20
3 266 525 20
4 267 526 20
5 268 527 20
6 269 528 20
7 270 530 20
6 271 532 20
7 272 534 20
6 273 535 20
7 274 536 20
8 275 537 20
7 276 540 20
6 277 544 20
5 278 547 20
6 279 549 20
7 280 551 20
8 281 552 20
9 282 553 20
8 283 554 20
9 284 555 20
8 285 558 20
9 286 560 20
8 287 562 20
9 288 563 20
8 289 566 20
9 290 567 20
8 291 570 20
9 292 571 20
10 293 573 20
9 294 574 20
10 295 576 20
9 296 578 20
10 297 580 20
9 298 581 20
10 299 585 20
9 300 586 20
8 301 589 20
7 302 593 20
6 303 596 20
7 304 597 20
8 305 598 20
9 306 599 20
8 307 601 21
9 308 603 21
8 309 605 22
9 310 607 23
10 311 610 23
9 312 611 23
10 313 613 23
9 314 614 23
8 315 616 23
9 316 617 23
10 317 621 23
9 318 623 23
8 319 626 24
9 320 627 24
8 321 630 24
7 322 632 24
6 323 636 24
5 324 639 24
4 325 641 24
3 326 644 24
2 327 646 24
1 328 651 24
0 329 654 24
1 330 657 25
2 331 658 25
1 332 659 25
2 333 660 25
3 334 661 25
4 335 662 25
3 336 665 25
2 337 667 25
3 338 668 25
4 339 671 25
3 340 673 25
2 341 675 25
1 342 679 25
0 343 682 25
1 344 685 26
0 345 686 26
1 346 687 26
0 347 689 26
1 348 692 27
0 349 694 27
1 350 697 27
0 351 698 27
1 352 700 27
0 353 701 27
1 354 702 27
2 355 703 27
3 356 704 27
2 357 707 27
3 358 708 27
2 359 712 27
1 360 714 27
2 361 717 28
1 362 718 28
2 363 720 28
3 364 721 28
4 365 722 28
5 366 723 28
6 367 724 28
7 368 725 28
8 369 726 28
9 370 727 28
10 371 729 29
9 372 731 29
10 373 733 29
9 374 735 29
8 375 737 29
9 376 739 29
10 377 742 29
9 378 743 29
10 379 745 29
9 380 747 29
10 381 749 29
9 382 750 29
8 383 754 29
7 384 757 29
6 385 760 29
5 386 763 29
4 387 766 29
3 388 769 29
2 389 771 29
1 390 774 29
0 391 776 29
1 392 781 30
2 393 782 30
3 394 783 30
4 395 784 30
3 396 785 30
2 397 787 30
1 398 791 30
0 399 793 30
1 400 797 31
2 401 798 31
3 402 799 31
2 403 800 31
3 404 801 31
4 405 802 31
5 406 803 31
6 407 804 31
7 408 805 31
8 409 806 31
9 410 807 31
8 411 810 32
9 412 813 32
10 413 814 32
9 414 815 32
10 415 818 32
9 416 819 32
10 417 821 32
9 418 823 32
10 419 826 32
9 420 827 32
8 421 829 32
9 422 831 32
8 423 833 33
9 424 834 33
8 425 838 33
7 426 841 33
8 427 842 34
9 428 843 34
10 429 845 34
9 430 846 34
8 431 849 34
9 432 850 34
8 433 852 34
7 434 855 34
6 435 857 34
7 436 858 34
6 437 860 34
5 438 862 34
6 439 868 35
7 440 869 35
8 441 870 35
7 442 872 35
8 443 873 35
7 444 875 35
6 445 879 35
7 446 881 35
6 447 882 35
7 448 886 35
8 449 888 35
7 450 889 35
8 451 890 35
7 452 893 35
8 453 894 35
9 454 896 35
8 455 897 35
7 456 900 35
6 457 904 35
5 458 906 35
4 459 908 35
3 460 912 35
2 461 916 35
1 462 918 36
2 463 920 36
3 464 922 36
4 465 923 36
5 466 924 36
4 467 926 36
5 468 928 36
6 469 929 36
7 470 930 36
6 471 932 36
7 472 933 36
8 473 936 36
9 474 937 36
8 475 938 36
9 476 939 36
10 477 941 36
9 478 942 36
10 479 944 36
9 480 945 36
10 481 947 36
9 482 951 36
8 483 953 36
9 484 955 36
8 485 956 36
9 486 957 36
8 487 959 36
7 488 961 36
8 489 965 36
9 490 966 36
8 491 970 37
9 492 971 37
10 493 973 37
9 494 974 37
10 495 978 37
9 496 979 37
10 497 981 37
9 498 982 37
8 499 985 37
7 500 988 37
6 501 992 37
7 502 993 37
8 503 994 37
9 504 995 37
8 505 998 37
8 506 1000 37
