#data counter step time
0 1 0 0
1 2 1 0
0 3 2 0
1 4 3 0
0 5 4 0
1 6 7 0
2 7 8 0
1 8 9 0
2 9 10 0
3 10 12 0
4 11 13 0
3 12 14 0
4 13 15 0
5 14 16 0
6 15 20 0
7 16 21 0
6 17 22 0
7 18 23 0
8 19 25 0
9 20 26 0
8 21 28 0
7 22 30 0
6 23 33 0
7 24 36 0
6 25 37 0
7 26 39 0
6 27 40 0
7 28 41 0
6 29 44 0
5 30 49 0
4 31 51 0
5 32 53 1
6 33 54 1
7 34 55 1
8 35 59 1
7 36 60 1
8 37 61 1
7 38 63 1
8 39 65 1
7 40 67 1
8 41 68 1
9 42 70 1
10 43 73 1
9 44 75 1
8 45 78 1
7 46 79 1
8 47 80 1
9 48 82 1
8 49 84 1
7 50 87 1
6 51 89 1
7 52 90 1
6 53 93 1
7 54 95 1
6 55 97 1
5 56 99 1
4 57 102 1
3 58 107 1
2 59 109 1
1 60 112 1
0 61 116 1
1 62 119 2
2 63 120 2
3 64 121 2
4 65 123 2
3 66 124 2
2 67 126 2
3 68 128 2
2 69 131 2
1 70 134 2
0 71 136 2
1 72 141 3
2 73 142 3
1 74 143 3
0 75 145 3
1 76 147 3
2 77 148 3
1 78 149 3
2 79 150 3
3 80 151 3
4 81 152 3
3 82 155 3
4 83 156 3
5 84 157 3
6 85 158 3
5 86 161 3
4 87 163 3
5 88 167 3
6 89 168 3
5 90 169 3
6 91 170 3
5 92 173 3
6 93 174 3
7 94 175 3
8 95 176 3
9 96 178 3
8 97 180 3
9 98 183 3
8 99 184 3
7 100 186 4
8 101 188 4
7 102 190 4
8 103 191 4
7 104 196 4
6 105 197 4
7 106 198 4
8 107 200 4
9 108 203 4
10 109 205 4
9 110 206 4
8 111 207 4
9 112 211 4
10 113 213 4
9 114 214 4
10 115 218 4
9 116 219 4
8 117 220 4
7 118 222 4
8 119 223 4
7 120 225 4
8 121 226 4
7 122 229 4
8 123 231 4
9 124 233 4
8 125 234 4
7 126 237 4
8 127 238 4
9 128 242 4
8 129 244 4
7 130 246 4
8 131 247 4
7 132 251 5
8 133 252 5
9 134 254 5
8 135 256 5
9 136 259 5
8 137 260 5
7 138 262 5
8 139 265 5
7 140 266 5
8 141 267 5
9 142 270 5
8 143 271 5
7 144 275 5
8 145 276 5
7 146 278 6
8 147 279 6
9 148 282 6
8 149 283 6
7 150 286 6
6 151 288 6
5 152 293 6
4 153 295 6
3 154 298 6
2 155 301 6
1 156 304 6
0 157 307 6
1 158 311 7
0 159 314 7
1 160 315 7
2 161 318 7
1 162 319 7
2 163 320 7
1 164 321 7
2 165 322 7
3 166 323 7
2 167 326 7
3 168 327 7
4 169 328 7
5 170 329 7
6 171 330 7
7 172 331 7
8 173 332 7
9 174 334 8
8 175 335 8
9 176 338 8
8 177 340 8
9 178 343 8
8 179 344 8
9 180 346 8
8 181 348 8
9 182 353 9
8 183 354 9
7 184 355 9
6 185 360 9
5 186 363 9
4 187 364 9
3 188 366 9
2 189 371 9
1 190 372 9
0 191 375 9
1 192 381 10
0 193 382 10
1 194 385 11
2 195 386 11
3 196 387 11
4 197 388 11
3 198 389 11
2 199 392 11
1 200 395 11
0 201 396 11
1 202 401 12
0 203 402 12
1 204 403 12
0 205 404 12
1 206 405 12
2 207 406 12
3 208 407 12
4 209 408 12
5 210 409 12
6 211 410 12
5 212 413 12
4 213 416 12
5 214 417 13
6 215 418 13
7 216 420 13
8 217 422 13
9 218 423 13
10 219 424 13
9 220 426 13
8 221 427 13
7 222 431 13
8 223 434 13
9 224 435 13
8 225 438 13
7 226 441 13
6 227 442 13
7 228 443 13
8 229 444 13
9 230 447 14
8 231 448 14
7 232 451 14
8 233 452 14
7 234 453 14
8 235 457 14
7 236 458 14
8 237 459 14
7 238 462 14
8 239 463 14
7 240 466 15
6 241 469 15
7 242 471 15
8 243 472 15
9 244 474 15
8 245 476 15
7 246 479 15
6 247 481 15
5 248 484 15
4 249 488 15
3 250 490 15
4 251 492 16
5 252 493 16
6 253 495 16
5 254 499 16
6 255 500 16
7 256 502 16
6 257 503 16
5 258 507 16
4 259 510 16
3 260 511 16
2 261 513 16
3 262 517 16
2 263 518 16
3 264 519 16
2 265 520 16
3 266 521 16
4 267 523 16
5 268 525 16
4 269 526 16
5 270 527 16
4 271 529 16
5 272 531 16
4 273 533 16
3 274 535 16
4 275 539 16
5 276 540 16
6 277 542 16
7 278 543 16
8 279 544 16
9 280 546 17
8 281 549 17
9 282 550 17
8 283 552 17
7 284 555 17
8 285 559 17
7 286 560 17
6 287 563 17
5 288 564 17
6 289 569 17
5 290 570 17
4 291 572 17
5 292 573 17
4 293 574 17
3 294 581 17
2 295 584 17
1 296 585 17
0 297 587 17
1 298 593 18
2 299 594 18
3 300 595 18
4 301 596 18
5 302 597 18
6 303 598 18
7 304 599 18
8 305 600 18
9 306 601 18
8 307 602 18
7 308 605 18
6 309 606 18
5 310 609 18
4 311 611 18
5 312 613 18
6 313 614 18
7 314 615 18
8 315 617 18
7 316 620 18
8 317 621 18
9 318 623 18
8 319 624 18
9 320 626 18
8 321 628 18
7 322 631 18
6 323 633 18
5 324 637 18
6 325 638 18
7 326 639 18
8 327 640 18
7 328 643 19
8 329 644 19
9 330 645 19
8 331 647 19
7 332 649 19
8 333 651 19
7 334 652 19
8 335 653 19
7 336 656 19
8 337 658 19
7 338 659 19
6 339 662 19
7 340 663 19
6 341 665 19
7 342 669 19
6 343 671 19
7 344 676 19
8 345 677 19
7 346 678 19
8 347 680 19
7 348 681 19
8 349 684 19
7 350 688 20
6 351 690 20
7 352 691 20
8 353 692 20
9 354 697 20
8 355 698 20
7 356 699 20
6 357 702 20
5 358 703 20
4 359 707 20
3 360 710 20
2 361 712 20
1 362 716 20
0 363 719 20
1 364 724 21
2 365 725 21
1 366 727 21
0 367 728 21
1 368 729 21
2 369 730 21
3 370 731 21
4 371 732 21
3 372 734 22
4 373 735 22
5 374 736 22
6 375 740 22
7 376 743 22
6 377 744 22
7 378 745 22
6 379 746 22
5 380 748 22
4 381 751 22
3 382 753 22
2 383 756 22
1 384 760 22
2 385 763 23
1 386 767 23
0 387 768 23
1 388 773 24
2 389 774 24
3 390 775 24
4 391 776 24
3 392 777 24
4 393 780 24
5 394 781 24
4 395 782 24
5 396 783 24
6 397 784 24
7 398 785 24
8 399 786 24
7 400 789 24
6 401 790 24
7 402 791 24
6 403 793 24
7 404 794 24
8 405 797 24
7 406 798 24
6 407 800 24
7 408 803 24
8 409 804 24
9 410 806 24
8 411 808 24
9 412 811 24
8 413 812 24
7 414 815 25
8 415 816 25
9 416 819 25
10 417 820 25
9 418 822 25
8 419 824 25
7 420 826 25
8 421 828 25
9 422 830 25
8 423 831 25
7 424 835 25
8 425 836 25
9 426 838 25
8 427 840 25
9 428 842 25
8 429 843 25
9 430 846 25
8 431 847 25
9 432 851 26
10 433 852 26
9 434 855 26
8 435 856 26
9 436 859 26
8 437 861 26
7 438 865 26
6 439 866 26
7 440 867 26
8 441 868 26
9 442 870 26
8 443 872 26
7 444 875 26
8 445 876 26
7 446 877 26
8 447 878 26
9 448 880 26
8 449 881 26
9 450 884 26
8 451 885 26
7 452 890 26
8 453 891 26
9 454 894 26
8 455 897 26
7 456 898 26
8 457 900 26
9 458 901 26
8 459 902 26
9 460 906 27
8 461 907 27
9 462 910 27
8 463 911 27
7 464 913 27
8 465 917 27
7 466 918 27
8 467 919 27
7 468 921 27
8 469 922 27
7 470 924 27
8 471 928 27
7 472 930 28
8 473 931 28
7 474 934 28
6 475 939 28
5 476 943 28
6 477 944 28
7 478 945 28
6 479 946 28
7 480 948 28
8 481 949 28
7 482 951 28
8 483 953 28
7 484 954 28
8 485 956 28
9 486 959 28
8 487 960 28
9 488 963 28
8 489 964 28
7 490 966 28
6 491 970 28
5 492 972 28
6 493 974 28
5 494 977 28
6 495 979 28
5 496 981 28
4 497 983 28
5 498 985 28
6 499 986 28
7 500 987 29
8 501 988 29
9 502 990 29
8 503 991 29
7 504 994 29
8 505 995 29
7 506 997 29
8 507 1000 29
8 508 1000 29
