#data counter step time
0 1 0 0
1 2 1 0
2 3 2 0
3 4 3 0
2 5 4 0
1 6 5 0
0 7 8 0
1 8 12 1
0 9 13 1
1 10 14 1
0 11 17 1
1 12 21 2
2 13 22 2
3 14 23 2
4 15 24 2
3 16 25 2
4 17 26 2
5 18 27 2
4 19 28 2
5 20 29 2
6 21 30 2
5 22 34 2
4 23 35 2
3 24 38 2
2 25 41 2
1 26 43 2
0 27 45 2
1 28 52 3
0 29 53 3
1 30 55 3
0 31 56 3
1 32 57 3
2 33 62 3
1 34 63 3
2 35 66 3
1 36 67 3
2 37 68 3
3 38 70 3
4 39 71 3
3 40 72 3
2 41 74 3
1 42 76 3
0 43 78 3
1 44 80 3
0 45 81 3
1 46 84 3
2 47 86 3
3 48 89 3
4 49 90 3
3 50 91 3
4 51 92 3
3 52 95 3
4 53 96 3
5 54 97 3
4 55 100 3
5 56 101 3
6 57 102 3
7 58 103 3
6 59 106 3
7 60 107 3
8 61 109 3
7 62 110 3
8 63 111 3
7 64 113 3
8 65 114 3
9 66 119 4
8 67 120 4
9 68 122 4
8 69 124 4
7 70 126 4
6 71 129 4
7 72 131 4
6 73 133 4
7 74 134 4
8 75 135 4
9 76 138 5
8 77 140 5
7 78 141 5
8 79 144 5
7 80 146 5
8 81 148 5
9 82 149 5
10 83 151 5
9 84 153 5
8 85 155 5
7 86 157 5
6 87 160 5
5 88 162 5
4 89 168 5
3 90 170 5
2 91 174 6
1 92 176 6
2 93 177 6
3 94 179 6
2 95 182 6
1 96 184 6
0 97 185 6
1 98 193 7
2 99 194 7
1 100 195 7
2 101 196 7
3 102 197 7
4 103 199 7
3 104 200 7
4 105 202 7
3 106 203 7
4 107 204 7
5 108 205 7
6 109 206 7
7 110 207 7
6 111 209 7
5 112 214 7
6 113 215 7
7 114 217 7
6 115 218 7
5 116 223 7
4 117 224 7
3 118 226 7
2 119 230 7
1 120 232 7
2 121 234 8
3 122 235 8
4 123 236 8
3 124 241 8
4 125 242 8
3 126 243 8
4 127 244 8
3 128 246 8
2 129 248 8
3 130 251 8
2 131 255 8
3 132 256 8
4 133 258 8
5 134 259 8
6 135 262 8
7 136 263 8
6 137 264 8
7 138 267 8
6 139 268 8
7 140 269 8
6 141 271 8
5 142 272 8
4 143 275 8
3 144 278 8
4 145 282 9
3 146 284 9
2 147 286 9
1 148 288 9
0 149 290 9
1 150 297 10
2 151 298 10
3 152 299 10
2 153 300 10
3 154 301 10
4 155 302 10
5 156 303 10
6 157 304 10
7 158 306 10
6 159 308 10
7 160 311 10
6 161 312 10
5 162 313 10
6 163 316 10
7 164 317 10
8 165 318 10
7 166 320 10
6 167 321 10
5 168 324 10
4 169 327 10
3 170 331 10
2 171 333 10
1 172 337 10
0 173 340 10
1 174 344 11
0 175 346 11
1 176 347 11
2 177 348 11
1 178 349 11
2 179 350 11
3 180 353 11
4 181 354 11
5 182 355 11
6 183 356 11
5 184 358 11
4 185 360 11
3 186 364 11
2 187 365 11
1 188 370 11
0 189 372 11
1 190 377 12
0 191 378 12
1 192 379 12
0 193 382 12
1 194 383 12
2 195 384 12
1 196 385 12
0 197 390 12
1 198 393 13
2 199 394 13
3 200 395 13
2 201 396 13
1 202 397 13
2 203 398 13
3 204 399 13
2 205 401 13
3 206 403 13
4 207 404 13
5 208 405 13
6 209 406 13
7 210 407 13
8 211 408 13
9 212 410 14
8 213 412 14
7 214 413 14
8 215 414 14
9 216 417 14
8 217 419 14
9 218 423 14
10 219 426 14
9 220 427 14
8 221 429 14
7 222 430 14
8 223 434 14
9 224 435 14
8 225 436 14
7 226 441 14
6 227 442 14
7 228 443 14
8 229 445 14
9 230 446 14
8 231 447 14
9 232 450 14
8 233 452 14
9 234 454 15
8 235 456 15
7 236 459 15
6 237 464 15
7 238 466 15
8 239 467 15
9 240 468 15
8 241 469 15
7 242 471 15
6 243 476 15
5 244 477 15
4 245 480 15
3 246 483 15
4 247 486 16
3 248 488 16
4 249 490 16
3 250 492 16
4 251 493 16
3 252 494 16
2 253 498 16
1 254 499 16
2 255 501 16
1 256 503 16
2 257 508 16
1 258 509 16
0 259 514 16
1 260 515 17
0 261 517 17
1 262 518 17
2 263 520 17
3 264 521 17
2 265 522 17
3 266 526 17
2 267 527 17
1 268 529 17
0 269 532 17
1 270 537 18
2 271 538 18
1 272 539 18
0 273 540 18
1 274 545 19
0 275 546 19
1 276 547 19
2 277 548 19
1 278 549 19
2 279 550 19
3 280 551 19
4 281 552 19
3 282 554 19
4 283 555 19
3 284 559 19
4 285 560 19
5 286 561 19
6 287 562 19
7 288 564 20
6 289 566 20
5 290 568 20
4 291 571 20
3 292 572 20
4 293 575 20
5 294 576 20
6 295 577 20
7 296 580 20
6 297 581 20
5 298 585 20
6 299 587 20
7 300 588 20
6 301 590 20
7 302 592 20
6 303 593 20
5 304 594 20
6 305 596 20
7 306 598 20
8 307 601 20
7 308 602 20
6 309 603 20
7 310 604 20
6 311 607 20
7 312 609 20
8 313 610 20
9 314 613 20
8 315 614 20
9 316 616 20
8 317 618 20
7 318 622 20
6 319 626 20
5 320 629 20
4 321 632 20
3 322 635 20
2 323 638 20
1 324 640 20
0 325 643 20
1 326 645 21
2 327 646 21
3 328 649 21
2 329 650 21
3 330 653 21
2 331 654 21
1 332 656 21
2 333 658 21
3 334 660 22
4 335 663 22
5 336 664 22
6 337 665 22
7 338 667 22
6 339 668 22
7 340 669 22
8 341 670 22
7 342 671 22
6 343 673 22
5 344 675 22
4 345 680 22
3 346 683 22
4 347 684 23
5 348 685 23
6 349 686 23
5 350 688 23
4 351 693 23
3 352 696 23
2 353 697 23
1 354 699 23
0 355 706 23
1 356 709 24
0 357 710 24
1 358 713 24
2 359 714 24
1 360 715 24
0 361 716 24
1 362 719 25
0 363 720 25
1 364 721 25
2 365 725 25
1 366 727 25
2 367 729 25
1 368 730 25
2 369 733 25
3 370 734 25
2 371 736 25
1 372 737 25
0 373 742 25
1 374 744 26
2 375 745 26
1 376 747 26
0 377 748 26
1 378 749 26
2 379 750 26
1 380 753 26
0 381 755 26
1 382 757 26
0 383 758 26
1 384 759 26
2 385 760 26
1 386 767 26
0 387 769 26
1 388 773 27
0 389 774 27
1 390 777 28
0 391 778 28
1 392 781 29
0 393 782 29
1 394 783 29
2 395 784 29
1 396 785 29
2 397 787 29
1 398 788 29
0 399 791 29
1 400 793 29
0 401 794 29
1 402 798 29
0 403 799 29
1 404 800 29
0 405 803 29
1 406 806 30
2 407 807 30
1 408 811 30
0 409 814 30
1 410 815 31
0 411 816 31
1 412 818 31
0 413 821 31
1 414 823 31
2 415 824 31
1 416 825 31
0 417 826 31
1 418 827 31
2 419 829 31
1 420 830 31
0 421 836 31
1 422 837 31
2 423 839 31
1 424 840 31
2 425 844 31
3 426 845 31
2 427 846 31
3 428 847 31
4 429 848 31
5 430 849 31
6 431 850 31
7 432 851 31
8 433 853 32
7 434 857 32
6 435 858 32
5 436 860 32
6 437 862 33
7 438 863 33
6 439 865 33
7 440 867 33
6 441 869 33
5 442 872 33
4 443 877 33
3 444 879 33
2 445 881 33
1 446 882 33
0 447 886 33
1 448 891 34
0 449 894 34
1 450 895 34
2 451 896 34
3 452 897 34
4 453 898 34
5 454 900 34
6 455 901 34
5 456 902 34
4 457 903 34
5 458 904 34
6 459 907 34
7 460 909 34
8 461 910 34
7 462 913 34
6 463 916 34
5 464 917 34
6 465 920 34
7 466 922 34
8 467 923 34
7 468 924 34
8 469 926 34
9 470 927 34
8 471 928 34
7 472 930 34
8 473 932 34
9 474 934 35
10 475 937 35
9 476 939 35
8 477 941 35
9 478 942 35
8 479 946 35
7 480 947 35
8 481 950 35
7 482 951 35
6 483 954 35
5 484 956 35
4 485 959 35
5 486 961 35
4 487 962 35
3 488 965 35
4 489 968 35
5 490 971 35
6 491 972 35
7 492 973 35
8 493 974 35
7 494 975 35
6 495 977 35
5 496 980 35
4 497 983 35
3 498 985 35
2 499 987 35
1 500 990 35
0 501 992 35
1 502 999 36
1 503 1000 36
