#data counter step time
2 1 0 0
1 2 1 0
0 3 2 0
1 4 4 0
0 5 6 0
1 6 7 0
2 7 9 0
1 8 11 0
0 9 12 0
1 10 13 0
0 11 14 0
1 12 16 0
0 13 17 0
1 14 19 0
0 15 20 0
1 16 22 0
0 17 25 0
1 18 31 1
2 19 33 1
1 20 34 1
2 21 35 1
1 22 36 1
0 23 38 1
1 24 39 1
0 25 42 1
1 26 44 1
0 27 46 1
1 28 51 1
0 29 53 1
1 30 54 1
0 31 55 1
1 32 56 2
2 33 57 2
1 34 59 2
0 35 61 2
1 36 62 2
0 37 63 2
1 38 64 2
0 39 65 2
1 40 70 2
2 41 71 2
1 42 72 2
0 43 74 2
1 44 75 2
2 45 76 2
1 46 79 2
0 47 80 2
1 48 81 2
2 49 82 2
1 50 84 2
0 51 86 2
1 52 87 2
0 53 89 2
1 54 90 2
0 55 92 2
1 56 93 2
0 57 94 2
1 58 96 2
0 59 97 2
1 60 98 2
0 61 100 2
1 62 101 2
0 63 104 2
1 64 105 2
0 65 106 2
1 66 107 2
0 67 109 2
1 68 111 2
0 69 112 2
1 70 113 2
0 71 115 2
1 72 116 2
0 73 117 2
1 74 119 2
0 75 121 2
1 76 123 2
0 77 124 2
1 78 125 2
0 79 127 2
1 80 128 2
0 81 130 2
1 82 131 2
0 83 133 2
1 84 134 2
0 85 136 2
1 86 137 2
0 87 138 2
1 88 140 3
2 89 141 3
1 90 143 3
0 91 145 3
1 92 148 3
0 93 149 3
1 94 151 3
0 95 154 3
1 96 155 3
0 97 156 3
1 98 159 3
0 99 161 3
1 100 162 3
2 101 163 3
1 102 165 3
0 103 166 3
1 104 167 3
0 105 169 3
1 106 171 3
0 107 172 3
1 108 173 3
2 109 174 3
1 110 175 3
0 111 176 3
1 112 177 3
0 113 178 3
1 114 179 3
0 115 180 3
1 116 181 3
2 117 183 3
1 118 184 3
0 119 185 3
1 120 186 3
2 121 187 3
1 122 189 3
2 123 191 3
1 124 192 3
0 125 193 3
1 126 194 3
0 127 195 3
1 128 196 3
0 129 198 3
1 130 200 4
2 131 202 4
1 132 203 4
2 133 205 4
1 134 206 4
0 135 208 4
1 136 209 4
2 137 212 4
1 138 213 4
2 139 214 4
1 140 216 4
0 141 217 4
1 142 221 4
0 143 222 4
1 144 223 4
0 145 224 4
1 146 225 4
2 147 226 4
1 148 229 4
0 149 236 4
1 150 239 4
0 151 240 4
1 152 241 4
0 153 243 4
1 154 245 4
2 155 246 4
1 156 247 4
0 157 248 4
1 158 249 4
0 159 250 4
1 160 251 4
0 161 253 4
1 162 254 4
0 163 255 4
1 164 257 5
2 165 260 5
1 166 261 5
2 167 262 5
1 168 266 5
0 169 270 5
1 170 271 5
0 171 274 5
1 172 275 5
0 173 276 5
1 174 277 5
0 175 278 5
1 176 281 5
0 177 282 5
1 178 284 5
0 179 286 5
1 180 288 5
0 181 290 5
1 182 291 5
0 183 292 5
1 184 294 5
0 185 298 5
1 186 299 5
0 187 300 5
1 188 301 5
0 189 302 5
1 190 304 5
0 191 306 5
1 192 307 6
0 193 308 6
1 194 310 6
0 195 311 6
1 196 312 6
0 197 313 6
1 198 314 6
0 199 316 6
1 200 317 6
2 201 318 6
1 202 320 6
0 203 322 6
1 204 329 6
0 205 330 6
1 206 331 6
0 207 332 6
1 208 333 6
2 209 334 6
1 210 335 6
0 211 337 6
1 212 339 6
2 213 341 6
1 214 343 6
0 215 344 6
1 216 345 6
0 217 348 6
1 218 349 6
0 219 352 6
1 220 353 6
0 221 354 6
1 222 356 6
0 223 357 6
1 224 359 7
0 225 361 7
1 226 362 7
2 227 363 7
1 228 366 7
0 229 368 7
1 230 369 7
0 231 371 7
1 232 372 7
0 233 374 7
1 234 375 7
0 235 376 7
1 236 377 7
0 237 378 7
1 238 379 7
0 239 380 7
1 240 381 7
2 241 382 7
1 242 383 7
0 243 384 7
1 244 387 7
0 245 388 7
1 246 389 7
0 247 391 7
1 248 392 7
0 249 393 7
1 250 394 7
2 251 395 7
1 252 396 7
2 253 397 7
1 254 398 7
2 255 400 7
1 256 402 7
0 257 403 7
1 258 404 7
0 259 406 7
1 260 407 7
2 261 408 7
1 262 410 7
2 263 411 7
1 264 413 7
0 265 414 7
1 266 415 7
0 267 417 7
1 268 418 7
0 269 419 7
1 270 420 7
2 271 423 7
1 272 424 7
0 273 425 7
1 274 427 7
2 275 428 7
1 276 429 7
2 277 430 7
1 278 431 7
0 279 432 7
1 280 433 7
2 281 434 7
1 282 435 7
0 283 436 7
1 284 437 7
2 285 438 7
1 286 439 7
2 287 440 7
1 288 441 7
2 289 442 7
1 290 443 7
2 291 444 7
1 292 445 7
0 293 446 7
1 294 447 7
2 295 448 7
1 296 449 7
2 297 450 7
1 298 451 7
0 299 452 7
1 300 453 7
2 301 454 7
1 302 455 7
2 303 456 7
1 304 457 7
2 305 458 7
1 306 459 7
0 307 460 7
1 308 461 7
2 309 462 7
1 310 463 7
0 311 464 7
1 312 465 7
0 313 466 7
1 314 467 7
2 315 468 7
1 316 469 7
0 317 470 7
1 318 471 7
0 319 472 7
1 320 473 7
0 321 474 7
1 322 475 7
2 323 476 7
1 324 477 7
0 325 478 7
1 326 479 7
2 327 480 7
1 328 481 7
0 329 482 7
1 330 483 7
0 331 484 7
1 332 485 7
0 333 486 7
1 334 487 7
2 335 488 7
1 336 489 7
0 337 490 7
1 338 491 7
2 339 492 7
1 340 493 7
2 341 494 7
1 342 495 7
0 343 496 7
1 344 497 7
2 345 498 7
1 346 499 7
2 347 500 7
1 348 501 7
0 349 502 7
1 350 503 7
2 351 504 7
1 352 505 7
2 353 506 7
1 354 507 7
2 355 508 7
1 356 509 7
0 357 510 7
1 358 511 7
2 359 512 7
1 360 513 7
2 361 514 7
1 362 515 7
0 363 516 7
1 364 517 7
2 365 518 7
1 366 519 7
0 367 520 7
1 368 521 7
0 369 522 7
1 370 523 7
0 371 524 7
1 372 525 7
0 373 526 7
1 374 527 7
2 375 528 7
1 376 529 7
0 377 530 7
1 378 531 7
2 379 532 7
1 380 533 7
2 381 534 7
1 382 535 7
0 383 536 7
1 384 537 7
2 385 538 7
1 386 539 7
0 387 540 7
1 388 541 7
2 389 542 7
1 390 543 7
2 391 544 7
1 392 545 7
2 393 546 7
1 394 547 7
0 395 548 7
1 396 549 7
0 397 550 7
1 398 551 7
0 399 552 7
1 400 553 7
0 401 554 7
1 402 555 7
0 403 556 7
1 404 557 7
0 405 558 7
1 406 559 7
0 407 560 7
1 408 561 7
2 409 562 7
1 410 563 7
0 411 564 7
1 412 565 7
0 413 566 7
1 414 567 7
0 415 568 7
1 416 569 7
0 417 570 7
1 418 571 7
2 419 572 7
1 420 573 7
0 421 574 7
1 422 575 7
2 423 576 7
1 424 577 7
0 425 578 7
1 426 579 7
0 427 580 7
1 428 581 7
0 429 582 7
1 430 583 7
0 431 584 7
1 432 585 7
0 433 586 7
1 434 587 7
2 435 588 7
1 436 589 7
0 437 590 7
1 438 591 7
0 439 592 7
1 440 593 7
2 441 594 7
1 442 595 7
0 443 596 7
1 444 597 7
2 445 598 7
1 446 599 7
2 447 600 7
1 448 601 7
0 449 602 7
1 450 603 7
2 451 604 7
1 452 605 7
0 453 606 7
1 454 607 7
2 455 608 7
1 456 609 7
2 457 610 7
1 458 611 7
2 459 612 7
1 460 613 7
2 461 614 7
1 462 615 7
0 463 616 7
1 464 617 7
2 465 618 7
1 466 619 7
2 467 620 7
1 468 621 7
2 469 622 7
1 470 623 7
0 471 624 7
1 472 625 7
2 473 626 7
1 474 627 7
0 475 628 7
1 476 629 7
0 477 630 7
1 478 631 7
0 479 632 7
1 480 633 7
2 481 634 7
1 482 635 7
2 483 636 7
1 484 637 7
2 485 638 7
1 486 639 7
0 487 640 7
1 488 641 7
0 489 642 7
1 490 643 7
2 491 644 7
1 492 645 7
0 493 646 7
1 494 647 7
0 495 648 7
1 496 649 7
0 497 650 7
1 498 651 7
0 499 652 7
1 500 653 7
2 501 654 7
1 502 655 7
2 503 656 7
1 504 657 7
0 505 658 7
1 506 659 7
2 507 660 7
1 508 661 7
0 509 662 7
1 510 663 7
2 511 664 7
1 512 665 7
0 513 666 7
1 514 667 7
2 515 668 7
1 516 669 7
0 517 670 7
1 518 671 7
0 519 672 7
1 520 673 7
0 521 674 7
1 522 675 7
2 523 676 7
1 524 677 7
2 525 678 7
1 526 679 7
2 527 680 7
1 528 681 7
2 529 682 7
1 530 683 7
0 531 684 7
1 532 685 7
2 533 686 7
1 534 687 7
0 535 688 7
1 536 689 7
0 537 690 7
1 538 691 7
0 539 692 7
1 540 693 7
0 541 694 7
1 542 695 7
0 543 696 7
1 544 697 7
2 545 698 7
1 546 699 7
0 547 700 7
1 548 701 7
2 549 702 7
1 550 703 7
0 551 704 7
1 552 705 7
0 553 706 7
1 554 707 7
0 555 708 7
1 556 709 7
2 557 710 7
1 558 711 7
0 559 712 7
1 560 713 7
2 561 714 7
1 562 715 7
0 563 716 7
1 564 717 7
2 565 718 7
1 566 719 7
2 567 720 7
1 568 721 7
0 569 722 7
1 570 723 7
0 571 724 7
1 572 725 7
0 573 726 7
1 574 727 7
2 575 728 7
1 576 729 7
2 577 730 7
1 578 731 7
0 579 732 7
1 580 733 7
2 581 734 7
1 582 735 7
2 583 736 7
1 584 737 7
0 585 738 7
1 586 739 7
2 587 740 7
1 588 741 7
0 589 742 7
1 590 743 7
0 591 744 7
1 592 745 7
2 593 746 7
1 594 747 7
0 595 748 7
1 596 749 7
2 597 750 7
1 598 751 7
0 599 752 7
1 600 753 7
0 601 754 7
1 602 755 7
2 603 756 7
1 604 757 7
0 605 758 7
1 606 759 7
2 607 760 7
1 608 761 7
0 609 762 7
1 610 763 7
2 611 764 7
1 612 765 7
2 613 766 7
1 614 767 7
2 615 768 7
1 616 769 7
2 617 770 7
1 618 771 7
0 619 772 7
1 620 773 7
2 621 774 7
1 622 775 7
2 623 776 7
1 624 777 7
0 625 778 7
1 626 779 7
2 627 780 7
1 628 781 7
0 629 782 7
1 630 783 7
2 631 784 7
1 632 785 7
2 633 786 7
1 634 787 7
2 635 788 7
1 636 789 7
2 637 790 7
1 638 791 7
0 639 792 7
1 640 793 7
2 641 794 7
1 642 795 7
2 643 796 7
1 644 797 7
2 645 798 7
1 646 799 7
2 647 800 7
1 648 801 7
2 649 802 7
1 650 803 7
2 651 804 7
1 652 805 7
2 653 806 7
1 654 807 7
2 655 808 7
1 656 809 7
2 657 810 7
1 658 811 7
0 659 812 7
1 660 813 7
2 661 814 7
1 662 815 7
0 663 816 7
1 664 817 7
2 665 818 7
1 666 819 7
0 667 820 7
1 668 821 7
0 669 822 7
1 670 823 7
2 671 824 7
1 672 825 7
0 673 826 7
1 674 827 7
2 675 828 7
1 676 829 7
2 677 830 7
1 678 831 7
0 679 832 7
1 680 833 7
2 681 834 7
1 682 835 7
0 683 836 7
1 684 837 7
2 685 838 7
1 686 839 7
0 687 840 7
1 688 841 7
2 689 842 7
1 690 843 7
0 691 844 7
1 692 845 7
0 693 846 7
1 694 847 7
2 695 848 7
1 696 849 7
0 697 850 7
1 698 851 7
2 699 852 7
1 700 853 7
2 701 854 7
1 702 855 7
2 703 856 7
1 704 857 7
0 705 858 7
1 706 859 7
2 707 860 7
1 708 861 7
0 709 862 7
1 710 863 7
2 711 864 7
1 712 865 7
0 713 866 7
1 714 867 7
0 715 868 7
1 716 869 7
2 717 870 7
1 718 871 7
2 719 872 7
1 720 873 7
2 721 874 7
1 722 875 7
2 723 876 7
1 724 877 7
2 725 878 7
1 726 879 7
0 727 880 7
1 728 881 7
0 729 882 7
1 730 883 7
0 731 884 7
1 732 885 7
2 733 886 7
1 734 887 7
0 735 888 7
1 736 889 7
0 737 890 7
1 738 891 7
2 739 892 7
1 740 893 7
0 741 894 7
1 742 895 7
2 743 896 7
1 744 897 7
2 745 898 7
1 746 899 7
2 747 900 7
1 748 901 7
2 749 902 7
1 750 903 7
0 751 904 7
1 752 905 7
0 753 906 7
1 754 907 7
0 755 908 7
1 756 909 7
2 757 910 7
1 758 911 7
0 759 912 7
1 760 913 7
2 761 914 7
1 762 915 7
0 763 916 7
1 764 917 7
0 765 918 7
1 766 919 7
0 767 920 7
1 768 921 7
2 769 922 7
1 770 923 7
2 771 924 7
1 772 925 7
0 773 926 7
1 774 927 7
2 775 928 7
1 776 929 7
0 777 930 7
1 778 931 7
0 779 932 7
1 780 933 7
0 781 934 7
1 782 935 7
0 783 936 7
1 784 937 7
0 785 938 7
1 786 939 7
2 787 940 7
1 788 941 7
2 789 942 7
1 790 943 7
2 791 944 7
1 792 945 7
0 793 946 7
1 794 947 7
2 795 948 7
1 796 949 7
0 797 950 7
1 798 951 7
2 799 952 7
1 800 953 7
2 801 954 7
1 802 955 7
2 803 956 7
1 804 957 7
0 805 958 7
1 806 959 7
2 807 960 7
1 808 961 7
0 809 962 7
1 810 963 7
0 811 964 7
1 812 965 7
0 813 966 7
1 814 967 7
2 815 968 7
1 816 969 7
2 817 970 7
1 818 971 7
2 819 972 7
1 820 973 7
0 821 974 7
1 822 975 7
2 823 976 7
1 824 977 7
0 825 978 7
1 826 979 7
0 827 980 7
1 828 981 7
2 829 982 7
1 830 983 7
2 831 984 7
1 832 985 7
0 833 986 7
1 834 987 7
0 835 988 7
1 836 989 7
2 837 990 7
1 838 991 7
2 839 992 7
1 840 993 7
0 841 994 7
1 842 995 7
2 843 996 7
1 844 997 7
0 845 998 7
1 846 999 7
2 847 1000 7
2 848 1000 7
