#data counter step time
2 1 0 0
1 2 6 0
0 3 10 0
1 4 13 1
0 5 14 1
1 6 16 1
0 7 17 1
1 8 20 1
0 9 24 1
1 10 25 1
0 11 26 1
1 12 27 1
0 13 29 1
1 14 30 1
0 15 31 1
1 16 34 1
0 17 36 1
1 18 37 1
0 19 38 1
1 20 39 1
0 21 40 1
1 22 41 1
0 23 43 1
1 24 45 1
0 25 46 1
1 26 47 1
2 27 51 2
1 28 56 2
0 29 57 2
1 30 60 2
0 31 62 2
1 32 68 2
0 33 69 2
1 34 71 2
2 35 75 2
1 36 77 2
0 37 78 2
1 38 79 2
0 39 80 2
1 40 81 2
2 41 82 2
1 42 83 2
0 43 84 2
1 44 85 2
0 45 88 2
1 46 90 2
0 47 92 2
1 48 95 2
2 49 98 2
1 50 101 2
0 51 102 2
1 52 104 2
2 53 106 2
1 54 108 2
0 55 109 2
1 56 110 2
2 57 111 2
1 58 112 2
2 59 113 2
1 60 116 2
0 61 119 2
1 62 126 2
0 63 127 2
1 64 129 2
2 65 131 2
1 66 133 2
2 67 134 2
1 68 136 2
0 69 137 2
1 70 138 2
0 71 139 2
1 72 141 2
2 73 143 3
1 74 150 3
0 75 151 3
1 76 155 3
2 77 156 3
1 78 158 3
2 79 159 3
1 80 160 3
0 81 161 3
1 82 164 3
0 83 166 3
1 84 168 4
2 85 170 4
1 86 172 4
2 87 173 4
1 88 176 4
2 89 178 4
1 90 186 4
2 91 187 4
1 92 191 4
2 93 192 4
1 94 194 4
0 95 196 4
1 96 197 4
0 97 200 4
1 98 201 4
0 99 202 4
1 100 205 4
0 101 206 4
1 102 209 4
0 103 212 4
1 104 213 4
0 105 214 4
1 106 217 5
0 107 220 5
1 108 221 5
0 109 222 5
1 110 223 5
0 111 225 5
1 112 226 5
0 113 229 5
1 114 230 5
0 115 231 5
1 116 233 5
0 117 234 5
1 118 235 5
0 119 238 5
1 120 239 5
0 121 241 5
1 122 242 5
0 123 243 5
1 124 244 5
2 125 247 6
1 126 251 6
2 127 252 6
1 128 255 6
2 129 256 6
1 130 257 6
2 131 258 6
1 132 262 7
0 133 264 7
1 134 267 7
0 135 269 7
1 136 272 7
2 137 274 7
1 138 276 7
0 139 277 7
1 140 278 7
0 141 280 7
1 142 281 7
2 143 283 7
1 144 286 8
0 145 288 8
1 146 290 8
0 147 291 8
1 148 296 8
0 149 297 8
1 150 299 8
2 151 301 8
1 152 306 8
0 153 308 8
1 154 309 8
0 155 310 8
1 156 313 8
0 157 314 8
1 158 315 8
0 159 317 8
1 160 319 8
2 161 320 8
1 162 321 8
0 163 322 8
1 164 323 8
0 165 330 9
1 166 331 9
0 167 332 9
1 168 334 9
2 169 335 9
1 170 337 9
2 171 339 9
1 172 348 10
2 173 349 10
1 174 350 10
0 175 351 10
1 176 354 10
0 177 355 10
1 178 360 10
0 179 363 10
1 180 365 10
2 181 366 10
1 182 368 10
2 183 370 10
1 184 371 10
2 185 372 10
1 186 373 10
0 187 374 10
1 188 380 10
0 189 382 10
1 190 385 10
0 191 388 10
1 192 389 10
0 193 391 10
1 194 393 10
0 195 394 10
1 196 395 10
0 197 396 10
1 198 398 10
0 199 399 10
1 200 403 10
0 201 404 10
1 202 405 10
0 203 409 10
1 204 410 10
0 205 414 10
1 206 416 10
0 207 419 10
1 208 421 11
2 209 422 11
1 210 423 11
0 211 425 11
1 212 429 12
0 213 430 12
1 214 433 12
0 215 434 12
1 216 436 12
0 217 439 12
1 218 441 13
2 219 443 13
1 220 445 13
2 221 446 13
1 222 449 13
2 223 450 13
1 224 451 13
0 225 453 13
1 226 454 13
0 227 455 13
1 228 457 13
0 229 459 13
1 230 460 13
0 231 462 13
1 232 463 13
0 233 464 13
1 234 465 13
0 235 468 13
1 236 469 13
2 237 471 14
1 238 475 14
2 239 476 14
1 240 477 14
0 241 481 14
1 242 482 14
2 243 483 14
1 244 485 14
2 245 487 14
1 246 493 15
0 247 494 15
1 248 501 16
2 249 502 16
1 250 504 16
0 251 505 16
1 252 506 16
0 253 512 16
1 254 513 16
0 255 516 16
1 256 517 16
0 257 520 16
1 258 521 16
0 259 524 16
1 260 525 16
0 261 527 16
1 262 529 17
0 263 531 17
1 264 533 17
2 265 534 17
1 266 537 17
2 267 540 17
1 268 542 17
0 269 543 17
1 270 544 17
0 271 545 17
1 272 546 17
0 273 549 17
1 274 550 17
0 275 551 17
1 276 553 17
2 277 554 17
1 278 555 17
0 279 556 17
1 280 559 17
2 281 560 17
1 282 561 17
0 283 562 17
1 284 563 17
2 285 569 18
1 286 572 18
0 287 573 18
1 288 574 18
0 289 575 18
1 290 577 18
2 291 578 18
1 292 582 19
2 293 584 19
1 294 588 19
0 295 589 19
1 296 590 19
0 297 592 19
1 298 593 19
0 299 596 20
1 300 597 20
2 301 598 20
1 302 602 20
2 303 603 20
1 304 607 21
0 305 609 21
1 306 611 21
0 307 616 21
1 308 617 21
0 309 618 21
1 310 619 21
0 311 623 21
1 312 626 21
0 313 628 21
1 314 633 22
0 315 635 22
1 316 637 22
2 317 638 22
1 318 641 22
0 319 642 22
1 320 643 22
2 321 644 22
1 322 645 22
2 323 648 22
1 324 650 22
2 325 651 22
1 326 652 22
2 327 654 22
1 328 656 22
2 329 657 22
1 330 659 22
2 331 660 22
1 332 662 22
2 333 663 22
1 334 667 23
0 335 668 23
1 336 673 23
2 337 674 23
1 338 675 23
0 339 678 23
1 340 685 23
0 341 687 23
1 342 688 23
0 343 691 23
1 344 692 23
0 345 695 23
1 346 696 23
0 347 698 23
1 348 699 23
0 349 700 23
1 350 702 23
0 351 704 23
1 352 705 23
0 353 706 23
1 354 708 23
0 355 709 23
1 356 711 23
0 357 713 23
1 358 714 23
0 359 716 23
1 360 717 23
0 361 720 24
1 362 721 24
2 363 723 24
1 364 726 24
0 365 729 24
1 366 730 24
0 367 732 24
1 368 735 24
2 369 736 24
1 370 739 24
2 371 740 24
1 372 742 24
2 373 743 24
1 374 745 24
0 375 747 24
1 376 749 24
0 377 751 24
1 378 753 24
2 379 755 24
1 380 758 25
2 381 761 25
1 382 763 25
0 383 764 25
1 384 766 25
2 385 769 25
1 386 773 25
2 387 774 25
1 388 776 25
2 389 777 25
1 390 778 25
2 391 779 25
1 392 782 25
0 393 785 25
1 394 789 25
0 395 791 25
1 396 792 25
0 397 793 25
1 398 795 26
2 399 796 26
1 400 797 26
0 401 800 26
1 402 802 26
0 403 804 26
1 404 809 26
0 405 811 26
1 406 813 26
0 407 814 26
1 408 815 26
0 409 818 26
1 410 819 26
0 411 820 26
1 412 821 26
0 413 822 26
1 414 825 26
2 415 827 27
1 416 830 27
2 417 832 27
1 418 833 27
2 419 834 27
1 420 838 28
2 421 839 28
1 422 842 28
2 423 843 28
1 424 847 28
2 425 848 28
1 426 850 28
2 427 852 28
1 428 854 28
0 429 856 28
1 430 859 28
0 431 861 28
1 432 869 29
0 433 871 29
1 434 872 29
0 435 873 29
1 436 877 29
0 437 879 29
1 438 880 29
0 439 881 29
1 440 885 29
0 441 886 29
1 442 889 29
0 443 890 29
1 444 891 29
2 445 895 29
1 446 897 29
2 447 899 29
1 448 901 29
2 449 903 29
1 450 904 29
2 451 905 29
1 452 909 29
2 453 911 29
1 454 912 29
0 455 916 29
1 456 917 29
0 457 918 29
1 458 921 30
2 459 924 30
1 460 925 30
0 461 927 30
1 462 929 30
2 463 931 30
1 464 932 30
0 465 935 30
1 466 936 30
2 467 937 30
1 468 938 30
2 469 939 30
1 470 941 30
0 471 943 30
1 472 944 30
0 473 945 30
1 474 948 30
0 475 949 30
1 476 951 30
0 477 952 30
1 478 953 30
0 479 954 30
1 480 955 30
2 481 956 30
1 482 963 31
2 483 965 31
1 484 967 31
0 485 969 31
1 486 970 31
0 487 971 31
1 488 972 31
0 489 973 31
1 490 974 31
2 491 977 31
1 492 982 32
2 493 984 32
1 494 985 32
2 495 989 32
1 496 990 32
0 497 991 32
1 498 993 32
2 499 995 32
2 500 1000 33
