#data counter step time
0 1 0 0
1 2 1 0
2 3 2 0
1 4 3 0
0 5 4 0
1 6 5 0
2 7 6 0
1 8 11 0
2 9 12 0
3 10 13 0
2 11 15 0
3 12 16 0
2 13 17 0
1 14 19 0
2 15 22 1
3 16 23 1
4 17 24 1
5 18 25 1
6 19 26 1
7 20 28 1
8 21 31 1
9 22 32 1
8 23 34 1
7 24 37 1
8 25 38 1
9 26 41 1
8 27 42 1
9 28 43 1
8 29 44 1
9 30 46 1
8 31 47 1
7 32 49 1
8 33 53 1
9 34 54 1
8 35 56 1
7 36 57 1
8 37 61 1
7 38 62 1
6 39 65 1
7 40 66 1
8 41 68 1
9 42 71 2
10 43 74 2
9 44 75 2
8 45 76 2
7 46 79 2
8 47 80 2
9 48 84 3
10 49 85 3
9 50 86 3
10 51 90 3
9 52 91 3
8 53 93 3
9 54 94 3
10 55 96 3
9 56 98 3
8 57 99 3
7 58 101 3
8 59 102 3
7 60 106 3
8 61 108 3
9 62 110 3
8 63 111 3
7 64 114 3
6 65 117 3
5 66 121 3
4 67 123 3
3 68 126 3
2 69 128 3
1 70 131 3
0 71 134 3
1 72 141 4
0 73 142 4
1 74 143 5
0 75 144 5
1 76 145 5
2 77 147 5
1 78 148 5
2 79 149 5
3 80 152 5
4 81 153 5
5 82 155 5
4 83 156 5
5 84 157 5
6 85 159 5
7 86 160 5
6 87 162 5
7 88 164 5
6 89 166 5
5 90 169 5
6 91 170 5
5 92 172 5
6 93 175 5
7 94 176 5
6 95 177 5
7 96 179 5
6 97 180 5
5 98 185 5
6 99 186 5
7 100 188 5
8 101 190 5
9 102 191 5
8 103 192 5
7 104 194 5
8 105 196 5
9 106 198 5
8 107 199 5
9 108 203 5
8 109 204 5
9 110 206 5
8 111 207 5
9 112 209 5
8 113 210 5
7 114 213 5
8 115 214 5
7 116 217 5
6 117 220 5
5 118 224 5
4 119 228 5
3 120 231 5
2 121 233 5
1 122 235 5
0 123 238 5
1 124 244 6
0 125 246 6
1 126 247 6
0 127 248 6
1 128 249 6
0 129 251 6
1 130 253 6
0 131 256 6
1 132 257 6
0 133 258 6
1 134 259 6
2 135 260 6
1 136 262 6
2 137 264 6
3 138 265 6
4 139 266 6
5 140 268 6
4 141 271 6
3 142 273 6
2 143 274 6
3 144 276 6
4 145 279 6
5 146 280 6
6 147 281 6
5 148 282 6
4 149 283 6
5 150 286 6
6 151 287 6
5 152 291 6
6 153 292 6
5 154 293 6
6 155 295 6
5 156 297 6
6 157 302 6
5 158 304 6
4 159 305 6
5 160 307 6
6 161 308 6
5 162 311 6
6 163 313 6
7 164 314 6
6 165 316 6
7 166 317 6
8 167 318 6
9 168 320 6
8 169 323 6
7 170 324 6
8 171 325 6
9 172 328 6
8 173 330 6
7 174 335 6
6 175 337 6
5 176 339 6
4 177 342 6
5 178 345 7
6 179 346 7
7 180 347 7
6 181 350 7
5 182 355 7
4 183 358 7
3 184 359 7
2 185 362 7
1 186 367 7
0 187 370 7
1 188 373 8
2 189 374 8
3 190 375 8
4 191 376 8
5 192 377 8
4 193 378 8
5 194 379 8
4 195 381 8
3 196 383 8
2 197 386 8
3 198 387 8
4 199 389 8
3 200 391 8
2 201 392 8
3 202 393 8
4 203 396 8
3 204 397 8
4 205 398 8
3 206 400 8
4 207 401 8
5 208 404 8
6 209 406 8
5 210 409 8
6 211 411 8
5 212 412 8
6 213 413 8
5 214 417 8
4 215 419 8
5 216 420 8
4 217 423 8
3 218 427 8
4 219 429 8
3 220 430 8
2 221 431 8
3 222 433 8
4 223 434 8
3 224 436 8
2 225 437 8
3 226 439 8
4 227 440 8
3 228 444 8
2 229 448 8
1 230 450 8
0 231 454 8
1 232 457 9
2 233 458 9
3 234 459 9
4 235 460 9
5 236 461 9
6 237 462 9
7 238 464 9
6 239 465 9
7 240 468 9
6 241 470 9
5 242 472 9
6 243 473 9
7 244 474 9
6 245 477 9
5 246 482 9
4 247 486 9
3 248 487 9
2 249 491 9
1 250 492 9
0 251 495 9
1 252 501 10
2 253 502 10
1 254 503 10
2 255 504 10
3 256 505 10
2 257 506 10
3 258 507 10
2 259 512 10
1 260 513 10
2 261 514 10
3 262 515 10
4 263 516 10
5 264 517 10
6 265 518 10
7 266 520 10
8 267 522 10
7 268 523 10
6 269 524 10
5 270 527 10
6 271 528 10
5 272 529 10
4 273 533 10
3 274 534 10
2 275 536 10
1 276 542 10
0 277 543 10
1 278 553 11
2 279 554 11
1 280 555 11
2 281 556 11
1 282 557 11
2 283 558 11
1 284 561 11
2 285 565 11
1 286 566 11
0 287 567 11
1 288 569 11
0 289 570 11
1 290 572 11
0 291 573 11
1 292 574 11
0 293 578 11
1 294 580 11
2 295 582 11
3 296 583 11
4 297 584 11
5 298 585 12
4 299 587 12
5 300 589 12
4 301 591 12
5 302 592 12
6 303 594 12
7 304 595 12
6 305 598 12
7 306 599 12
6 307 601 12
7 308 604 12
6 309 607 12
5 310 608 12
6 311 609 12
7 312 611 12
8 313 612 12
7 314 614 12
6 315 617 12
5 316 621 12
4 317 623 12
5 318 624 12
6 319 625 12
5 320 626 12
6 321 627 12
5 322 630 12
6 323 632 12
7 324 633 12
8 325 635 12
9 326 636 12
8 327 638 12
9 328 639 12
8 329 640 12
9 330 644 12
8 331 648 12
7 332 651 13
6 333 654 13
7 334 655 13
8 335 656 13
9 336 658 14
10 337 660 14
9 338 663 14
8 339 664 14
7 340 666 14
8 341 668 14
7 342 670 14
6 343 673 14
7 344 675 14
6 345 678 14
5 346 679 14
6 347 680 14
7 348 681 14
6 349 684 14
5 350 690 14
4 351 694 14
3 352 697 14
2 353 698 14
1 354 700 14
0 355 702 14
1 356 708 15
0 357 709 15
1 358 710 15
0 359 711 15
1 360 713 15
2 361 714 15
1 362 716 15
2 363 717 15
1 364 721 15
2 365 722 15
1 366 725 15
0 367 728 15
1 368 731 16
0 369 732 16
1 370 734 16
0 371 736 16
1 372 739 16
2 373 740 16
1 374 741 16
0 375 743 16
1 376 749 17
0 377 750 17
1 378 753 18
2 379 754 18
3 380 755 18
2 381 756 18
3 382 759 18
2 383 760 18
3 384 761 18
4 385 763 18
3 386 764 18
4 387 767 18
5 388 768 18
4 389 769 18
5 390 772 18
4 391 774 18
3 392 775 18
2 393 777 18
3 394 783 18
2 395 784 18
3 396 785 18
2 397 786 18
3 398 787 18
4 399 788 18
3 400 790 18
2 401 793 18
1 402 795 18
0 403 800 18
1 404 803 19
2 405 804 19
1 406 806 19
2 407 807 19
1 408 808 19
0 409 813 19
1 410 817 20
2 411 818 20
3 412 819 20
2 413 820 20
3 414 821 20
2 415 822 20
1 416 824 20
2 417 826 20
3 418 827 20
4 419 828 20
3 420 830 20
4 421 832 21
5 422 833 21
4 423 838 21
3 424 840 21
2 425 842 21
1 426 845 21
0 427 847 21
1 428 853 22
0 429 854 22
1 430 857 23
2 431 858 23
1 432 859 23
0 433 862 23
1 434 864 23
0 435 865 23
1 436 869 23
0 437 870 23
1 438 873 24
2 439 874 24
3 440 875 24
4 441 876 24
5 442 877 24
4 443 878 24
3 444 879 24
2 445 881 24
1 446 884 24
0 447 888 24
1 448 893 25
2 449 894 25
1 450 895 25
2 451 896 25
1 452 898 25
0 453 899 25
1 454 901 25
0 455 903 25
1 456 905 25
2 457 906 25
1 458 908 25
0 459 910 25
1 460 911 25
2 461 912 25
3 462 914 25
2 463 915 25
3 464 916 25
4 465 917 25
3 466 924 26
2 467 926 26
3 468 927 26
4 469 929 26
5 470 930 26
4 471 931 26
5 472 934 26
6 473 936 26
7 474 937 26
6 475 938 26
7 476 940 26
8 477 941 26
7 478 943 26
6 479 944 26
5 480 949 26
4 481 950 26
3 482 954 26
2 483 956 26
1 484 960 26
0 485 964 26
1 486 969 27
2 487 970 27
3 488 971 27
4 489 972 27
5 490 973 27
4 491 974 27
5 492 976 27
4 493 977 27
5 494 979 27
4 495 980 27
3 496 982 27
4 497 984 27
5 498 985 27
6 499 986 27
7 500 987 27
8 501 988 27
9 502 991 28
8 503 992 28
9 504 994 28
8 505 995 28
7 506 998 28
7 507 1000 28
