#data counter step time
0 1 0 0
1 2 1 0
2 3 2 0
3 4 3 0
4 5 4 0
3 6 5 0
4 7 6 0
3 8 7 0
2 9 9 0
3 10 10 0
4 11 13 0
3 12 15 0
2 13 17 0
1 14 19 0
0 15 22 0
1 16 25 1
2 17 26 1
3 18 27 1
4 19 28 1
5 20 32 1
6 21 33 1
7 22 34 1
8 23 35 1
7 24 36 1
6 25 38 1
7 26 42 1
6 27 43 1
5 28 44 1
6 29 45 1
7 30 50 1
6 31 51 1
7 32 53 1
8 33 54 1
9 34 57 1
8 35 58 1
9 36 59 1
8 37 62 1
7 38 64 1
6 39 65 1
5 40 69 1
4 41 74 1
3 42 76 1
2 43 79 1
1 44 83 1
0 45 84 1
1 46 88 2
0 47 90 2
1 48 92 2
0 49 94 2
1 50 95 2
0 51 96 2
1 52 97 2
2 53 98 2
3 54 99 2
4 55 102 2
3 56 103 2
2 57 106 2
1 58 108 2
2 59 109 2
3 60 110 2
4 61 111 2
5 62 112 2
6 63 114 2
7 64 115 2
8 65 116 2
7 66 118 3
8 67 120 3
9 68 123 3
10 69 126 3
9 70 127 3
8 71 128 3
7 72 133 3
8 73 134 3
9 74 136 3
8 75 137 3
9 76 138 3
10 77 141 3
9 78 142 3
10 79 145 3
9 80 147 3
10 81 149 3
9 82 150 3
8 83 152 3
7 84 154 3
8 85 156 3
9 86 158 3
8 87 159 3
9 88 161 3
8 89 162 3
7 90 167 3
8 91 168 3
9 92 170 4
8 93 174 4
7 94 177 4
8 95 180 4
9 96 181 4
10 97 182 4
9 98 183 4
8 99 184 4
9 100 187 4
8 101 188 4
7 102 191 4
8 103 193 4
7 104 194 4
8 105 195 4
9 106 198 4
8 107 199 4
7 108 202 4
8 109 204 4
9 110 206 5
10 111 209 5
9 112 210 5
8 113 211 5
9 114 213 5
8 115 214 5
9 116 216 5
8 117 217 5
7 118 219 5
6 119 221 5
7 120 223 5
8 121 224 5
9 122 228 5
8 123 229 5
7 124 231 5
8 125 232 5
9 126 238 5
8 127 239 5
9 128 242 5
8 129 243 5
9 130 246 5
8 131 247 5
7 132 250 5
8 133 252 5
7 134 255 6
8 135 259 6
9 136 260 6
8 137 261 6
9 138 263 6
8 139 266 6
7 140 267 6
8 141 270 6
7 142 272 6
8 143 273 6
7 144 274 6
8 145 276 6
9 146 278 6
10 147 280 6
9 148 281 6
8 149 282 6
7 150 286 6
8 151 292 6
7 152 293 6
8 153 295 6
9 154 296 6
10 155 297 6
9 156 298 6
8 157 299 6
7 158 302 6
8 159 304 6
7 160 305 6
8 161 309 6
9 162 310 6
8 163 313 6
9 164 314 6
8 165 317 6
7 166 318 6
8 167 319 6
7 168 324 7
8 169 325 7
7 170 327 7
8 171 329 7
7 172 330 7
8 173 332 7
9 174 334 7
8 175 335 7
7 176 336 7
8 177 337 7
9 178 339 7
8 179 342 7
9 180 345 7
8 181 347 7
9 182 349 7
8 183 350 7
9 184 355 7
8 185 356 7
9 186 358 7
8 187 359 7
9 188 361 7
8 189 362 7
7 190 365 7
8 191 367 7
7 192 368 7
8 193 369 7
7 194 372 7
6 195 374 7
7 196 375 7
8 197 376 7
7 198 378 7
6 199 382 7
5 200 386 7
4 201 388 7
3 202 393 7
2 203 396 7
1 204 399 7
0 205 401 7
1 206 408 8
0 207 409 8
1 208 410 8
0 209 412 8
1 210 417 9
2 211 418 9
1 212 419 9
0 213 420 9
1 214 423 9
0 215 424 9
1 216 425 9
2 217 426 9
1 218 429 9
2 219 430 10
3 220 431 10
2 221 435 10
1 222 436 10
2 223 439 10
3 224 441 10
2 225 444 10
1 226 445 10
0 227 447 10
1 228 448 10
2 229 449 10
3 230 452 10
4 231 453 10
5 232 455 10
4 233 456 10
5 234 457 10
6 235 458 10
7 236 461 10
6 237 462 10
5 238 464 10
6 239 465 10
7 240 467 10
8 241 468 10
9 242 470 11
8 243 471 11
7 244 476 11
8 245 477 11
9 246 478 11
8 247 480 11
7 248 482 11
8 249 483 11
7 250 487 11
8 251 490 11
9 252 491 11
8 253 492 11
7 254 494 11
8 255 495 11
7 256 499 11
6 257 502 11
5 258 505 11
4 259 507 11
3 260 509 11
2 261 513 11
3 262 515 12
4 263 516 12
5 264 518 12
4 265 519 12
5 266 523 12
6 267 524 12
5 268 525 12
6 269 526 12
7 270 528 12
8 271 529 12
7 272 532 12
6 273 533 12
7 274 534 12
6 275 537 12
7 276 538 12
8 277 539 12
7 278 542 12
6 279 545 12
7 280 548 12
8 281 549 12
7 282 551 12
6 283 554 12
5 284 557 13
6 285 558 13
5 286 560 13
6 287 561 13
7 288 562 13
6 289 564 13
5 290 569 13
4 291 574 13
3 292 575 13
2 293 580 13
1 294 581 13
0 295 585 13
1 296 589 14
0 297 590 14
1 298 591 14
2 299 592 14
3 300 593 14
4 301 594 14
5 302 595 14
4 303 596 14
3 304 598 14
4 305 600 14
3 306 602 14
2 307 605 14
3 308 607 14
4 309 610 14
5 310 611 14
6 311 612 14
5 312 613 14
6 313 614 14
7 314 615 14
8 315 616 15
7 316 618 15
6 317 622 15
5 318 626 15
4 319 627 15
3 320 630 15
2 321 633 15
1 322 635 15
0 323 639 15
1 324 643 16
2 325 644 16
1 326 645 16
0 327 648 16
1 328 652 17
2 329 654 17
1 330 655 17
2 331 656 17
3 332 657 17
2 333 659 17
1 334 663 17
0 335 665 17
1 336 669 18
0 337 670 18
1 338 673 18
0 339 674 18
1 340 675 18
2 341 676 18
1 342 678 18
0 343 681 18
1 344 683 18
2 345 684 18
3 346 686 18
2 347 687 18
3 348 688 18
2 349 690 18
3 350 691 18
2 351 694 18
1 352 696 18
0 353 698 18
1 354 703 19
2 355 706 19
1 356 707 19
0 357 708 19
1 358 711 19
0 359 712 19
1 360 715 19
2 361 716 19
3 362 719 19
4 363 720 19
3 364 721 19
2 365 724 19
3 366 725 19
2 367 726 19
3 368 728 19
4 369 730 19
3 370 731 19
4 371 732 19
3 372 735 19
4 373 736 19
5 374 737 19
6 375 738 19
5 376 740 19
4 377 743 19
3 378 745 19
2 379 747 19
1 380 753 19
0 381 755 19
1 382 761 20
0 383 762 20
1 384 763 20
0 385 764 20
1 386 766 20
0 387 767 20
1 388 773 21
0 389 774 21
1 390 777 22
0 391 778 22
1 392 779 22
0 393 780 22
1 394 781 22
2 395 782 22
3 396 783 22
4 397 784 22
5 398 785 22
6 399 787 22
7 400 788 22
6 401 792 22
5 402 793 22
6 403 794 22
7 404 797 22
8 405 800 22
7 406 801 22
8 407 802 22
7 408 805 22
6 409 806 22
7 410 809 22
8 411 810 22
9 412 811 22
10 413 812 22
9 414 815 22
8 415 817 22
9 416 819 22
8 417 820 22
7 418 822 22
6 419 826 22
5 420 829 22
4 421 832 22
5 422 833 23
6 423 834 23
5 424 836 23
6 425 838 23
7 426 839 23
8 427 841 23
9 428 842 23
8 429 844 23
9 430 845 23
8 431 846 23
7 432 848 23
6 433 854 23
7 434 855 23
8 435 856 23
9 436 858 23
8 437 860 23
9 438 862 23
8 439 863 23
7 440 865 23
6 441 867 23
5 442 870 23
4 443 872 23
3 444 876 23
4 445 880 24
5 446 883 24
4 447 884 24
5 448 886 24
6 449 889 24
5 450 890 24
4 451 891 24
5 452 895 24
6 453 896 24
7 454 897 24
8 455 898 24
9 456 900 24
8 457 901 24
9 458 903 24
10 459 904 24
9 460 906 24
8 461 908 24
9 462 910 24
8 463 912 24
9 464 914 24
8 465 916 24
9 466 918 24
8 467 919 24
7 468 921 24
8 469 922 24
7 470 926 25
6 471 929 25
5 472 931 25
6 473 934 25
5 474 935 25
4 475 938 25
5 476 939 25
6 477 944 25
7 478 945 25
8 479 948 25
7 480 949 25
6 481 950 25
5 482 953 25
4 483 955 25
5 484 957 25
4 485 959 25
3 486 962 25
2 487 966 25
1 488 969 25
0 489 971 25
1 490 973 26
2 491 975 26
3 492 979 26
4 493 980 26
3 494 981 26
2 495 982 26
3 496 983 26
4 497 987 26
3 498 988 26
4 499 989 26
5 500 990 26
4 501 991 26
5 502 992 26
6 503 993 26
5 504 995 26
6 505 996 26
7 506 998 26
7 507 1000 26
