#data counter step time
0 1 0 0
1 2 5 0
2 3 7 0
1 4 8 0
2 5 9 0
1 6 11 0
2 7 15 0
1 8 16 0
2 9 17 0
1 10 18 0
2 11 19 0
1 12 20 0
2 13 22 0
1 14 29 1
0 15 30 1
1 16 36 1
0 17 37 1
1 18 38 1
0 19 39 1
1 20 43 1
2 21 44 1
1 22 47 1
0 23 48 1
1 24 51 1
0 25 52 1
1 26 58 1
0 27 60 1
1 28 62 1
0 29 63 1
1 30 64 1
2 31 65 1
1 32 67 1
0 33 68 1
1 34 69 1
0 35 72 1
1 36 74 1
0 37 75 1
1 38 76 1
0 39 78 1
1 40 79 1
0 41 81 1
1 42 83 1
2 43 84 1
1 44 85 1
0 45 87 2
1 46 90 2
0 47 91 2
1 48 94 2
2 49 96 2
1 50 100 2
2 51 103 2
1 52 104 2
2 53 106 2
1 54 107 2
2 55 108 2
1 56 117 3
2 57 118 3
1 58 121 3
0 59 124 3
1 60 127 3
2 61 128 3
1 62 129 3
0 63 131 3
1 64 133 3
0 65 135 3
1 66 137 3
0 67 140 3
1 68 142 3
0 69 143 3
1 70 147 3
0 71 148 3
1 72 150 3
0 73 151 3
1 74 152 3
2 75 154 3
1 76 157 3
2 77 159 3
1 78 160 3
2 79 162 3
1 80 165 3
2 81 167 3
1 82 169 4
0 83 171 4
1 84 174 4
0 85 175 4
1 86 177 4
0 87 178 4
1 88 183 4
2 89 184 4
1 90 185 4
2 91 188 4
1 92 189 4
2 93 191 4
1 94 192 4
2 95 194 4
1 96 197 4
2 97 199 4
1 98 201 4
2 99 202 4
1 100 205 5
0 101 208 5
1 102 210 5
2 103 211 5
1 104 212 5
2 105 214 5
1 106 215 5
2 107 217 5
1 108 218 5
2 109 219 5
1 110 220 5
2 111 221 5
1 112 225 5
2 113 229 5
1 114 230 5
2 115 231 5
1 116 237 5
2 117 239 5
1 118 241 5
2 119 243 5
1 120 245 5
2 121 247 5
1 122 249 5
2 123 250 5
1 124 253 6
0 125 254 6
1 126 255 6
0 127 257 6
1 128 261 6
0 129 262 6
1 130 266 6
2 131 267 6
1 132 268 6
0 133 271 6
1 134 272 6
2 135 274 6
1 136 277 6
0 137 279 6
1 138 281 6
2 139 282 6
1 140 283 6
2 141 286 6
1 142 287 6
0 143 290 6
1 144 293 6
0 145 294 6
1 146 298 6
2 147 299 6
1 148 301 6
2 149 302 6
1 150 303 6
2 151 305 6
1 152 307 6
0 153 312 6
1 154 313 6
0 155 315 6
1 156 317 6
2 157 318 6
1 158 321 7
0 159 323 7
1 160 324 7
0 161 326 7
1 162 327 7
0 163 328 7
1 164 330 7
0 165 331 7
1 166 335 7
2 167 336 7
1 168 338 7
2 169 342 7
1 170 343 7
2 171 347 7
1 172 348 7
2 173 350 7
1 174 353 7
2 175 356 7
1 176 357 7
2 177 359 7
1 178 360 7
2 179 362 7
1 180 363 7
2 181 365 7
1 182 366 7
2 183 368 7
1 184 371 7
2 185 372 7
1 186 373 7
2 187 374 7
1 188 377 7
2 189 378 7
1 190 381 7
2 191 382 7
1 192 383 7
2 193 386 7
1 194 387 7
2 195 388 7
1 196 391 7
2 197 393 7
1 198 394 7
2 199 396 7
1 200 398 7
2 201 399 7
1 202 400 7
2 203 401 7
1 204 405 7
0 205 407 8
1 206 409 8
0 207 411 8
1 208 412 8
0 209 414 8
1 210 419 9
2 211 420 9
1 212 421 9
2 213 424 9
1 214 427 9
2 215 429 9
1 216 432 10
0 217 433 10
1 218 435 10
2 219 436 10
1 220 437 10
0 221 438 10
1 222 444 10
2 223 445 10
1 224 446 10
2 225 447 10
1 226 450 10
2 227 456 10
1 228 459 10
2 229 462 10
1 230 463 10
2 231 464 10
1 232 469 11
2 233 471 11
1 234 473 11
0 235 475 11
1 236 476 11
2 237 480 11
1 238 481 11
2 239 482 11
1 240 485 11
2 241 487 11
1 242 488 11
2 243 492 11
1 244 493 11
2 245 494 11
1 246 497 11
2 247 499 11
1 248 500 11
2 249 502 11
1 250 503 11
2 251 505 11
1 252 506 11
2 253 507 11
1 254 508 11
2 255 509 11
1 256 512 11
2 257 513 11
1 258 517 12
2 259 519 12
1 260 520 12
2 261 525 12
1 262 527 12
0 263 531 12
1 264 532 12
2 265 533 12
1 266 535 12
2 267 537 12
1 268 541 12
2 269 542 12
1 270 544 12
2 271 545 12
1 272 547 12
2 273 551 12
1 274 552 12
2 275 554 12
1 276 555 13
2 277 557 13
1 278 559 13
2 279 560 13
1 280 563 13
2 281 564 13
1 282 566 13
0 283 568 13
1 284 569 13
0 285 570 13
1 286 574 13
2 287 575 13
1 288 576 13
0 289 577 13
1 290 580 13
2 291 581 13
1 292 582 13
0 293 584 13
1 294 585 13
0 295 586 13
1 296 590 14
2 297 596 14
1 298 597 14
2 299 598 14
1 300 599 14
2 301 602 14
1 302 604 14
2 303 605 14
1 304 608 14
2 305 613 14
1 306 617 15
2 307 618 15
1 308 620 15
0 309 621 15
1 310 622 15
0 311 625 15
1 312 626 15
2 313 627 15
1 314 628 15
0 315 629 15
1 316 630 15
0 317 631 15
1 318 633 15
2 319 635 15
1 320 638 15
2 321 639 15
1 322 641 15
2 323 645 16
1 324 646 16
2 325 648 16
1 326 649 16
0 327 651 17
1 328 655 17
0 329 658 17
1 330 659 17
0 331 660 17
1 332 663 17
0 333 664 17
1 334 665 17
0 335 666 17
1 336 670 18
0 337 671 18
1 338 674 18
0 339 677 18
1 340 678 18
0 341 679 18
1 342 681 18
0 343 682 18
1 344 687 18
2 345 690 18
1 346 692 18
2 347 694 18
1 348 695 18
2 349 696 18
1 350 697 18
2 351 698 18
1 352 701 18
0 353 704 19
1 354 707 19
2 355 708 19
1 356 709 19
0 357 710 19
1 358 712 19
0 359 713 19
1 360 721 19
0 361 722 19
1 362 724 19
2 363 726 19
1 364 727 19
2 365 731 19
1 366 733 19
2 367 735 19
1 368 739 19
2 369 740 19
1 370 742 19
2 371 743 19
1 372 744 19
2 373 745 19
1 374 746 19
2 375 747 19
1 376 751 19
2 377 753 19
1 378 754 19
2 379 755 19
1 380 757 19
0 381 759 20
1 382 762 20
2 383 764 20
1 384 765 20
2 385 767 20
1 386 769 20
0 387 771 21
1 388 774 21
0 389 775 21
1 390 778 22
2 391 780 22
1 392 786 22
0 393 789 22
1 394 792 22
2 395 793 22
1 396 795 22
0 397 798 22
1 398 801 22
0 399 803 22
1 400 805 22
2 401 806 22
1 402 807 22
0 403 808 22
1 404 815 22
0 405 816 22
1 406 817 22
2 407 820 22
1 408 821 22
2 409 822 22
1 410 824 22
2 411 826 22
1 412 827 22
2 413 829 22
1 414 830 22
2 415 832 22
1 416 835 23
2 417 836 23
1 418 837 23
0 419 840 23
1 420 844 23
2 421 846 23
1 422 847 23
2 423 848 23
1 424 849 23
2 425 854 23
1 426 857 23
2 427 860 23
1 428 861 23
2 429 863 23
1 430 864 23
2 431 865 23
1 432 866 23
2 433 867 23
1 434 869 23
2 435 870 23
1 436 871 23
2 437 872 23
1 438 875 23
2 439 876 23
1 440 881 24
2 441 884 24
1 442 885 24
0 443 887 24
1 444 890 24
2 445 891 24
1 446 892 24
0 447 899 24
1 448 901 24
0 449 902 24
1 450 906 24
2 451 908 24
1 452 909 24
2 453 912 24
1 454 913 24
2 455 916 24
1 456 917 24
2 457 919 24
1 458 920 24
2 459 921 24
1 460 925 25
2 461 926 25
1 462 928 25
2 463 929 25
1 464 930 25
2 465 931 25
1 466 933 25
2 467 935 25
1 468 937 25
2 469 938 25
1 470 941 25
0 471 946 25
1 472 949 25
2 473 950 25
1 474 951 25
2 475 953 25
1 476 954 25
2 477 955 25
1 478 956 25
2 479 959 25
1 480 960 25
2 481 962 25
1 482 963 25
2 483 966 25
1 484 967 25
2 485 969 25
1 486 970 25
2 487 971 25
1 488 974 26
0 489 976 26
1 490 981 26
2 491 982 26
1 492 984 26
0 493 985 26
1 494 988 26
2 495 991 26
1 496 994 26
2 497 995 26
1 498 999 26
1 499 1000 26
