#data counter step time
0 1 0 0
1 2 1 0
2 3 2 0
1 4 3 0
2 5 4 1
1 6 6 1
2 7 7 1
3 8 8 1
4 9 10 1
3 10 12 1
2 11 15 1
1 12 17 1
0 13 20 1
1 14 25 2
0 15 26 2
1 16 27 2
2 17 28 2
3 18 30 2
2 19 32 2
1 20 35 2
2 21 36 2
3 22 37 2
4 23 38 2
5 24 39 2
6 25 40 2
7 26 41 2
8 27 42 2
9 28 43 2
10 29 45 3
9 30 47 3
8 31 49 3
9 32 50 3
10 33 52 3
9 34 53 3
10 35 56 3
9 36 59 3
8 37 61 3
7 38 64 3
8 39 66 3
9 40 67 3
8 41 70 4
9 42 71 4
10 43 74 5
9 44 75 5
10 45 78 5
9 46 79 5
8 47 81 5
9 48 84 5
8 49 85 5
9 50 87 5
8 51 89 5
7 52 92 5
8 53 94 5
9 54 96 5
10 55 97 5
9 56 99 5
10 57 101 5
9 58 103 5
8 59 106 5
7 60 109 5
8 61 110 5
9 62 111 5
8 63 113 5
9 64 114 5
8 65 118 7
9 66 119 7
8 67 122 7
9 68 123 7
8 69 125 7
9 70 127 7
8 71 130 7
7 72 132 7
8 73 134 7
9 74 135 7
10 75 137 8
9 76 138 8
8 77 140 8
9 78 143 8
10 79 144 8
9 80 145 8
10 81 147 8
9 82 149 8
10 83 153 9
9 84 155 9
8 85 158 9
7 86 161 9
6 87 164 9
5 88 167 9
4 89 170 9
3 90 172 10
4 91 174 10
3 92 177 10
4 93 178 10
3 94 181 10
2 95 183 10
1 96 187 10
0 97 190 10
1 98 193 11
0 99 194 11
1 100 197 11
0 101 198 11
1 102 199 11
2 103 200 11
3 104 201 11
4 105 202 11
5 106 203 11
6 107 204 11
7 108 205 11
8 109 206 11
9 110 207 11
10 111 210 12
9 112 211 12
8 113 213 12
9 114 215 12
10 115 218 13
9 116 219 13
10 117 221 14
9 118 222 14
8 119 225 14
9 120 226 14
10 121 229 15
9 122 231 15
8 123 234 15
9 124 236 15
8 125 237 15
7 126 239 15
8 127 242 15
9 128 243 15
8 129 245 15
9 130 247 15
10 131 249 15
9 132 251 15
8 133 253 15
9 134 255 15
10 135 256 15
9 136 259 15
8 137 261 15
7 138 263 15
6 139 268 15
7 140 269 15
8 141 270 15
9 142 271 15
8 143 274 16
9 144 275 16
10 145 277 17
9 146 278 17
10 147 281 17
9 148 282 17
10 149 285 17
9 150 286 17
8 151 289 17
9 152 291 17
10 153 293 18
9 154 295 18
10 155 298 18
9 156 299 18
10 157 301 18
9 158 303 18
10 159 305 18
9 160 306 18
10 161 309 18
9 162 311 18
8 163 313 18
9 164 314 18
8 165 317 18
9 166 320 19
10 167 322 19
9 168 323 19
8 169 326 19
9 170 327 19
10 171 329 19
9 172 330 19
10 173 332 19
9 174 334 19
10 175 338 19
9 176 339 19
10 177 341 19
9 178 342 19
10 179 344 19
9 180 345 19
8 181 348 19
9 182 353 19
8 183 354 19
7 184 356 19
6 185 360 19
5 186 362 19
4 187 366 19
3 188 369 19
2 189 371 19
1 190 374 19
0 191 377 19
1 192 381 20
2 193 382 20
1 194 383 20
2 195 384 20
3 196 385 20
4 197 386 20
5 198 387 20
6 199 388 20
7 200 389 20
8 201 391 21
7 202 393 21
6 203 395 21
7 204 397 21
8 205 400 21
9 206 401 21
8 207 402 21
9 208 403 21
10 209 405 21
9 210 407 21
10 211 409 21
9 212 410 21
10 213 413 21
9 214 415 21
8 215 417 21
9 216 418 21
8 217 422 21
7 218 424 21
6 219 426 21
7 220 428 21
6 221 432 21
5 222 435 21
6 223 437 21
5 224 438 21
6 225 440 21
7 226 441 21
8 227 442 21
7 228 445 21
8 229 446 21
7 230 448 21
8 231 450 21
7 232 451 21
8 233 454 22
9 234 455 22
10 235 458 22
9 236 459 22
8 237 461 22
9 238 462 22
10 239 466 22
9 240 467 22
8 241 470 22
7 242 473 22
6 243 476 22
5 244 478 23
4 245 480 23
5 246 481 23
6 247 482 23
7 248 485 23
8 249 486 23
9 250 487 23
8 251 489 24
9 252 493 24
8 253 494 24
9 254 496 24
8 255 497 24
9 256 498 24
8 257 501 24
7 258 503 24
8 259 507 25
9 260 508 25
8 261 510 25
7 262 512 25
8 263 514 25
9 264 515 25
8 265 518 25
9 266 519 25
8 267 521 26
9 268 522 26
10 269 525 26
9 270 526 26
10 271 530 27
9 272 531 27
8 273 533 27
9 274 534 27
8 275 538 27
7 276 540 27
6 277 542 27
5 278 544 27
4 279 546 27
3 280 548 27
2 281 555 27
1 282 559 27
2 283 560 28
1 284 562 28
0 285 566 28
1 286 569 29
0 287 570 29
1 288 573 30
0 289 574 30
1 290 576 30
0 291 578 30
1 292 581 30
0 293 582 30
1 294 583 30
2 295 585 30
3 296 586 30
4 297 588 30
5 298 589 30
4 299 590 30
3 300 593 30
2 301 595 30
1 302 599 30
0 303 601 30
1 304 603 30
2 305 604 30
3 306 605 30
2 307 608 30
3 308 609 30
2 309 612 30
1 310 615 31
2 311 616 31
3 312 619 31
2 313 620 31
3 314 622 31
2 315 623 31
3 316 624 31
4 317 625 31
5 318 626 31
6 319 628 31
7 320 629 31
8 321 630 31
9 322 631 31
10 323 633 32
9 324 634 32
8 325 637 33
9 326 641 33
8 327 642 33
9 328 643 33
10 329 645 34
9 330 646 34
8 331 649 34
9 332 651 34
10 333 653 35
9 334 654 35
8 335 656 35
9 336 658 35
8 337 660 35
9 338 662 35
8 339 665 35
7 340 668 35
8 341 671 36
7 342 672 36
8 343 673 36
9 344 674 36
8 345 677 36
9 346 678 36
8 347 681 37
9 348 683 37
8 349 685 37
7 350 688 37
6 351 692 37
5 352 695 37
4 353 698 37
3 354 700 37
2 355 704 37
1 356 706 37
0 357 710 37
1 358 713 38
0 359 714 38
1 360 717 39
0 361 718 39
1 362 721 40
0 363 722 40
1 364 724 40
2 365 725 40
3 366 727 40
4 367 728 40
5 368 729 40
4 369 730 40
5 370 731 40
6 371 732 40
7 372 733 40
8 373 734 41
9 374 735 41
8 375 737 41
9 376 738 41
8 377 740 41
9 378 742 41
10 379 743 41
9 380 744 41
10 381 747 41
9 382 748 41
10 383 750 41
9 384 751 41
10 385 757 42
9 386 759 42
10 387 761 42
9 388 762 42
8 389 766 42
9 390 767 43
8 391 769 43
9 392 770 43
8 393 773 43
9 394 775 43
10 395 776 43
9 396 777 43
10 397 779 43
9 398 781 43
8 399 784 43
9 400 786 43
8 401 787 43
9 402 789 43
8 403 791 43
9 404 794 43
10 405 797 44
9 406 799 44
10 407 801 45
9 408 802 45
10 409 805 46
9 410 806 46
10 411 809 46
9 412 810 46
8 413 814 46
9 414 815 46
10 415 817 46
9 416 818 46
10 417 822 46
9 418 823 46
10 419 826 46
9 420 827 46
8 421 829 46
9 422 830 46
10 423 833 46
9 424 834 46
10 425 836 46
9 426 838 46
8 427 841 47
9 428 844 47
8 429 846 47
9 430 847 47
10 431 849 47
9 432 850 47
10 433 853 48
9 434 854 48
8 435 856 48
7 436 860 49
8 437 861 49
9 438 863 49
10 439 865 49
9 440 866 49
8 441 870 49
7 442 873 49
6 443 875 49
5 444 878 49
4 445 881 49
3 446 885 49
4 447 886 50
3 448 888 50
2 449 890 50
3 450 891 50
2 451 895 50
3 452 896 50
4 453 900 50
5 454 901 50
4 455 902 50
5 456 903 50
4 457 905 50
5 458 907 50
4 459 909 50
5 460 911 50
6 461 912 50
7 462 914 50
8 463 916 50
9 464 917 50
8 465 918 50
9 466 919 50
8 467 921 50
9 468 923 50
10 469 926 50
9 470 927 50
8 471 929 51
9 472 930 51
8 473 933 52
9 474 934 52
10 475 938 52
9 476 939 52
8 477 942 52
7 478 944 52
8 479 945 52
7 480 947 52
6 481 949 52
5 482 955 52
4 483 957 52
3 484 959 52
2 485 964 52
1 486 967 52
0 487 969 52
1 488 973 53
2 489 974 53
1 490 975 53
0 491 977 53
1 492 979 53
0 493 982 53
1 494 985 54
2 495 986 54
1 496 987 54
2 497 988 54
1 498 990 54
2 499 991 54
3 500 992 54
2 501 994 54
3 502 996 54
4 503 998 54
5 504 999 54
6 505 1000 54
6 506 1000 54
