#data counter step time
1 1 0 0
0 2 3 0
1 3 5 1
0 4 6 1
1 5 11 1
0 6 12 1
1 7 14 1
0 8 15 1
1 9 16 1
0 10 17 1
1 11 19 1
0 12 20 1
1 13 23 1
0 14 26 2
1 15 29 2
0 16 32 2
1 17 33 2
0 18 35 2
1 19 44 3
0 20 47 3
1 21 48 3
0 22 49 3
1 23 51 3
0 24 53 3
1 25 55 3
0 26 59 3
1 27 60 3
0 28 61 3
1 29 63 3
0 30 64 3
1 31 68 4
0 32 70 4
1 33 72 5
0 34 75 5
1 35 76 5
0 36 79 5
1 37 80 5
0 38 81 5
1 39 83 5
0 40 85 5
1 41 86 5
0 42 89 5
1 43 90 5
0 44 92 5
1 45 95 5
0 46 99 5
1 47 100 5
0 48 103 5
1 49 104 5
0 50 106 5
1 51 107 5
0 52 109 5
1 53 112 5
0 54 113 5
1 55 116 7
0 56 118 7
1 57 120 7
0 58 122 7
1 59 124 7
0 60 125 7
1 61 128 7
0 62 130 7
1 63 131 7
0 64 132 7
1 65 136 8
0 66 138 8
1 67 139 8
0 68 140 8
1 69 142 8
0 70 145 8
1 71 146 8
0 72 149 8
1 73 152 9
0 74 155 9
1 75 156 9
0 76 158 9
1 77 159 9
0 78 161 9
1 79 162 9
0 80 164 9
1 81 165 9
0 82 167 9
1 83 168 9
0 84 170 9
1 85 171 10
0 86 172 10
1 87 173 10
0 88 177 10
1 89 179 10
0 90 181 10
1 91 182 10
0 92 183 10
1 93 185 10
0 94 187 10
1 95 188 10
0 96 190 10
1 97 191 10
0 98 194 11
1 99 195 11
0 100 198 11
1 101 208 12
0 102 211 12
1 103 212 12
0 104 213 12
1 105 216 13
0 106 219 13
1 107 220 14
0 108 222 14
1 109 224 14
0 110 225 14
1 111 228 15
0 112 231 15
1 113 232 15
0 114 234 15
1 115 235 15
0 116 237 15
1 117 238 15
0 118 239 15
1 119 244 15
0 120 245 15
1 121 248 15
0 122 251 15
1 123 252 15
0 124 253 15
1 125 254 15
0 126 259 15
1 127 260 15
0 128 261 15
1 129 262 15
0 130 263 15
1 131 266 15
0 132 268 15
1 133 272 16
0 134 274 16
1 135 276 17
0 136 278 17
1 137 280 17
0 138 282 17
1 139 284 17
0 140 286 17
1 141 288 17
0 142 289 17
1 143 292 18
0 144 295 18
1 145 296 18
0 146 299 18
1 147 300 18
0 148 303 18
1 149 304 18
0 150 306 18
1 151 308 18
0 152 311 18
1 153 312 18
0 154 313 18
1 155 316 18
0 156 317 18
1 157 319 19
0 158 323 19
1 159 324 19
0 160 326 19
1 161 328 19
0 162 330 19
1 163 331 19
0 164 334 19
1 165 336 19
0 166 339 19
1 167 340 19
0 168 342 19
1 169 343 19
0 170 345 19
1 171 346 19
0 172 348 19
1 173 351 19
0 174 354 19
1 175 355 19
0 176 356 19
1 177 358 19
0 178 360 19
1 179 361 19
0 180 362 19
1 181 363 19
0 182 366 19
1 183 367 19
0 184 369 19
1 185 370 19
0 186 371 19
1 187 372 19
0 188 374 19
1 189 376 19
0 190 377 19
1 191 379 19
0 192 383 20
1 193 390 21
0 194 393 21
1 195 394 21
0 196 395 21
1 197 398 21
0 198 402 21
1 199 404 21
0 200 407 21
1 201 408 21
0 202 410 21
1 203 412 21
0 204 415 21
1 205 416 21
0 206 417 21
1 207 420 21
0 208 422 21
1 209 423 21
0 210 424 21
1 211 425 21
0 212 426 21
1 213 427 21
0 214 432 21
1 215 433 21
0 216 435 21
1 217 436 21
0 218 438 21
1 219 443 21
0 220 445 21
1 221 447 21
0 222 448 21
1 223 449 21
0 224 451 21
1 225 456 22
0 226 459 22
1 227 460 22
0 228 461 22
1 229 463 22
0 230 467 22
1 231 468 22
0 232 470 22
1 233 471 22
0 234 473 22
1 235 474 22
0 236 476 22
1 237 477 23
0 238 478 23
1 239 479 23
0 240 480 23
1 241 488 24
0 242 489 24
1 243 490 24
0 244 494 24
1 245 495 24
0 246 497 24
1 247 499 24
0 248 501 24
1 249 502 24
0 250 503 24
1 251 506 25
0 252 510 25
1 253 511 25
0 254 512 25
1 255 516 25
0 256 518 25
1 257 520 26
0 258 521 26
1 259 524 26
0 260 526 26
1 261 528 27
0 262 531 27
1 263 532 27
0 264 533 27
1 265 536 27
0 266 538 27
1 267 539 27
0 268 540 27
1 269 541 27
0 270 542 27
1 271 543 27
0 272 544 27
1 273 545 27
0 274 546 27
1 275 547 27
0 276 548 27
1 277 553 27
0 278 555 27
1 279 556 27
0 280 559 27
1 281 561 28
0 282 562 28
1 283 563 28
0 284 566 28
1 285 567 28
0 286 570 29
1 287 571 29
0 288 574 30
1 289 575 30
0 290 578 30
1 291 579 30
0 292 582 30
1 293 584 30
0 294 590 30
1 295 591 30
0 296 593 30
1 297 594 30
0 298 595 30
1 299 597 30
0 300 599 30
1 301 600 30
0 302 601 30
1 303 606 30
0 304 608 30
1 305 610 30
0 306 612 30
1 307 613 31
0 308 615 31
1 309 617 31
0 310 620 31
1 311 621 31
0 312 623 31
1 313 632 32
0 314 634 32
1 315 636 33
0 316 637 33
1 317 639 33
0 318 642 33
1 319 644 34
0 320 646 34
1 321 647 34
0 322 649 34
1 323 652 35
0 324 654 35
1 325 655 35
0 326 656 35
1 327 659 35
0 328 660 35
1 329 664 35
0 330 665 35
1 331 666 35
0 332 668 35
1 333 670 36
0 334 672 36
1 335 676 36
0 336 677 36
1 337 680 37
0 338 681 37
1 339 684 37
0 340 685 37
1 341 687 37
0 342 688 37
1 343 690 37
0 344 692 37
1 345 693 37
0 346 695 37
1 347 696 37
0 348 698 37
1 349 699 37
0 350 700 37
1 351 701 37
0 352 704 37
1 353 705 37
0 354 706 37
1 355 707 37
0 356 710 37
1 357 711 37
0 358 714 38
1 359 715 38
0 360 718 39
1 361 719 39
0 362 722 40
1 363 723 40
0 364 730 40
1 365 736 41
0 366 737 41
1 367 739 41
0 368 740 41
1 369 741 41
0 370 744 41
1 371 745 41
0 372 748 41
1 373 749 41
0 374 751 41
1 375 756 42
0 376 759 42
1 377 760 42
0 378 762 42
1 379 763 42
0 380 766 42
1 381 768 43
0 382 769 43
1 383 771 43
0 384 773 43
1 385 774 43
0 386 777 43
1 387 778 43
0 388 781 43
1 389 783 43
0 390 784 43
1 391 785 43
0 392 787 43
1 393 790 43
0 394 791 43
1 395 796 44
0 396 799 44
1 397 800 45
0 398 802 45
1 399 804 46
0 400 806 46
1 401 807 46
0 402 810 46
1 403 812 46
0 404 814 46
1 405 816 46
0 406 818 46
1 407 820 46
0 408 823 46
1 409 824 46
0 410 827 46
1 411 828 46
0 412 829 46
1 413 832 46
0 414 834 46
1 415 835 46
0 416 838 46
1 417 840 47
0 418 841 47
1 419 843 47
0 420 846 47
1 421 848 47
0 422 850 47
1 423 852 48
0 424 854 48
1 425 855 48
0 426 856 48
1 427 859 49
0 428 860 49
1 429 864 49
0 430 866 49
1 431 868 49
0 432 870 49
1 433 871 49
0 434 873 49
1 435 874 49
0 436 875 49
1 437 877 49
0 438 878 49
1 439 880 49
0 440 881 49
1 441 883 49
0 442 885 49
1 443 887 50
0 444 888 50
1 445 889 50
0 446 890 50
1 447 894 50
0 448 895 50
1 449 897 50
0 450 902 50
1 451 904 50
0 452 905 50
1 453 908 50
0 454 909 50
1 455 913 50
0 456 918 50
1 457 920 50
0 458 921 50
1 459 924 50
0 460 927 50
1 461 928 51
0 462 929 51
1 463 932 52
0 464 933 52
1 465 936 52
0 466 939 52
1 467 940 52
0 468 942 52
1 469 943 52
0 470 944 52
1 471 946 52
0 472 947 52
1 473 948 52
0 474 949 52
1 475 950 52
0 476 955 52
1 477 956 52
0 478 957 52
1 479 958 52
0 480 959 52
1 481 960 52
0 482 964 52
1 483 965 52
0 484 967 52
1 485 968 52
0 486 969 52
1 487 970 52
0 488 975 53
1 489 976 53
0 490 977 53
1 491 978 53
0 492 982 53
1 493 983 53
0 494 987 54
1 495 989 54
0 496 990 54
1 497 993 54
0 498 994 54
0 499 1000 54
