#data counter step time
0 1 0 0
1 2 3 0
0 3 5 1
1 4 6 1
0 5 11 1
1 6 12 1
0 7 14 1
1 8 15 1
0 9 16 1
1 10 17 1
0 11 19 1
1 12 20 1
0 13 23 1
1 14 26 2
0 15 29 2
1 16 32 2
0 17 33 2
1 18 35 2
0 19 44 3
1 20 47 3
0 21 48 3
1 22 49 3
0 23 51 3
1 24 53 3
0 25 55 3
1 26 59 3
0 27 60 3
1 28 61 3
0 29 63 3
1 30 64 3
0 31 68 4
1 32 70 4
0 33 72 5
1 34 75 5
0 35 76 5
1 36 79 5
0 37 80 5
1 38 81 5
0 39 83 5
1 40 85 5
0 41 86 5
1 42 89 5
0 43 90 5
1 44 92 5
0 45 95 5
1 46 99 5
0 47 100 5
1 48 103 5
0 49 104 5
1 50 106 5
0 51 107 5
1 52 109 5
0 53 112 5
1 54 113 5
0 55 116 7
1 56 118 7
0 57 120 7
1 58 122 7
0 59 124 7
1 60 125 7
0 61 128 7
1 62 130 7
0 63 131 7
1 64 132 7
0 65 136 8
1 66 138 8
0 67 139 8
1 68 140 8
0 69 142 8
1 70 145 8
0 71 146 8
1 72 149 8
0 73 152 9
1 74 155 9
0 75 156 9
1 76 158 9
0 77 159 9
1 78 161 9
0 79 162 9
1 80 164 9
0 81 165 9
1 82 167 9
0 83 168 9
1 84 170 9
0 85 171 10
1 86 172 10
0 87 173 10
1 88 177 10
0 89 179 10
1 90 181 10
0 91 182 10
1 92 183 10
0 93 185 10
1 94 187 10
0 95 188 10
1 96 190 10
0 97 191 10
1 98 194 11
0 99 195 11
1 100 198 11
0 101 208 12
1 102 211 12
0 103 212 12
1 104 213 12
0 105 216 13
1 106 219 13
0 107 220 14
1 108 222 14
0 109 224 14
1 110 225 14
0 111 228 15
1 112 231 15
0 113 232 15
1 114 234 15
0 115 235 15
1 116 237 15
0 117 238 15
1 118 239 15
0 119 244 15
1 120 245 15
0 121 248 15
1 122 251 15
0 123 252 15
1 124 253 15
0 125 254 15
1 126 259 15
0 127 260 15
1 128 261 15
0 129 262 15
1 130 263 15
0 131 266 15
1 132 268 15
0 133 272 16
1 134 274 16
0 135 276 17
1 136 278 17
0 137 280 17
1 138 282 17
0 139 284 17
1 140 286 17
0 141 288 17
1 142 289 17
0 143 292 18
1 144 295 18
0 145 296 18
1 146 299 18
0 147 300 18
1 148 303 18
0 149 304 18
1 150 306 18
0 151 308 18
1 152 311 18
0 153 312 18
1 154 313 18
0 155 316 18
1 156 317 18
0 157 319 19
1 158 323 19
0 159 324 19
1 160 326 19
0 161 328 19
1 162 330 19
0 163 331 19
1 164 334 19
0 165 336 19
1 166 339 19
0 167 340 19
1 168 342 19
0 169 343 19
1 170 345 19
0 171 346 19
1 172 348 19
0 173 351 19
1 174 354 19
0 175 355 19
1 176 356 19
0 177 358 19
1 178 360 19
0 179 361 19
1 180 362 19
0 181 363 19
1 182 366 19
0 183 367 19
1 184 369 19
0 185 370 19
1 186 371 19
0 187 372 19
1 188 374 19
0 189 376 19
1 190 377 19
0 191 379 19
1 192 383 20
0 193 390 21
1 194 393 21
0 195 394 21
1 196 395 21
0 197 398 21
1 198 402 21
0 199 404 21
1 200 407 21
0 201 408 21
1 202 410 21
0 203 412 21
1 204 415 21
0 205 416 21
1 206 417 21
0 207 420 21
1 208 422 21
0 209 423 21
1 210 424 21
0 211 425 21
1 212 426 21
0 213 427 21
1 214 432 21
0 215 433 21
1 216 435 21
0 217 436 21
1 218 438 21
0 219 443 21
1 220 445 21
0 221 447 21
1 222 448 21
0 223 449 21
1 224 451 21
0 225 456 22
1 226 459 22
0 227 460 22
1 228 461 22
0 229 463 22
1 230 467 22
0 231 468 22
1 232 470 22
0 233 471 22
1 234 473 22
0 235 474 22
1 236 476 22
0 237 477 23
1 238 478 23
0 239 479 23
1 240 480 23
0 241 488 24
1 242 489 24
0 243 490 24
1 244 494 24
0 245 495 24
1 246 497 24
0 247 499 24
1 248 501 24
0 249 502 24
1 250 503 24
0 251 506 25
1 252 510 25
0 253 511 25
1 254 512 25
0 255 516 25
1 256 518 25
0 257 520 26
1 258 521 26
0 259 524 26
1 260 526 26
0 261 528 27
1 262 531 27
0 263 532 27
1 264 533 27
0 265 536 27
1 266 538 27
0 267 539 27
1 268 540 27
0 269 541 27
1 270 542 27
0 271 543 27
1 272 544 27
0 273 545 27
1 274 546 27
0 275 547 27
1 276 548 27
0 277 553 27
1 278 555 27
0 279 556 27
1 280 559 27
0 281 561 28
1 282 562 28
0 283 563 28
1 284 566 28
0 285 567 28
1 286 570 29
0 287 571 29
1 288 574 30
0 289 575 30
1 290 578 30
0 291 579 30
1 292 582 30
0 293 584 30
1 294 590 30
0 295 591 30
1 296 593 30
0 297 594 30
1 298 595 30
0 299 597 30
1 300 599 30
0 301 600 30
1 302 601 30
0 303 606 30
1 304 608 30
0 305 610 30
1 306 612 30
0 307 613 31
1 308 615 31
0 309 617 31
1 310 620 31
0 311 621 31
1 312 623 31
0 313 632 32
1 314 634 32
0 315 636 33
1 316 637 33
0 317 639 33
1 318 642 33
0 319 644 34
1 320 646 34
0 321 647 34
1 322 649 34
0 323 652 35
1 324 654 35
0 325 655 35
1 326 656 35
0 327 659 35
1 328 660 35
0 329 664 35
1 330 665 35
0 331 666 35
1 332 668 35
0 333 670 36
1 334 672 36
0 335 676 36
1 336 677 36
0 337 680 37
1 338 681 37
0 339 684 37
1 340 685 37
0 341 687 37
1 342 688 37
0 343 690 37
1 344 692 37
0 345 693 37
1 346 695 37
0 347 696 37
1 348 698 37
0 349 699 37
1 350 700 37
0 351 701 37
1 352 704 37
0 353 705 37
1 354 706 37
0 355 707 37
1 356 710 37
0 357 711 37
1 358 714 38
0 359 715 38
1 360 718 39
0 361 719 39
1 362 722 40
0 363 723 40
1 364 730 40
0 365 736 41
1 366 737 41
0 367 739 41
1 368 740 41
0 369 741 41
1 370 744 41
0 371 745 41
1 372 748 41
0 373 749 41
1 374 751 41
0 375 756 42
1 376 759 42
0 377 760 42
1 378 762 42
0 379 763 42
1 380 766 42
0 381 768 43
1 382 769 43
0 383 771 43
1 384 773 43
0 385 774 43
1 386 777 43
0 387 778 43
1 388 781 43
0 389 783 43
1 390 784 43
0 391 785 43
1 392 787 43
0 393 790 43
1 394 791 43
0 395 796 44
1 396 799 44
0 397 800 45
1 398 802 45
0 399 804 46
1 400 806 46
0 401 807 46
1 402 810 46
0 403 812 46
1 404 814 46
0 405 816 46
1 406 818 46
0 407 820 46
1 408 823 46
0 409 824 46
1 410 827 46
0 411 828 46
1 412 829 46
0 413 832 46
1 414 834 46
0 415 835 46
1 416 838 46
0 417 840 47
1 418 841 47
0 419 843 47
1 420 846 47
0 421 848 47
1 422 850 47
0 423 852 48
1 424 854 48
0 425 855 48
1 426 856 48
0 427 859 49
1 428 860 49
0 429 864 49
1 430 866 49
0 431 868 49
1 432 870 49
0 433 871 49
1 434 873 49
0 435 874 49
1 436 875 49
0 437 877 49
1 438 878 49
0 439 880 49
1 440 881 49
0 441 883 49
1 442 885 49
0 443 887 50
1 444 888 50
0 445 889 50
1 446 890 50
0 447 894 50
1 448 895 50
0 449 897 50
1 450 902 50
0 451 904 50
1 452 905 50
0 453 908 50
1 454 909 50
0 455 913 50
1 456 918 50
0 457 920 50
1 458 921 50
0 459 924 50
1 460 927 50
0 461 928 51
1 462 929 51
0 463 932 52
1 464 933 52
0 465 936 52
1 466 939 52
0 467 940 52
1 468 942 52
0 469 943 52
1 470 944 52
0 471 946 52
1 472 947 52
0 473 948 52
1 474 949 52
0 475 950 52
1 476 955 52
0 477 956 52
1 478 957 52
0 479 958 52
1 480 959 52
0 481 960 52
1 482 964 52
0 483 965 52
1 484 967 52
0 485 968 52
1 486 969 52
0 487 970 52
1 488 975 53
0 489 976 53
1 490 977 53
0 491 978 53
1 492 982 53
0 493 983 53
1 494 987 54
0 495 989 54
1 496 990 54
0 497 993 54
1 498 994 54
1 499 1000 54
