#data counter step time
0 1 0 0
1 2 4 0
0 3 5 0
1 4 6 0
2 5 8 0
1 6 10 0
2 7 11 0
1 8 12 0
2 9 17 0
1 10 18 0
2 11 21 0
1 12 22 0
2 13 24 0
1 14 25 0
2 15 30 1
1 16 31 1
0 17 33 1
1 18 34 1
2 19 38 1
1 20 42 1
2 21 43 1
1 22 46 1
2 23 47 1
1 24 53 1
2 25 56 1
1 26 57 2
2 27 59 2
1 28 60 2
2 29 63 2
1 30 65 2
0 31 66 2
1 32 70 2
2 33 71 2
1 34 72 2
2 35 73 2
1 36 76 2
2 37 79 2
1 38 81 2
2 39 84 2
1 40 85 2
2 41 86 2
1 42 87 2
2 43 90 2
1 44 92 2
2 45 95 2
1 46 96 2
2 47 100 2
1 48 101 2
2 49 102 2
1 50 103 2
2 51 105 2
1 52 108 2
2 53 109 2
1 54 112 2
2 55 113 2
1 56 114 2
2 57 116 2
1 58 118 2
2 59 120 2
1 60 121 2
2 61 122 2
1 62 124 2
2 63 126 2
1 64 127 2
2 65 129 2
1 66 130 2
2 67 132 2
1 68 133 2
0 69 137 3
1 70 141 3
0 71 142 3
1 72 143 3
2 73 144 3
1 74 146 3
2 75 147 3
1 76 149 3
0 77 150 3
1 78 156 4
2 79 158 4
1 80 159 4
0 81 163 4
1 82 164 4
0 83 167 4
1 84 168 4
0 85 169 4
1 86 170 4
2 87 172 4
1 88 175 4
2 89 180 4
1 90 183 4
2 91 185 4
1 92 188 4
2 93 191 4
1 94 192 4
2 95 193 4
1 96 197 4
2 97 198 4
1 98 199 4
2 99 203 4
1 100 205 4
2 101 207 4
1 102 208 4
2 103 210 4
1 104 211 4
2 105 213 4
1 106 214 4
2 107 215 4
1 108 217 4
2 109 219 4
1 110 221 5
2 111 222 5
1 112 223 5
2 113 226 5
1 114 229 5
2 115 230 5
1 116 233 5
2 117 234 5
1 118 237 5
2 119 241 5
1 120 245 6
0 121 247 6
1 122 249 6
2 123 250 6
1 124 252 6
2 125 254 6
1 126 255 6
2 127 260 6
1 128 261 6
2 129 264 6
1 130 265 7
0 131 266 7
1 132 269 7
0 133 270 7
1 134 272 7
2 135 273 7
1 136 276 7
0 137 277 7
1 138 279 7
0 139 280 7
1 140 284 7
2 141 285 7
1 142 289 7
2 143 290 7
1 144 293 8
0 145 295 8
1 146 297 8
2 147 299 8
1 148 301 8
2 149 302 8
1 150 303 8
2 151 304 8
1 152 307 8
0 153 308 8
1 154 309 8
2 155 310 8
1 156 312 8
2 157 315 8
1 158 316 8
2 159 318 8
1 160 319 8
2 161 320 8
1 162 321 8
2 163 323 8
1 164 324 8
0 165 327 9
1 166 332 9
2 167 333 9
1 168 338 9
0 169 340 9
1 170 342 9
2 171 343 9
1 172 346 9
2 173 347 9
1 174 351 9
2 175 352 9
1 176 354 9
2 177 355 9
1 178 356 9
2 179 359 9
1 180 365 10
0 181 366 10
1 182 369 10
0 183 370 10
1 184 373 10
2 185 374 10
1 186 375 10
2 187 376 10
1 188 377 10
2 189 379 10
1 190 382 10
2 191 386 10
1 192 387 10
2 193 389 10
1 194 390 10
2 195 392 10
1 196 394 11
2 197 395 11
1 198 397 11
2 199 398 11
1 200 399 11
2 201 401 11
1 202 403 11
2 203 404 11
1 204 406 11
2 205 408 11
1 206 409 11
2 207 412 12
1 208 413 12
0 209 414 12
1 210 418 13
0 211 419 13
1 212 423 13
0 213 424 13
1 214 425 13
2 215 428 13
1 216 429 13
2 217 432 13
1 218 433 13
2 219 435 13
1 220 437 13
2 221 438 13
1 222 441 13
2 223 444 13
1 224 449 13
2 225 451 13
1 226 452 13
2 227 454 13
1 228 455 13
2 229 457 13
1 230 460 13
2 231 462 13
1 232 466 13
2 233 468 13
1 234 469 13
2 235 472 13
1 236 474 13
2 237 480 13
1 238 481 14
0 239 483 14
1 240 485 14
0 241 486 14
1 242 490 14
0 243 492 14
1 244 494 14
2 245 495 14
1 246 497 14
2 247 498 14
1 248 499 14
2 249 502 14
1 250 505 14
2 251 506 14
1 252 507 14
2 253 508 14
1 254 513 14
2 255 514 14
1 256 516 14
2 257 517 14
1 258 519 14
2 259 520 14
1 260 524 14
2 261 525 14
1 262 527 14
2 263 528 14
1 264 530 14
2 265 534 14
1 266 537 14
2 267 538 14
1 268 541 14
2 269 542 14
1 270 543 14
2 271 548 14
1 272 549 14
2 273 551 14
1 274 553 15
0 275 555 15
1 276 559 15
0 277 560 15
1 278 562 15
2 279 564 15
1 280 565 15
2 281 566 15
1 282 569 15
2 283 572 15
1 284 573 15
2 285 575 15
1 286 576 15
2 287 578 15
1 288 581 15
2 289 583 15
1 290 584 15
2 291 586 15
1 292 589 15
2 293 591 15
1 294 593 15
2 295 595 15
1 296 597 15
2 297 598 15
1 298 599 15
2 299 601 15
1 300 602 15
2 301 605 15
1 302 609 16
0 303 610 16
1 304 612 16
0 305 613 16
1 306 614 16
0 307 616 16
1 308 621 16
2 309 622 16
1 310 625 17
2 311 628 17
1 312 629 17
2 313 630 17
1 314 631 17
2 315 634 17
1 316 637 17
0 317 638 17
1 318 641 17
0 319 642 17
1 320 643 17
0 321 644 17
1 322 648 17
0 323 649 17
1 324 650 17
0 325 651 17
1 326 653 17
0 327 654 17
1 328 655 17
2 329 656 17
1 330 658 17
2 331 660 17
1 332 661 17
2 333 662 17
1 334 665 17
2 335 666 17
1 336 671 17
2 337 672 17
1 338 674 18
2 339 679 18
1 340 681 18
2 341 683 18
1 342 684 18
2 343 686 18
1 344 693 19
0 345 694 19
1 346 699 19
0 347 700 19
1 348 701 19
2 349 702 19
1 350 705 19
2 351 707 19
1 352 708 19
2 353 710 19
1 354 711 19
2 355 712 19
1 356 713 19
0 357 714 19
1 358 717 19
0 359 718 19
1 360 719 19
2 361 720 19
1 362 721 19
2 363 723 19
1 364 725 19
0 365 726 19
1 366 729 19
0 367 730 19
1 368 734 20
2 369 736 20
1 370 738 20
0 371 739 20
1 372 740 20
2 373 744 20
1 374 746 20
2 375 747 20
1 376 750 20
2 377 751 20
1 378 752 20
2 379 758 20
1 380 763 21
2 381 764 21
1 382 769 21
0 383 770 21
1 384 774 21
0 385 775 21
1 386 779 21
0 387 780 21
1 388 782 21
2 389 783 21
1 390 785 21
0 391 786 21
1 392 788 21
0 393 789 21
1 394 793 21
2 395 794 21
1 396 795 21
2 397 797 21
1 398 798 21
2 399 800 21
1 400 801 21
2 401 803 21
1 402 804 22
2 403 805 22
1 404 806 22
2 405 807 22
1 406 808 22
2 407 809 22
1 408 812 22
0 409 815 22
1 410 818 22
0 411 819 22
1 412 822 23
0 413 823 23
1 414 826 23
2 415 828 23
1 416 829 23
2 417 832 23
1 418 833 23
2 419 835 23
1 420 836 23
2 421 843 23
1 422 844 23
2 423 845 23
1 424 847 23
2 425 849 23
1 426 851 23
2 427 853 23
1 428 856 23
2 429 862 23
1 430 864 23
2 431 865 23
1 432 866 23
2 433 868 23
1 434 873 24
0 435 875 24
1 436 877 24
2 437 879 24
1 438 880 24
2 439 881 24
1 440 882 24
0 441 883 24
1 442 890 24
2 443 891 24
1 444 892 24
0 445 893 24
1 446 895 24
2 447 896 24
1 448 898 24
2 449 900 24
1 450 901 24
0 451 903 24
1 452 906 24
2 453 909 24
1 454 911 24
2 455 913 24
1 456 917 24
2 457 920 24
1 458 921 24
2 459 922 24
1 460 924 24
2 461 927 24
1 462 928 24
2 463 930 24
1 464 931 24
2 465 933 24
1 466 934 24
2 467 935 24
1 468 937 24
2 469 938 24
1 470 940 24
2 471 942 24
1 472 943 24
2 473 944 24
1 474 945 24
2 475 947 24
1 476 948 24
0 477 951 25
1 478 955 25
2 479 956 25
1 480 959 25
2 481 963 25
1 482 965 25
2 483 966 25
1 484 969 25
2 485 970 25
1 486 977 25
2 487 978 25
1 488 980 26
2 489 982 26
1 490 985 26
2 491 986 26
1 492 988 26
2 493 992 26
1 494 993 26
2 495 994 26
1 496 996 26
2 497 998 26
2 498 1000 26
