#data counter step time
0 1 0 0
1 2 2 0
2 3 4 0
1 4 8 1
2 5 9 1
1 6 10 1
0 7 12 1
1 8 13 1
0 9 14 1
1 10 15 1
0 11 19 1
1 12 22 2
2 13 24 2
1 14 26 2
2 15 27 2
1 16 29 2
2 17 32 2
1 18 35 2
2 19 37 2
1 20 38 2
2 21 39 2
1 22 41 2
2 23 43 2
1 24 50 2
2 25 51 2
1 26 53 3
2 27 54 3
1 28 57 3
0 29 59 3
1 30 61 3
2 31 62 3
1 32 63 3
0 33 64 3
1 34 71 3
2 35 74 3
1 36 75 3
2 37 76 3
1 38 78 3
2 39 80 3
1 40 81 3
2 41 82 3
1 42 84 3
2 43 88 3
1 44 90 3
2 45 92 3
1 46 93 3
2 47 95 3
1 48 96 3
2 49 97 3
1 50 98 3
2 51 103 3
1 52 104 3
2 53 105 3
1 54 106 3
2 55 108 3
1 56 117 4
2 57 120 4
1 58 121 4
0 59 122 4
1 60 124 4
0 61 126 4
1 62 131 4
2 63 132 4
1 64 133 4
0 65 135 4
1 66 139 4
2 67 140 4
1 68 141 4
2 69 142 4
1 70 143 4
2 71 144 4
1 72 145 4
0 73 147 4
1 74 148 4
0 75 149 4
1 76 150 4
0 77 153 4
1 78 154 4
2 79 156 4
1 80 157 4
2 81 158 4
1 82 159 4
2 83 160 4
1 84 161 4
2 85 168 5
1 86 169 5
0 87 170 5
1 88 174 5
2 89 176 5
1 90 177 5
0 91 179 6
1 92 182 6
2 93 184 6
1 94 185 6
0 95 187 6
1 96 192 6
2 97 193 6
1 98 195 6
0 99 196 6
1 100 199 6
0 101 201 6
1 102 203 6
2 103 206 6
1 104 208 6
2 105 210 6
1 106 212 6
0 107 213 6
1 108 214 6
0 109 215 6
1 110 217 6
2 111 218 6
1 112 220 6
0 113 222 6
1 114 226 7
2 115 229 7
1 116 230 7
0 117 231 7
1 118 232 7
0 119 236 7
1 120 240 7
2 121 242 7
1 122 243 7
0 123 244 7
1 124 245 7
2 125 246 7
1 126 250 7
0 127 252 7
1 128 253 7
2 129 259 8
1 130 260 8
2 131 262 8
1 132 263 8
2 133 265 8
1 134 266 8
2 135 268 8
1 136 269 8
2 137 272 9
1 138 273 9
2 139 276 9
1 140 277 9
0 141 279 9
1 142 284 10
2 143 285 10
1 144 288 10
2 145 289 10
1 146 290 10
0 147 291 10
1 148 292 10
0 149 293 10
1 150 294 10
0 151 296 10
1 152 311 11
0 153 312 11
1 154 315 11
0 155 316 11
1 156 319 11
2 157 320 11
1 158 321 11
2 159 324 11
1 160 325 11
2 161 327 11
1 162 328 11
2 163 330 11
1 164 331 11
2 165 332 11
1 166 335 12
2 167 337 12
1 168 338 12
2 169 340 12
1 170 341 12
0 171 344 12
1 172 347 12
2 173 349 12
1 174 350 12
0 175 351 12
1 176 356 12
2 177 359 12
1 178 360 12
2 179 361 12
1 180 363 12
2 181 364 12
1 182 367 12
2 183 368 12
1 184 369 12
2 185 372 12
1 186 376 12
2 187 378 12
1 188 380 12
2 189 384 12
1 190 385 12
2 191 387 12
1 192 388 12
2 193 389 12
1 194 391 13
2 195 393 13
1 196 394 13
2 197 396 13
1 198 397 13
2 199 398 13
1 200 401 13
0 201 404 13
1 202 405 13
2 203 408 13
1 204 413 13
0 205 414 13
1 206 417 13
2 207 420 13
1 208 421 13
2 209 423 13
1 210 425 13
2 211 426 13
1 212 429 13
2 213 431 13
1 214 432 13
2 215 433 13
1 216 434 13
2 217 435 13
1 218 436 13
2 219 438 13
1 220 440 13
2 221 441 13
1 222 449 13
2 223 450 13
1 224 451 13
2 225 452 13
1 226 454 13
2 227 455 13
1 228 459 13
2 229 460 13
1 230 462 13
2 231 463 13
1 232 464 13
2 233 466 13
1 234 468 13
0 235 472 13
1 236 476 13
2 237 479 13
1 238 480 13
2 239 482 13
1 240 483 13
2 241 485 13
1 242 489 13
0 243 490 13
1 244 491 13
2 245 493 13
1 246 494 13
0 247 495 13
1 248 497 13
2 249 499 13
1 250 502 14
0 251 503 14
1 252 505 14
2 253 507 14
1 254 509 14
2 255 510 14
1 256 512 14
2 257 513 14
1 258 515 14
0 259 517 14
1 260 518 14
0 261 520 14
1 262 522 14
0 263 523 14
1 264 527 15
0 265 530 15
1 266 534 15
2 267 535 15
1 268 536 15
0 269 538 15
1 270 539 15
2 271 541 15
1 272 542 15
2 273 543 15
1 274 544 15
0 275 547 15
1 276 550 16
2 277 552 16
1 278 555 16
2 279 558 16
1 280 560 16
2 281 561 16
1 282 569 17
0 283 570 17
1 284 571 17
2 285 572 17
1 286 576 17
0 287 578 17
1 288 580 17
0 289 581 17
1 290 583 17
2 291 584 17
1 292 585 17
0 293 586 17
1 294 588 17
2 295 589 17
1 296 593 17
2 297 594 17
1 298 598 18
2 299 599 18
1 300 603 18
0 301 605 18
1 302 606 18
0 303 607 18
1 304 610 18
2 305 611 18
1 306 613 18
2 307 614 18
1 308 615 18
0 309 616 18
1 310 624 18
0 311 626 18
1 312 628 18
0 313 629 18
1 314 630 18
2 315 633 18
1 316 637 18
2 317 639 18
1 318 641 18
2 319 642 18
1 320 645 18
0 321 647 18
1 322 651 18
0 323 652 18
1 324 654 18
0 325 655 18
1 326 656 18
0 327 658 18
1 328 660 18
2 329 661 18
1 330 662 18
0 331 663 18
1 332 664 18
0 333 665 18
1 334 666 18
2 335 667 18
1 336 671 18
2 337 673 18
1 338 674 18
2 339 676 18
1 340 677 18
0 341 679 19
1 342 684 19
2 343 685 19
1 344 686 19
2 345 687 19
1 346 690 19
2 347 691 19
1 348 701 20
2 349 702 20
1 350 705 20
0 351 707 20
1 352 708 20
2 353 709 20
1 354 713 20
2 355 715 20
1 356 716 20
2 357 717 20
1 358 720 20
2 359 722 20
1 360 723 20
2 361 727 20
1 362 728 20
2 363 729 20
1 364 733 20
2 365 736 20
1 366 737 20
2 367 739 20
1 368 741 21
0 369 742 21
1 370 743 21
2 371 746 21
1 372 749 21
2 373 751 21
1 374 752 21
2 375 753 21
1 376 754 21
2 377 755 21
1 378 758 22
2 379 761 22
1 380 765 22
2 381 768 22
1 382 769 22
2 383 771 22
1 384 773 22
2 385 774 22
1 386 775 22
2 387 776 22
1 388 779 22
2 389 781 22
1 390 782 22
2 391 783 22
1 392 788 22
2 393 791 22
1 394 792 22
2 395 793 22
1 396 795 22
2 397 800 22
1 398 801 22
2 399 802 22
1 400 804 22
2 401 805 22
1 402 807 22
2 403 808 22
1 404 810 22
2 405 811 22
1 406 812 22
2 407 814 22
1 408 815 22
2 409 816 22
1 410 817 22
2 411 818 22
1 412 819 22
2 413 821 22
1 414 822 22
0 415 832 23
1 416 836 23
2 417 837 23
1 418 840 23
2 419 842 23
1 420 843 23
0 421 844 23
1 422 845 23
0 423 846 23
1 424 847 23
2 425 849 23
1 426 851 23
2 427 852 23
1 428 854 23
2 429 855 23
1 430 856 23
2 431 858 23
1 432 860 23
0 433 861 23
1 434 863 23
2 435 866 23
1 436 868 23
2 437 870 23
1 438 871 23
0 439 875 23
1 440 878 23
2 441 880 23
1 442 889 24
0 443 890 24
1 444 892 24
2 445 894 24
1 446 897 24
2 447 898 24
1 448 900 24
2 449 901 24
1 450 903 24
0 451 904 24
1 452 906 24
0 453 907 24
1 454 908 24
2 455 909 24
1 456 911 24
2 457 912 24
1 458 915 24
0 459 917 24
1 460 918 24
2 461 919 24
1 462 920 24
0 463 921 24
1 464 932 25
2 465 933 25
1 466 935 25
2 467 936 25
1 468 937 25
0 469 938 25
1 470 939 25
2 471 941 25
1 472 942 25
2 473 943 25
1 474 945 25
0 475 947 25
1 476 952 25
0 477 955 25
1 478 956 25
0 479 957 25
1 480 959 25
0 481 960 25
1 482 961 25
2 483 964 25
1 484 966 25
2 485 967 25
1 486 968 25
0 487 971 26
1 488 974 26
0 489 975 26
1 490 978 26
0 491 982 26
1 492 984 26
2 493 985 26
1 494 987 26
0 495 988 26
1 496 991 26
2 497 992 26
1 498 993 26
0 499 997 27
1 500 999 27
0 501 1000 27
0 502 1000 27
