#data counter step time
2 1 0 0
1 2 3 0
0 3 4 0
1 4 5 0
0 5 8 0
1 6 9 0
0 7 12 1
1 8 14 1
0 9 15 1
1 10 16 1
0 11 21 1
1 12 22 1
0 13 24 1
1 14 26 1
0 15 27 1
1 16 29 1
2 17 31 2
1 18 35 2
0 19 36 2
1 20 37 2
2 21 40 2
1 22 43 2
0 23 45 2
1 24 47 2
2 25 49 2
1 26 51 2
0 27 52 2
1 28 53 2
2 29 54 2
1 30 55 2
2 31 56 2
1 32 62 2
0 33 63 2
1 34 64 2
0 35 68 2
1 36 71 2
0 37 72 2
1 38 73 2
0 39 75 2
1 40 78 2
0 41 80 2
1 42 81 2
0 43 83 2
1 44 87 2
0 45 88 2
1 46 89 2
0 47 91 2
1 48 93 2
0 49 94 2
1 50 95 2
0 51 96 2
1 52 98 2
2 53 103 3
1 54 106 3
2 55 107 3
1 56 110 4
2 57 111 4
1 58 114 4
2 59 116 4
1 60 117 4
0 61 119 4
1 62 121 4
2 63 122 4
1 64 124 4
0 65 125 4
1 66 128 4
2 67 132 5
1 68 134 5
2 69 135 5
1 70 137 5
0 71 140 5
1 72 143 5
2 73 144 5
1 74 145 5
2 75 146 5
1 76 148 5
0 77 151 5
1 78 152 5
2 79 155 6
1 80 158 6
2 81 160 7
1 82 163 7
0 83 164 7
1 84 165 7
2 85 166 7
1 86 170 8
2 87 172 8
1 88 175 8
2 89 176 8
1 90 180 8
0 91 181 8
1 92 184 8
2 93 188 8
1 94 189 8
0 95 191 8
1 96 192 8
0 97 193 8
1 98 194 8
0 99 195 8
1 100 198 8
0 101 200 8
1 102 201 8
2 103 203 8
1 104 207 9
0 105 209 9
1 106 210 9
2 107 212 9
1 108 213 9
0 109 216 9
1 110 217 9
0 111 222 9
1 112 223 9
0 113 224 9
1 114 233 10
2 115 234 10
1 116 237 10
0 117 240 10
1 118 241 10
0 119 242 10
1 120 245 10
0 121 247 10
1 122 249 10
2 123 251 10
1 124 252 10
0 125 253 10
1 126 254 10
0 127 257 10
1 128 258 10
0 129 259 10
1 130 261 10
0 131 263 10
1 132 265 10
0 133 266 10
1 134 268 10
0 135 269 10
1 136 270 10
0 137 271 10
1 138 273 10
0 139 276 10
1 140 277 10
0 141 283 11
1 142 284 11
0 143 285 11
1 144 289 11
0 145 292 11
1 146 296 11
2 147 297 11
1 148 300 11
0 149 301 11
1 150 302 11
0 151 303 11
1 152 305 12
2 153 306 12
1 154 307 12
2 155 309 12
1 156 313 12
2 157 316 12
1 158 317 12
2 159 319 12
1 160 320 12
0 161 321 12
1 162 322 12
2 163 323 12
1 164 326 12
2 165 327 12
1 166 328 12
2 167 332 12
1 168 334 12
0 169 337 12
1 170 338 12
0 171 340 12
1 172 343 12
2 173 344 12
1 174 345 12
0 175 348 12
1 176 352 12
0 177 353 12
1 178 354 12
0 179 358 12
1 180 361 12
2 181 362 12
1 182 363 12
0 183 366 12
1 184 367 12
0 185 369 12
1 186 370 12
0 187 372 12
1 188 373 12
2 189 375 13
1 190 377 13
2 191 378 13
1 192 381 13
2 193 385 13
1 194 386 13
2 195 387 13
1 196 390 13
2 197 391 13
1 198 395 13
2 199 396 13
1 200 397 13
0 201 399 13
1 202 400 13
2 203 403 13
1 204 404 13
0 205 408 13
1 206 410 13
0 207 413 13
1 208 414 13
0 209 415 13
1 210 425 14
0 211 428 14
1 212 429 14
0 213 431 14
1 214 432 14
0 215 434 14
1 216 437 14
0 217 438 14
1 218 441 14
0 219 443 14
1 220 444 14
2 221 445 14
1 222 446 14
2 223 447 14
1 224 448 14
2 225 449 14
1 226 454 14
2 227 458 14
1 228 459 14
0 229 460 14
1 230 461 14
0 231 462 14
1 232 465 14
0 233 466 14
1 234 467 14
2 235 469 14
1 236 471 14
0 237 472 14
1 238 474 14
2 239 475 14
1 240 476 14
2 241 477 14
1 242 482 15
2 243 483 15
1 244 488 15
0 245 490 15
1 246 492 15
0 247 495 15
1 248 496 15
0 249 498 15
1 250 505 16
0 251 506 16
1 252 508 16
0 253 509 16
1 254 511 16
2 255 513 16
1 256 514 16
2 257 515 16
1 258 516 16
2 259 518 16
1 260 520 16
0 261 521 16
1 262 523 16
2 263 531 16
1 264 535 16
0 265 536 16
1 266 537 17
0 267 540 17
1 268 541 17
2 269 542 17
1 270 545 17
0 271 546 17
1 272 547 17
0 273 548 17
1 274 549 17
2 275 550 17
1 276 551 17
2 277 552 17
1 278 553 17
0 279 556 17
1 280 557 17
2 281 558 17
1 282 560 17
0 283 561 17
1 284 562 17
2 285 563 17
1 286 572 18
0 287 573 18
1 288 575 18
0 289 577 18
1 290 585 19
2 291 586 19
1 292 588 19
2 293 589 19
1 294 592 19
0 295 596 19
1 296 597 19
0 297 600 19
1 298 601 19
2 299 604 19
1 300 606 19
2 301 608 19
1 302 611 19
0 303 612 19
1 304 613 19
0 305 615 19
1 306 616 19
2 307 618 19
1 308 620 19
2 309 621 19
1 310 623 19
0 311 624 19
1 312 625 19
0 313 627 19
1 314 628 19
0 315 629 19
1 316 630 19
0 317 632 19
1 318 633 19
0 319 634 19
1 320 635 19
2 321 640 20
1 322 644 20
0 323 645 20
1 324 646 20
0 325 647 20
1 326 649 20
2 327 651 21
1 328 654 21
2 329 655 21
1 330 661 21
0 331 662 21
1 332 663 21
0 333 665 21
1 334 666 21
0 335 667 21
1 336 669 21
2 337 670 21
1 338 674 22
2 339 675 22
1 340 680 23
0 341 682 23
1 342 683 23
2 343 686 23
1 344 691 23
0 345 693 23
1 346 695 23
0 347 698 23
1 348 700 23
2 349 701 23
1 350 705 23
0 351 706 23
1 352 708 23
0 353 712 23
1 354 713 23
0 355 714 23
1 356 717 24
0 357 718 24
1 358 721 24
2 359 722 24
1 360 725 24
2 361 727 24
1 362 728 24
2 363 729 24
1 364 731 24
0 365 732 24
1 366 735 24
0 367 738 24
1 368 741 24
0 369 742 24
1 370 745 24
0 371 746 24
1 372 748 24
0 373 749 24
1 374 750 24
0 375 753 24
1 376 754 24
0 377 759 24
1 378 760 24
0 379 762 24
1 380 764 24
0 381 765 24
1 382 766 24
0 383 767 24
1 384 769 24
0 385 771 24
1 386 773 24
0 387 774 24
1 388 776 24
0 389 778 24
1 390 779 24
0 391 780 24
1 392 781 24
0 393 782 24
1 394 784 24
2 395 787 25
1 396 791 25
2 397 792 25
1 398 793 25
2 399 794 25
1 400 798 25
2 401 799 25
1 402 802 25
2 403 803 25
1 404 805 25
2 405 807 25
1 406 808 25
2 407 809 25
1 408 817 25
0 409 818 25
1 410 819 25
0 411 820 25
1 412 829 26
0 413 831 26
1 414 833 26
2 415 834 26
1 416 835 26
0 417 839 26
1 418 841 26
0 419 843 26
1 420 845 26
0 421 847 26
1 422 849 26
0 423 850 26
1 424 852 26
0 425 856 26
1 426 857 26
0 427 859 26
1 428 861 26
0 429 864 26
1 430 865 26
0 431 868 26
1 432 869 26
0 433 872 26
1 434 873 26
0 435 876 26
1 436 877 27
0 437 879 27
1 438 881 27
2 439 882 27
1 440 886 27
2 441 887 27
1 442 889 27
2 443 890 27
1 444 894 27
2 445 895 27
1 446 896 27
0 447 899 27
1 448 901 27
2 449 903 27
1 450 905 27
0 451 906 27
1 452 908 27
2 453 911 27
1 454 914 27
0 455 915 27
1 456 917 27
0 457 918 27
1 458 919 27
2 459 921 27
1 460 923 27
2 461 925 27
1 462 931 27
0 463 932 27
1 464 933 27
0 465 935 27
1 466 937 27
0 467 940 27
1 468 941 27
0 469 944 27
1 470 945 27
0 471 947 27
1 472 949 28
2 473 950 28
1 474 954 28
2 475 955 28
1 476 956 28
0 477 958 28
1 478 961 28
2 479 964 28
1 480 967 28
2 481 968 28
1 482 969 28
2 483 970 28
1 484 973 28
0 485 974 28
1 486 977 28
0 487 978 28
1 488 979 28
2 489 980 28
1 490 981 28
0 491 982 28
1 492 987 28
2 493 988 28
1 494 989 28
0 495 990 28
1 496 991 28
0 497 992 28
1 498 993 28
0 499 995 28
1 500 996 28
0 501 998 28
1 502 1000 28
1 503 1000 28
